[2010-05-27 06:02:41] Start
                      Release: 0.5.0 alpha
[2010-05-27 06:03:07] count=1 min=00:00:00 avg=00:00:00 max=00:00:00
[2010-05-27 06:03:07] count=2 min=00:00:00 avg=00:00:00.007813 max=00:00:00.015626
[2010-05-27 06:03:07] count=3 min=00:00:00 avg=00:00:00.020834 max=00:00:00.046876
[2010-05-27 06:03:08] count=4 min=00:00:00 avg=00:00:00.019531 max=00:00:00.046876
[2010-05-27 06:03:08] count=5 min=00:00:00 avg=00:00:00.015625 max=00:00:00.046876
[2010-05-27 06:03:09] count=6 min=00:00:00 avg=00:00:00.013021 max=00:00:00.046876
[2010-05-27 06:03:11] count=7 min=00:00:00 avg=00:00:00.011161 max=00:00:00.046876
[2010-05-27 06:03:11] count=8 min=00:00:00 avg=00:00:00.009765 max=00:00:00.046876
[2010-05-27 06:03:13] count=9 min=00:00:00 avg=00:00:00.008680 max=00:00:00.046876
[2010-05-27 06:03:16] count=10 min=00:00:00 avg=00:00:00.007812 max=00:00:00.046876
[2010-05-27 06:03:16] count=11 min=00:00:00 avg=00:00:00.007102 max=00:00:00.046876
[2010-05-27 06:03:17] count=12 min=00:00:00 avg=00:00:00.006510 max=00:00:00.046876
[2010-05-27 06:03:19] count=13 min=00:00:00 avg=00:00:00.006009 max=00:00:00.046876
[2010-05-27 06:03:19] count=14 min=00:00:00 avg=00:00:00.005580 max=00:00:00.046876
[2010-05-27 06:03:19] count=15 min=00:00:00 avg=00:00:00.005208 max=00:00:00.046876
[2010-05-27 06:03:21] count=16 min=00:00:00 avg=00:00:00.004882 max=00:00:00.046876
[2010-05-27 06:03:23] count=17 min=00:00:00 avg=00:00:00.004595 max=00:00:00.046876
[2010-05-27 06:03:25] count=18 min=00:00:00 avg=00:00:00.004340 max=00:00:00.046876
[2010-05-27 06:03:25] count=19 min=00:00:00 avg=00:00:00.004934 max=00:00:00.046876
[2010-05-27 06:03:26] count=20 min=00:00:00 avg=00:00:00.004687 max=00:00:00.046876
[2010-05-27 06:03:28] count=21 min=00:00:00 avg=00:00:00.004464 max=00:00:00.046876
[2010-05-27 06:03:28] count=22 min=00:00:00 avg=00:00:00.004261 max=00:00:00.046876
[2010-05-27 06:03:30] count=23 min=00:00:00 avg=00:00:00.004755 max=00:00:00.046876
[2010-05-27 06:03:32] count=24 min=00:00:00 avg=00:00:00.004557 max=00:00:00.046876
[2010-05-27 06:03:34] count=25 min=00:00:00 avg=00:00:00.004375 max=00:00:00.046876
[2010-05-27 06:03:35] count=26 min=00:00:00 avg=00:00:00.004206 max=00:00:00.046876
[2010-05-27 06:03:35] count=27 min=00:00:00 avg=00:00:00.004051 max=00:00:00.046876
[2010-05-27 06:03:38] count=28 min=00:00:00 avg=00:00:00.003906 max=00:00:00.046876
[2010-05-27 06:03:39] count=29 min=00:00:00 avg=00:00:00.003771 max=00:00:00.046876
[2010-05-27 06:03:41] count=30 min=00:00:00 avg=00:00:00.003645 max=00:00:00.046876
[2010-05-27 06:03:41] count=31 min=00:00:00 avg=00:00:00.003528 max=00:00:00.046876
[2010-05-27 06:03:43] count=32 min=00:00:00 avg=00:00:00.003906 max=00:00:00.046876
[2010-05-27 06:03:44] count=33 min=00:00:00 avg=00:00:00.003788 max=00:00:00.046876
[2010-05-27 06:03:44] count=34 min=00:00:00 avg=00:00:00.003676 max=00:00:00.046876
[2010-05-27 06:03:46] count=35 min=00:00:00 avg=00:00:00.004017 max=00:00:00.046876
[2010-05-27 06:03:48] count=36 min=00:00:00 avg=00:00:00.003906 max=00:00:00.046876
[2010-05-27 06:03:48] count=37 min=00:00:00 avg=00:00:00.004223 max=00:00:00.046876
[2010-05-27 06:03:48] count=38 min=00:00:00 avg=00:00:00.004111 max=00:00:00.046876
[2010-05-27 06:03:49] count=39 min=00:00:00 avg=00:00:00.004006 max=00:00:00.046876
[2010-05-27 06:03:51] count=40 min=00:00:00 avg=00:00:00.003906 max=00:00:00.046876
[2010-05-27 06:03:51] count=41 min=00:00:00 avg=00:00:00.003811 max=00:00:00.046876
[2010-05-27 06:03:52] count=42 min=00:00:00 avg=00:00:00.003720 max=00:00:00.046876
[2010-05-27 06:03:54] count=43 min=00:00:00 avg=00:00:00.003633 max=00:00:00.046876
[2010-05-27 06:03:56] count=44 min=00:00:00 avg=00:00:00.003551 max=00:00:00.046876
[2010-05-27 06:03:57] count=45 min=00:00:00 avg=00:00:00.003819 max=00:00:00.046876
[2010-05-27 06:03:59] count=46 min=00:00:00 avg=00:00:00.003736 max=00:00:00.046876
[2010-05-27 06:04:01] count=47 min=00:00:00 avg=00:00:00.003657 max=00:00:00.046876
[2010-05-27 06:04:02] count=48 min=00:00:00 avg=00:00:00.003580 max=00:00:00.046876
[2010-05-27 06:04:04] count=49 min=00:00:00 avg=00:00:00.003507 max=00:00:00.046876
[2010-05-27 06:04:06] count=50 min=00:00:00 avg=00:00:00.003437 max=00:00:00.046876
[2010-05-27 06:04:07] count=51 min=00:00:00 avg=00:00:00.003370 max=00:00:00.046876
[2010-05-27 06:04:09] count=52 min=00:00:00 avg=00:00:00.003305 max=00:00:00.046876
[2010-05-27 06:04:11] count=53 min=00:00:00 avg=00:00:00.003243 max=00:00:00.046876
[2010-05-27 06:04:13] count=54 min=00:00:00 avg=00:00:00.003182 max=00:00:00.046876
[2010-05-27 06:04:15] count=55 min=00:00:00 avg=00:00:00.003125 max=00:00:00.046876
[2010-05-27 06:04:16] count=56 min=00:00:00 avg=00:00:00.003069 max=00:00:00.046876
[2010-05-27 06:04:18] count=57 min=00:00:00 avg=00:00:00.003015 max=00:00:00.046876
[2010-05-27 06:04:18] count=58 min=00:00:00 avg=00:00:00.002963 max=00:00:00.046876
[2010-05-27 06:04:20] count=59 min=00:00:00 avg=00:00:00.002913 max=00:00:00.046876
[2010-05-27 06:04:20] count=60 min=00:00:00 avg=00:00:00.003125 max=00:00:00.046876
[2010-05-27 06:04:20] count=61 min=00:00:00 avg=00:00:00.003073 max=00:00:00.046876
[2010-05-27 06:04:20] count=62 min=00:00:00 avg=00:00:00.003024 max=00:00:00.046876
[2010-05-27 06:04:20] count=63 min=00:00:00 avg=00:00:00.002976 max=00:00:00.046876
[2010-05-27 06:04:21] count=64 min=00:00:00 avg=00:00:00.003173 max=00:00:00.046876
[2010-05-27 06:04:22] count=65 min=00:00:00 avg=00:00:00.003125 max=00:00:00.046876
[2010-05-27 06:04:23] count=66 min=00:00:00 avg=00:00:00.003077 max=00:00:00.046876
[2010-05-27 06:04:25] count=67 min=00:00:00 avg=00:00:00.003265 max=00:00:00.046876
[2010-05-27 06:04:25] count=68 min=00:00:00 avg=00:00:00.003217 max=00:00:00.046876
[2010-05-27 06:04:25] count=69 min=00:00:00 avg=00:00:00.003396 max=00:00:00.046876
[2010-05-27 06:04:26] count=70 min=00:00:00 avg=00:00:00.003348 max=00:00:00.046876
[2010-05-27 06:04:28] count=71 min=00:00:00 avg=00:00:00.003521 max=00:00:00.046876
[2010-05-27 06:04:29] count=72 min=00:00:00 avg=00:00:00.003472 max=00:00:00.046876
[2010-05-27 06:04:29] count=73 min=00:00:00 avg=00:00:00.003424 max=00:00:00.046876
[2010-05-27 06:04:31] count=74 min=00:00:00 avg=00:00:00.003378 max=00:00:00.046876
[2010-05-27 06:04:32] count=75 min=00:00:00 avg=00:00:00.003333 max=00:00:00.046876
[2010-05-27 06:04:34] count=76 min=00:00:00 avg=00:00:00.003289 max=00:00:00.046876
[2010-05-27 06:04:36] count=77 min=00:00:00 avg=00:00:00.003246 max=00:00:00.046876
[2010-05-27 06:04:38] count=78 min=00:00:00 avg=00:00:00.003205 max=00:00:00.046876
[2010-05-27 06:04:39] count=79 min=00:00:00 avg=00:00:00.003164 max=00:00:00.046876
[2010-05-27 06:04:41] count=80 min=00:00:00 avg=00:00:00.003320 max=00:00:00.046876
[2010-05-27 06:04:42] count=81 min=00:00:00 avg=00:00:00.003665 max=00:00:00.046876
[2010-05-27 06:04:42] count=82 min=00:00:00 avg=00:00:00.003811 max=00:00:00.046876
[2010-05-27 06:04:44] count=83 min=00:00:00 avg=00:00:00.003953 max=00:00:00.046876
[2010-05-27 06:04:46] count=84 min=00:00:00 avg=00:00:00.003906 max=00:00:00.046876
[2010-05-27 06:04:47] count=85 min=00:00:00 avg=00:00:00.003860 max=00:00:00.046876
[2010-05-27 06:04:49] count=86 min=00:00:00 avg=00:00:00.003997 max=00:00:00.046876
[2010-05-27 06:04:51] count=87 min=00:00:00 avg=00:00:00.004130 max=00:00:00.046876
[2010-05-27 06:04:52] count=88 min=00:00:00 avg=00:00:00.004261 max=00:00:00.046876
[2010-05-27 06:04:54] count=89 min=00:00:00 avg=00:00:00.004213 max=00:00:00.046876
[2010-05-27 06:04:54] count=90 min=00:00:00 avg=00:00:00.004166 max=00:00:00.046876
[2010-05-27 06:04:55] count=91 min=00:00:00 avg=00:00:00.004292 max=00:00:00.046876
[2010-05-27 06:04:57] count=92 min=00:00:00 avg=00:00:00.004246 max=00:00:00.046876
[2010-05-27 06:04:59] count=93 min=00:00:00 avg=00:00:00.004200 max=00:00:00.046876
[2010-05-27 06:04:59] count=94 min=00:00:00 avg=00:00:00.004321 max=00:00:00.046876
[2010-05-27 06:05:00] count=95 min=00:00:00 avg=00:00:00.004276 max=00:00:00.046876
[2010-05-27 06:05:00] count=96 min=00:00:00 avg=00:00:00.004231 max=00:00:00.046876
[2010-05-27 06:05:01] count=97 min=00:00:00 avg=00:00:00.004188 max=00:00:00.046876
[2010-05-27 06:05:02] count=98 min=00:00:00 avg=00:00:00.004145 max=00:00:00.046876
[2010-05-27 06:05:02] count=99 min=00:00:00 avg=00:00:00.004103 max=00:00:00.046876
[2010-05-27 06:05:03] count=100 min=00:00:00 avg=00:00:00.004062 max=00:00:00.046876
[2010-05-27 06:05:04] count=101 min=00:00:00 avg=00:00:00.004177 max=00:00:00.046876
[2010-05-27 06:05:06] count=102 min=00:00:00 avg=00:00:00.004136 max=00:00:00.046876
[2010-05-27 06:05:07] count=103 min=00:00:00 avg=00:00:00.004096 max=00:00:00.046876
[2010-05-27 06:05:08] count=104 min=00:00:00 avg=00:00:00.004056 max=00:00:00.046876
[2010-05-27 06:05:08] count=105 min=00:00:00 avg=00:00:00.004166 max=00:00:00.046876
[2010-05-27 06:05:09] count=106 min=00:00:00 avg=00:00:00.004127 max=00:00:00.046876
[2010-05-27 06:05:09] count=107 min=00:00:00 avg=00:00:00.004088 max=00:00:00.046876
[2010-05-27 06:05:09] count=108 min=00:00:00 avg=00:00:00.004051 max=00:00:00.046876
[2010-05-27 06:05:10] count=109 min=00:00:00 avg=00:00:00.004013 max=00:00:00.046876
[2010-05-27 06:05:11] count=110 min=00:00:00 avg=00:00:00.004119 max=00:00:00.046876
[2010-05-27 06:05:11] count=111 min=00:00:00 avg=00:00:00.004082 max=00:00:00.046876
[2010-05-27 06:05:12] count=112 min=00:00:00 avg=00:00:00.004045 max=00:00:00.046876
[2010-05-27 06:05:12] count=113 min=00:00:00 avg=00:00:00.004148 max=00:00:00.046876
[2010-05-27 06:05:14] count=114 min=00:00:00 avg=00:00:00.004249 max=00:00:00.046876
[2010-05-27 06:05:15] count=115 min=00:00:00 avg=00:00:00.004348 max=00:00:00.046876
[2010-05-27 06:05:16] count=116 min=00:00:00 avg=00:00:00.004310 max=00:00:00.046876
[2010-05-27 06:05:16] count=117 min=00:00:00 avg=00:00:00.004407 max=00:00:00.046876
[2010-05-27 06:05:17] count=118 min=00:00:00 avg=00:00:00.004502 max=00:00:00.046876
[2010-05-27 06:05:17] count=119 min=00:00:00 avg=00:00:00.004464 max=00:00:00.046876
[2010-05-27 06:05:18] count=120 min=00:00:00 avg=00:00:00.004427 max=00:00:00.046876
[2010-05-27 06:05:19] count=121 min=00:00:00 avg=00:00:00.004390 max=00:00:00.046876
[2010-05-27 06:05:20] count=122 min=00:00:00 avg=00:00:00.004482 max=00:00:00.046876
[2010-05-27 06:05:22] count=123 min=00:00:00 avg=00:00:00.004573 max=00:00:00.046876
[2010-05-27 06:05:23] count=124 min=00:00:00 avg=00:00:00.004536 max=00:00:00.046876
[2010-05-27 06:05:24] count=125 min=00:00:00 avg=00:00:00.004500 max=00:00:00.046876
[2010-05-27 06:05:24] count=126 min=00:00:00 avg=00:00:00.004588 max=00:00:00.046876
[2010-05-27 06:05:25] count=127 min=00:00:00 avg=00:00:00.004675 max=00:00:00.046876
[2010-05-27 06:05:26] count=128 min=00:00:00 avg=00:00:00.004760 max=00:00:00.046876
[2010-05-27 06:05:27] count=129 min=00:00:00 avg=00:00:00.004845 max=00:00:00.046876
[2010-05-27 06:05:28] count=130 min=00:00:00 avg=00:00:00.004807 max=00:00:00.046876
[2010-05-27 06:05:29] count=131 min=00:00:00 avg=00:00:00.004771 max=00:00:00.046876
[2010-05-27 06:05:29] count=132 min=00:00:00 avg=00:00:00.004735 max=00:00:00.046876
[2010-05-27 06:05:29] count=133 min=00:00:00 avg=00:00:00.004699 max=00:00:00.046876
[2010-05-27 06:05:30] count=134 min=00:00:00 avg=00:00:00.004780 max=00:00:00.046876
[2010-05-27 06:05:31] count=135 min=00:00:00 avg=00:00:00.004745 max=00:00:00.046876
[2010-05-27 06:05:31] count=136 min=00:00:00 avg=00:00:00.004710 max=00:00:00.046876
[2010-05-27 06:05:32] count=137 min=00:00:00 avg=00:00:00.004676 max=00:00:00.046876
[2010-05-27 06:05:33] count=138 min=00:00:00 avg=00:00:00.004755 max=00:00:00.046876
[2010-05-27 06:05:34] count=139 min=00:00:00 avg=00:00:00.004833 max=00:00:00.046876
[2010-05-27 06:05:35] count=140 min=00:00:00 avg=00:00:00.004799 max=00:00:00.046876
[2010-05-27 06:05:36] count=141 min=00:00:00 avg=00:00:00.004876 max=00:00:00.046876
[2010-05-27 06:05:37] count=142 min=00:00:00 avg=00:00:00.004841 max=00:00:00.046876
[2010-05-27 06:05:37] count=143 min=00:00:00 avg=00:00:00.004807 max=00:00:00.046876
[2010-05-27 06:05:37] count=144 min=00:00:00 avg=00:00:00.004774 max=00:00:00.046876
[2010-05-27 06:05:37] count=145 min=00:00:00 avg=00:00:00.004849 max=00:00:00.046876
[2010-05-27 06:05:37] count=146 min=00:00:00 avg=00:00:00.004816 max=00:00:00.046876
[2010-05-27 06:05:39] count=147 min=00:00:00 avg=00:00:00.004783 max=00:00:00.046876
[2010-05-27 06:05:41] count=148 min=00:00:00 avg=00:00:00.004856 max=00:00:00.046876
[2010-05-27 06:05:42] count=149 min=00:00:00 avg=00:00:00.004823 max=00:00:00.046876
[2010-05-27 06:05:43] count=150 min=00:00:00 avg=00:00:00.004896 max=00:00:00.046876
[2010-05-27 06:05:44] count=151 min=00:00:00 avg=00:00:00.004967 max=00:00:00.046876
[2010-05-27 06:05:45] count=152 min=00:00:00 avg=00:00:00.004934 max=00:00:00.046876
[2010-05-27 06:05:45] count=153 min=00:00:00 avg=00:00:00.005004 max=00:00:00.046876
[2010-05-27 06:05:46] count=154 min=00:00:00 avg=00:00:00.005073 max=00:00:00.046876
[2010-05-27 06:05:47] count=155 min=00:00:00 avg=00:00:00.005040 max=00:00:00.046876
[2010-05-27 06:05:48] count=156 min=00:00:00 avg=00:00:00.005008 max=00:00:00.046876
[2010-05-27 06:05:49] count=157 min=00:00:00 avg=00:00:00.004976 max=00:00:00.046876
[2010-05-27 06:05:50] count=158 min=00:00:00 avg=00:00:00.005043 max=00:00:00.046876
[2010-05-27 06:05:51] count=159 min=00:00:00 avg=00:00:00.005011 max=00:00:00.046876
[2010-05-27 06:05:51] count=160 min=00:00:00 avg=00:00:00.004980 max=00:00:00.046876
[2010-05-27 06:05:51] count=161 min=00:00:00 avg=00:00:00.004949 max=00:00:00.046876
[2010-05-27 06:05:52] count=162 min=00:00:00 avg=00:00:00.005015 max=00:00:00.046876
[2010-05-27 06:05:52] count=163 min=00:00:00 avg=00:00:00.004984 max=00:00:00.046876
[2010-05-27 06:05:53] count=164 min=00:00:00 avg=00:00:00.004954 max=00:00:00.046876
[2010-05-27 06:05:54] count=165 min=00:00:00 avg=00:00:00.004924 max=00:00:00.046876
[2010-05-27 06:05:54] count=166 min=00:00:00 avg=00:00:00.004894 max=00:00:00.046876
[2010-05-27 06:05:55] count=167 min=00:00:00 avg=00:00:00.004958 max=00:00:00.046876
[2010-05-27 06:05:56] count=168 min=00:00:00 avg=00:00:00.004929 max=00:00:00.046876
[2010-05-27 06:05:57] count=169 min=00:00:00 avg=00:00:00.004900 max=00:00:00.046876
[2010-05-27 06:05:58] count=170 min=00:00:00 avg=00:00:00.004871 max=00:00:00.046876
[2010-05-27 06:06:00] count=171 min=00:00:00 avg=00:00:00.004842 max=00:00:00.046876
[2010-05-27 06:06:01] count=172 min=00:00:00 avg=00:00:00.004814 max=00:00:00.046876
[2010-05-27 06:06:01] count=173 min=00:00:00 avg=00:00:00.004787 max=00:00:00.046876
[2010-05-27 06:06:01] count=174 min=00:00:00 avg=00:00:00.004849 max=00:00:00.046876
[2010-05-27 06:06:03] count=175 min=00:00:00 avg=00:00:00.004821 max=00:00:00.046876
[2010-05-27 06:06:05] count=176 min=00:00:00 avg=00:00:00.004794 max=00:00:00.046876
[2010-05-27 06:06:07] count=177 min=00:00:00 avg=00:00:00.004767 max=00:00:00.046876
[2010-05-27 06:06:09] count=178 min=00:00:00 avg=00:00:00.004740 max=00:00:00.046876
[2010-05-27 06:06:09] count=179 min=00:00:00 avg=00:00:00.004713 max=00:00:00.046876
[2010-05-27 06:06:10] count=180 min=00:00:00 avg=00:00:00.004687 max=00:00:00.046876
[2010-05-27 06:06:12] count=181 min=00:00:00 avg=00:00:00.004661 max=00:00:00.046876
[2010-05-27 06:06:14] count=182 min=00:00:00 avg=00:00:00.004722 max=00:00:00.046876
[2010-05-27 06:06:15] count=183 min=00:00:00 avg=00:00:00.004696 max=00:00:00.046876
[2010-05-27 06:06:17] count=184 min=00:00:00 avg=00:00:00.004670 max=00:00:00.046876
[2010-05-27 06:06:19] count=185 min=00:00:00 avg=00:00:00.004645 max=00:00:00.046876
[2010-05-27 06:06:20] count=186 min=00:00:00 avg=00:00:00.004620 max=00:00:00.046876
[2010-05-27 06:06:22] count=187 min=00:00:00 avg=00:00:00.004595 max=00:00:00.046876
[2010-05-27 06:06:24] count=188 min=00:00:00 avg=00:00:00.004571 max=00:00:00.046876
[2010-05-27 06:06:25] count=189 min=00:00:00 avg=00:00:00.004629 max=00:00:00.046876
[2010-05-27 06:06:27] count=190 min=00:00:00 avg=00:00:00.004605 max=00:00:00.046876
[2010-05-27 06:06:27] count=191 min=00:00:00 avg=00:00:00.004581 max=00:00:00.046876
[2010-05-27 06:06:29] count=192 min=00:00:00 avg=00:00:00.004638 max=00:00:00.046876
[2010-05-27 06:06:31] count=193 min=00:00:00 avg=00:00:00.004614 max=00:00:00.046876
[2010-05-27 06:06:31] count=194 min=00:00:00 avg=00:00:00.004591 max=00:00:00.046876
[2010-05-27 06:06:32] count=195 min=00:00:00 avg=00:00:00.004567 max=00:00:00.046876
[2010-05-27 06:06:34] count=196 min=00:00:00 avg=00:00:00.004544 max=00:00:00.046876
[2010-05-27 06:06:36] count=197 min=00:00:00 avg=00:00:00.004600 max=00:00:00.046876
[2010-05-27 06:06:36] count=198 min=00:00:00 avg=00:00:00.004577 max=00:00:00.046876
[2010-05-27 06:06:37] count=199 min=00:00:00 avg=00:00:00.004554 max=00:00:00.046876
[2010-05-27 06:06:37] count=200 min=00:00:00 avg=00:00:00.004531 max=00:00:00.046876
[2010-05-27 06:06:40] count=201 min=00:00:00 avg=00:00:00.004508 max=00:00:00.046876
[2010-05-27 06:06:42] count=202 min=00:00:00 avg=00:00:00.004563 max=00:00:00.046876
[2010-05-27 06:06:44] count=203 min=00:00:00 avg=00:00:00.004541 max=00:00:00.046876
[2010-05-27 06:06:46] count=204 min=00:00:00 avg=00:00:00.004519 max=00:00:00.046876
[2010-05-27 06:06:48] count=205 min=00:00:00 avg=00:00:00.004497 max=00:00:00.046876
[2010-05-27 06:06:49] count=206 min=00:00:00 avg=00:00:00.004475 max=00:00:00.046876
[2010-05-27 06:06:49] count=207 min=00:00:00 avg=00:00:00.004453 max=00:00:00.046876
[2010-05-27 06:06:50] count=208 min=00:00:00 avg=00:00:00.004432 max=00:00:00.046876
[2010-05-27 06:06:50] count=209 min=00:00:00 avg=00:00:00.004411 max=00:00:00.046876
[2010-05-27 06:06:51] count=210 min=00:00:00 avg=00:00:00.004390 max=00:00:00.046876
[2010-05-27 06:06:53] count=211 min=00:00:00 avg=00:00:00.004369 max=00:00:00.046876
[2010-05-27 06:06:55] count=212 min=00:00:00 avg=00:00:00.004348 max=00:00:00.046876
[2010-05-27 06:06:57] count=213 min=00:00:00 avg=00:00:00.004328 max=00:00:00.046876
[2010-05-27 06:06:57] count=214 min=00:00:00 avg=00:00:00.004380 max=00:00:00.046876
[2010-05-27 06:06:59] count=215 min=00:00:00 avg=00:00:00.004360 max=00:00:00.046876
[2010-05-27 06:06:59] count=216 min=00:00:00 avg=00:00:00.004340 max=00:00:00.046876
[2010-05-27 06:07:01] count=217 min=00:00:00 avg=00:00:00.004320 max=00:00:00.046876
[2010-05-27 06:07:03] count=218 min=00:00:00 avg=00:00:00.004300 max=00:00:00.046876
[2010-05-27 06:07:04] count=219 min=00:00:00 avg=00:00:00.004280 max=00:00:00.046876
[2010-05-27 06:07:06] count=220 min=00:00:00 avg=00:00:00.004332 max=00:00:00.046876
[2010-05-27 06:07:07] count=221 min=00:00:00 avg=00:00:00.004312 max=00:00:00.046876
[2010-05-27 06:07:09] count=222 min=00:00:00 avg=00:00:00.004293 max=00:00:00.046876
[2010-05-27 06:07:09] count=223 min=00:00:00 avg=00:00:00.004274 max=00:00:00.046876
[2010-05-27 06:07:09] count=224 min=00:00:00 avg=00:00:00.004255 max=00:00:00.046876
[2010-05-27 06:07:09] count=225 min=00:00:00 avg=00:00:00.004236 max=00:00:00.046876
[2010-05-27 06:07:11] count=226 min=00:00:00 avg=00:00:00.004217 max=00:00:00.046876
[2010-05-27 06:07:12] count=227 min=00:00:00 avg=00:00:00.004267 max=00:00:00.046876
[2010-05-27 06:07:14] count=228 min=00:00:00 avg=00:00:00.004249 max=00:00:00.046876
[2010-05-27 06:07:14] count=229 min=00:00:00 avg=00:00:00.004230 max=00:00:00.046876
[2010-05-27 06:07:16] count=230 min=00:00:00 avg=00:00:00.004280 max=00:00:00.046876
[2010-05-27 06:08:14] count=231 min=00:00:00 avg=00:00:00.004329 max=00:00:00.046876
[2010-05-27 06:08:15] count=232 min=00:00:00 avg=00:00:00.004310 max=00:00:00.046876
[2010-05-27 06:08:16] count=233 min=00:00:00 avg=00:00:00.004291 max=00:00:00.046876
[2010-05-27 06:08:17] count=234 min=00:00:00 avg=00:00:00.004340 max=00:00:00.046876
[2010-05-27 06:08:18] count=235 min=00:00:00 avg=00:00:00.004321 max=00:00:00.046876
[2010-05-27 06:08:19] count=236 min=00:00:00 avg=00:00:00.004436 max=00:00:00.046876
[2010-05-27 06:08:20] count=237 min=00:00:00 avg=00:00:00.004483 max=00:00:00.046876
[2010-05-27 06:08:21] count=238 min=00:00:00 avg=00:00:00.004464 max=00:00:00.046876
[2010-05-27 06:08:23] count=239 min=00:00:00 avg=00:00:00.004445 max=00:00:00.046876
[2010-05-27 06:08:24] count=240 min=00:00:00 avg=00:00:00.004427 max=00:00:00.046876
[2010-05-27 06:08:25] count=241 min=00:00:00 avg=00:00:00.004538 max=00:00:00.046876
[2010-05-27 06:08:26] count=242 min=00:00:00 avg=00:00:00.004584 max=00:00:00.046876
[2010-05-27 06:08:27] count=243 min=00:00:00 avg=00:00:00.004565 max=00:00:00.046876
[2010-05-27 06:08:28] count=244 min=00:00:00 avg=00:00:00.004546 max=00:00:00.046876
[2010-05-27 06:08:28] count=245 min=00:00:00 avg=00:00:00.004591 max=00:00:00.046876
[2010-05-27 06:08:28] count=246 min=00:00:00 avg=00:00:00.004636 max=00:00:00.046876
[2010-05-27 06:08:29] count=247 min=00:00:00 avg=00:00:00.004681 max=00:00:00.046876
[2010-05-27 06:08:30] count=248 min=00:00:00 avg=00:00:00.004662 max=00:00:00.046876
[2010-05-27 06:08:30] count=249 min=00:00:00 avg=00:00:00.004643 max=00:00:00.046876
[2010-05-27 06:08:31] count=250 min=00:00:00 avg=00:00:00.004625 max=00:00:00.046876
[2010-05-27 06:08:31] count=251 min=00:00:00 avg=00:00:00.004731 max=00:00:00.046876
[2010-05-27 06:08:32] count=252 min=00:00:00 avg=00:00:00.004774 max=00:00:00.046876
[2010-05-27 06:08:33] count=253 min=00:00:00 avg=00:00:00.004755 max=00:00:00.046876
[2010-05-27 06:08:34] count=254 min=00:00:00 avg=00:00:00.004736 max=00:00:00.046876
[2010-05-27 06:08:34] count=255 min=00:00:00 avg=00:00:00.004779 max=00:00:00.046876
[2010-05-27 06:08:34] count=256 min=00:00:00 avg=00:00:00.004821 max=00:00:00.046876
[2010-05-27 06:08:35] count=257 min=00:00:00 avg=00:00:00.004803 max=00:00:00.046876
[2010-05-27 06:08:36] count=258 min=00:00:00 avg=00:00:00.004784 max=00:00:00.046876
[2010-05-27 06:08:37] count=259 min=00:00:00 avg=00:00:00.004826 max=00:00:00.046876
[2010-05-27 06:08:39] count=260 min=00:00:00 avg=00:00:00.004807 max=00:00:00.046876
[2010-05-27 06:09:41] count=261 min=00:00:00 avg=00:00:00.004789 max=00:00:00.046876
[2010-05-27 06:09:42] count=262 min=00:00:00 avg=00:00:00.004830 max=00:00:00.046876
[2010-05-27 06:09:43] count=263 min=00:00:00 avg=00:00:00.004812 max=00:00:00.046876
[2010-05-27 06:09:44] count=264 min=00:00:00 avg=00:00:00.004853 max=00:00:00.046876
[2010-05-27 06:09:46] count=265 min=00:00:00 avg=00:00:00.004835 max=00:00:00.046876
[2010-05-27 06:09:47] count=266 min=00:00:00 avg=00:00:00.004875 max=00:00:00.046876
[2010-05-27 06:09:48] count=267 min=00:00:00 avg=00:00:00.004857 max=00:00:00.046876
[2010-05-27 06:09:48] count=268 min=00:00:00 avg=00:00:00.004839 max=00:00:00.046876
[2010-05-27 06:09:49] count=269 min=00:00:00 avg=00:00:00.004821 max=00:00:00.046876
[2010-05-27 06:09:50] count=270 min=00:00:00 avg=00:00:00.004803 max=00:00:00.046876
[2010-05-27 06:09:50] count=271 min=00:00:00 avg=00:00:00.004843 max=00:00:00.046876
[2010-05-27 06:09:51] count=272 min=00:00:00 avg=00:00:00.004825 max=00:00:00.046876
[2010-05-27 06:09:51] count=273 min=00:00:00 avg=00:00:00.004865 max=00:00:00.046876
[2010-05-27 06:09:52] count=274 min=00:00:00 avg=00:00:00.004904 max=00:00:00.046876
[2010-05-27 06:09:52] count=275 min=00:00:00 avg=00:00:00.004886 max=00:00:00.046876
[2010-05-27 06:09:54] count=276 min=00:00:00 avg=00:00:00.004868 max=00:00:00.046876
[2010-05-27 06:09:55] count=277 min=00:00:00 avg=00:00:00.004851 max=00:00:00.046876
[2010-05-27 06:09:56] count=278 min=00:00:00 avg=00:00:00.004889 max=00:00:00.046876
[2010-05-27 06:09:56] count=279 min=00:00:00 avg=00:00:00.004872 max=00:00:00.046876
[2010-05-27 06:09:56] count=280 min=00:00:00 avg=00:00:00.004910 max=00:00:00.046876
[2010-05-27 06:09:58] count=281 min=00:00:00 avg=00:00:00.004948 max=00:00:00.046876
[2010-05-27 06:09:59] count=282 min=00:00:00 avg=00:00:00.004931 max=00:00:00.046876
[2010-05-27 06:10:00] count=283 min=00:00:00 avg=00:00:00.004969 max=00:00:00.046876
[2010-05-27 06:10:01] count=284 min=00:00:00 avg=00:00:00.004951 max=00:00:00.046876
[2010-05-27 06:10:02] count=285 min=00:00:00 avg=00:00:00.004934 max=00:00:00.046876
[2010-05-27 06:10:03] count=286 min=00:00:00 avg=00:00:00.004917 max=00:00:00.046876
[2010-05-27 06:10:03] count=287 min=00:00:00 avg=00:00:00.004954 max=00:00:00.046876
[2010-05-27 06:10:03] count=288 min=00:00:00 avg=00:00:00.004991 max=00:00:00.046876
[2010-05-27 06:10:04] count=289 min=00:00:00 avg=00:00:00.005028 max=00:00:00.046876
[2010-05-27 06:10:05] count=290 min=00:00:00 avg=00:00:00.005118 max=00:00:00.046876
[2010-05-27 06:10:06] count=291 min=00:00:00 avg=00:00:00.005101 max=00:00:00.046876
[2010-05-27 06:10:06] count=292 min=00:00:00 avg=00:00:00.005137 max=00:00:00.046876
[2010-05-27 06:10:07] count=293 min=00:00:00 avg=00:00:00.005119 max=00:00:00.046876
[2010-05-27 06:10:07] count=294 min=00:00:00 avg=00:00:00.005102 max=00:00:00.046876
[2010-05-27 06:13:14] Break
