[2010-05-27 06:43:48] Start
                      Release: 0.5.0 alpha
[2010-05-27 06:45:48] count=1 min=00:00:00 avg=00:00:00 max=00:00:00
[2010-05-27 06:45:48] count=2 min=00:00:00 avg=00:00:00 max=00:00:00
[2010-05-27 06:45:48] count=3 min=00:00:00 avg=00:00:00.005208 max=00:00:00.015625
[2010-05-27 06:45:49] count=4 min=00:00:00 avg=00:00:00.003906 max=00:00:00.015625
[2010-05-27 06:45:50] count=5 min=00:00:00 avg=00:00:00.003125 max=00:00:00.015625
[2010-05-27 06:45:52] count=6 min=00:00:00 avg=00:00:00.002604 max=00:00:00.015625
[2010-05-27 06:45:52] count=7 min=00:00:00 avg=00:00:00.004464 max=00:00:00.015625
[2010-05-27 06:45:54] count=8 min=00:00:00 avg=00:00:00.003906 max=00:00:00.015625
[2010-05-27 06:45:56] count=9 min=00:00:00 avg=00:00:00.003472 max=00:00:00.015625
[2010-05-27 06:45:56] count=10 min=00:00:00 avg=00:00:00.003125 max=00:00:00.015625
[2010-05-27 06:45:58] count=11 min=00:00:00 avg=00:00:00.002840 max=00:00:00.015625
[2010-05-27 06:46:00] count=12 min=00:00:00 avg=00:00:00.002604 max=00:00:00.015625
[2010-05-27 06:46:00] count=13 min=00:00:00 avg=00:00:00.002403 max=00:00:00.015625
[2010-05-27 06:46:00] count=14 min=00:00:00 avg=00:00:00.002232 max=00:00:00.015625
[2010-05-27 06:46:02] count=15 min=00:00:00 avg=00:00:00.003125 max=00:00:00.015625
[2010-05-27 06:46:03] count=16 min=00:00:00 avg=00:00:00.003906 max=00:00:00.015626
[2010-05-27 06:46:05] count=17 min=00:00:00 avg=00:00:00.003676 max=00:00:00.015626
[2010-05-27 06:46:05] count=18 min=00:00:00 avg=00:00:00.003472 max=00:00:00.015626
[2010-05-27 06:46:07] count=19 min=00:00:00 avg=00:00:00.003289 max=00:00:00.015626
[2010-05-27 06:46:08] count=20 min=00:00:00 avg=00:00:00.003125 max=00:00:00.015626
[2010-05-27 06:46:08] count=21 min=00:00:00 avg=00:00:00.002976 max=00:00:00.015626
[2010-05-27 06:46:10] count=22 min=00:00:00 avg=00:00:00.002840 max=00:00:00.015626
[2010-05-27 06:46:12] count=23 min=00:00:00 avg=00:00:00.002717 max=00:00:00.015626
[2010-05-27 06:46:14] count=24 min=00:00:00 avg=00:00:00.003255 max=00:00:00.015626
[2010-05-27 06:46:15] count=25 min=00:00:00 avg=00:00:00.003125 max=00:00:00.015626
[2010-05-27 06:46:15] count=26 min=00:00:00 avg=00:00:00.003004 max=00:00:00.015626
[2010-05-27 06:46:17] count=27 min=00:00:00 avg=00:00:00.002893 max=00:00:00.015626
[2010-05-27 06:46:19] count=28 min=00:00:00 avg=00:00:00.002790 max=00:00:00.015626
[2010-05-27 06:46:21] count=29 min=00:00:00 avg=00:00:00.002694 max=00:00:00.015626
[2010-05-27 06:46:21] count=30 min=00:00:00 avg=00:00:00.002604 max=00:00:00.015626
[2010-05-27 06:46:22] count=31 min=00:00:00 avg=00:00:00.002520 max=00:00:00.015626
[2010-05-27 06:46:24] count=32 min=00:00:00 avg=00:00:00.002441 max=00:00:00.015626
[2010-05-27 06:46:24] count=33 min=00:00:00 avg=00:00:00.002367 max=00:00:00.015626
[2010-05-27 06:46:26] count=34 min=00:00:00 avg=00:00:00.002757 max=00:00:00.015626
[2010-05-27 06:46:27] count=35 min=00:00:00 avg=00:00:00.002678 max=00:00:00.015626
[2010-05-27 06:46:27] count=36 min=00:00:00 avg=00:00:00.002604 max=00:00:00.015626
[2010-05-27 06:46:27] count=37 min=00:00:00 avg=00:00:00.002533 max=00:00:00.015626
[2010-05-27 06:46:29] count=38 min=00:00:00 avg=00:00:00.002467 max=00:00:00.015626
[2010-05-27 06:46:30] count=39 min=00:00:00 avg=00:00:00.002403 max=00:00:00.015626
[2010-05-27 06:46:30] count=40 min=00:00:00 avg=00:00:00.002343 max=00:00:00.015626
[2010-05-27 06:46:32] count=41 min=00:00:00 avg=00:00:00.002667 max=00:00:00.015626
[2010-05-27 06:46:33] count=42 min=00:00:00 avg=00:00:00.002976 max=00:00:00.015626
[2010-05-27 06:46:35] count=43 min=00:00:00 avg=00:00:00.003270 max=00:00:00.015626
[2010-05-27 06:46:36] count=44 min=00:00:00 avg=00:00:00.003196 max=00:00:00.015626
[2010-05-27 06:46:38] count=45 min=00:00:00 avg=00:00:00.003125 max=00:00:00.015626
[2010-05-27 06:46:40] count=46 min=00:00:00 avg=00:00:00.003057 max=00:00:00.015626
[2010-05-27 06:46:41] count=47 min=00:00:00 avg=00:00:00.002992 max=00:00:00.015626
[2010-05-27 06:46:43] count=48 min=00:00:00 avg=00:00:00.002929 max=00:00:00.015626
[2010-05-27 06:46:44] count=49 min=00:00:00 avg=00:00:00.002869 max=00:00:00.015626
[2010-05-27 06:46:46] count=50 min=00:00:00 avg=00:00:00.002812 max=00:00:00.015626
[2010-05-27 06:46:48] count=51 min=00:00:00 avg=00:00:00.002757 max=00:00:00.015626
[2010-05-27 06:46:49] count=52 min=00:00:00 avg=00:00:00.002704 max=00:00:00.015626
[2010-05-27 06:46:51] count=53 min=00:00:00 avg=00:00:00.002653 max=00:00:00.015626
[2010-05-27 06:46:53] count=54 min=00:00:00 avg=00:00:00.002604 max=00:00:00.015626
[2010-05-27 06:46:54] count=55 min=00:00:00 avg=00:00:00.002840 max=00:00:00.015626
[2010-05-27 06:46:56] count=56 min=00:00:00 avg=00:00:00.002790 max=00:00:00.015626
[2010-05-27 06:46:56] count=57 min=00:00:00 avg=00:00:00.002741 max=00:00:00.015626
[2010-05-27 06:46:57] count=58 min=00:00:00 avg=00:00:00.002694 max=00:00:00.015626
[2010-05-27 06:46:58] count=59 min=00:00:00 avg=00:00:00.002648 max=00:00:00.015626
[2010-05-27 06:46:59] count=60 min=00:00:00 avg=00:00:00.002604 max=00:00:00.015626
[2010-05-27 06:47:00] count=61 min=00:00:00 avg=00:00:00.002817 max=00:00:00.015626
[2010-05-27 06:47:01] count=62 min=00:00:00 avg=00:00:00.002772 max=00:00:00.015626
[2010-05-27 06:47:02] count=63 min=00:00:00 avg=00:00:00.002728 max=00:00:00.015626
[2010-05-27 06:47:03] count=64 min=00:00:00 avg=00:00:00.002685 max=00:00:00.015626
[2010-05-27 06:47:03] count=65 min=00:00:00 avg=00:00:00.002644 max=00:00:00.015626
[2010-05-27 06:47:03] count=66 min=00:00:00 avg=00:00:00.002604 max=00:00:00.015626
[2010-05-27 06:47:04] count=67 min=00:00:00 avg=00:00:00.002798 max=00:00:00.015626
[2010-05-27 06:47:05] count=68 min=00:00:00 avg=00:00:00.002757 max=00:00:00.015626
[2010-05-27 06:47:05] count=69 min=00:00:00 avg=00:00:00.002943 max=00:00:00.015626
[2010-05-27 06:47:06] count=70 min=00:00:00 avg=00:00:00.002901 max=00:00:00.015626
[2010-05-27 06:47:07] count=71 min=00:00:00 avg=00:00:00.003081 max=00:00:00.015626
[2010-05-27 06:47:08] count=72 min=00:00:00 avg=00:00:00.003038 max=00:00:00.015626
[2010-05-27 06:47:08] count=73 min=00:00:00 avg=00:00:00.003210 max=00:00:00.015626
[2010-05-27 06:47:08] count=74 min=00:00:00 avg=00:00:00.003167 max=00:00:00.015626
[2010-05-27 06:47:08] count=75 min=00:00:00 avg=00:00:00.003125 max=00:00:00.015626
[2010-05-27 06:47:09] count=76 min=00:00:00 avg=00:00:00.003083 max=00:00:00.015626
[2010-05-27 06:47:10] count=77 min=00:00:00 avg=00:00:00.003043 max=00:00:00.015626
[2010-05-27 06:47:10] count=78 min=00:00:00 avg=00:00:00.003004 max=00:00:00.015626
[2010-05-27 06:47:11] count=79 min=00:00:00 avg=00:00:00.003164 max=00:00:00.015626
[2010-05-27 06:47:12] count=80 min=00:00:00 avg=00:00:00.003125 max=00:00:00.015626
[2010-05-27 06:47:13] count=81 min=00:00:00 avg=00:00:00.003086 max=00:00:00.015626
[2010-05-27 06:47:14] count=82 min=00:00:00 avg=00:00:00.003048 max=00:00:00.015626
[2010-05-27 06:47:15] count=83 min=00:00:00 avg=00:00:00.003200 max=00:00:00.015626
[2010-05-27 06:47:16] count=84 min=00:00:00 avg=00:00:00.003162 max=00:00:00.015626
[2010-05-27 06:47:17] count=85 min=00:00:00 avg=00:00:00.003125 max=00:00:00.015626
[2010-05-27 06:47:18] count=86 min=00:00:00 avg=00:00:00.003270 max=00:00:00.015626
[2010-05-27 06:47:19] count=87 min=00:00:00 avg=00:00:00.003232 max=00:00:00.015626
[2010-05-27 06:47:20] count=88 min=00:00:00 avg=00:00:00.003196 max=00:00:00.015626
[2010-05-27 06:47:20] count=89 min=00:00:00 avg=00:00:00.003160 max=00:00:00.015626
[2010-05-27 06:47:21] count=90 min=00:00:00 avg=00:00:00.003125 max=00:00:00.015626
[2010-05-27 06:47:22] count=91 min=00:00:00 avg=00:00:00.003090 max=00:00:00.015626
[2010-05-27 06:47:23] count=92 min=00:00:00 avg=00:00:00.003226 max=00:00:00.015626
[2010-05-27 06:47:23] count=93 min=00:00:00 avg=00:00:00.003192 max=00:00:00.015626
[2010-05-27 06:47:23] count=94 min=00:00:00 avg=00:00:00.003158 max=00:00:00.015626
[2010-05-27 06:47:24] count=95 min=00:00:00 avg=00:00:00.003125 max=00:00:00.015626
[2010-05-27 06:47:25] count=96 min=00:00:00 avg=00:00:00.003092 max=00:00:00.015626
[2010-05-27 06:47:26] count=97 min=00:00:00 avg=00:00:00.003221 max=00:00:00.015626
[2010-05-27 06:47:27] count=98 min=00:00:00 avg=00:00:00.003188 max=00:00:00.015626
[2010-05-27 06:47:28] count=99 min=00:00:00 avg=00:00:00.003156 max=00:00:00.015626
[2010-05-27 06:47:29] count=100 min=00:00:00 avg=00:00:00.003125 max=00:00:00.015626
[2010-05-27 06:47:30] count=101 min=00:00:00 avg=00:00:00.003094 max=00:00:00.015626
[2010-05-27 06:47:31] count=102 min=00:00:00 avg=00:00:00.003216 max=00:00:00.015626
[2010-05-27 06:47:32] count=103 min=00:00:00 avg=00:00:00.003185 max=00:00:00.015626
[2010-05-27 06:47:33] count=104 min=00:00:00 avg=00:00:00.003155 max=00:00:00.015626
[2010-05-27 06:47:33] count=105 min=00:00:00 avg=00:00:00.003273 max=00:00:00.015626
[2010-05-27 06:47:33] count=106 min=00:00:00 avg=00:00:00.003242 max=00:00:00.015626
[2010-05-27 06:47:57] Break
