[2010-05-27 06:44:06] Start
[2010-05-27 06:44:07] read_reply
                      count=1 min=00:00:00 avg=00:00:00 max=00:00:00
[2010-05-27 06:44:07] read_header
                      count=1 min=00:00:00.046875 avg=00:00:00.046875 max=00:00:00.046875
[2010-05-27 06:44:07] read_body
                      count=1 min=00:00:00 avg=00:00:00 max=00:00:00
[2010-05-27 06:44:07] get
                      count=1 min=00:00:00.062500 avg=00:00:00.062500 max=00:00:00.062500
[2010-05-27 06:44:07] read_reply
                      count=2 min=00:00:00 avg=00:00:00 max=00:00:00
[2010-05-27 06:44:07] read_header
                      count=2 min=00:00:00 avg=00:00:00.023437 max=00:00:00.046875
[2010-05-27 06:44:07] read_body
                      count=2 min=00:00:00 avg=00:00:00 max=00:00:00
[2010-05-27 06:44:07] get
                      count=2 min=00:00:00.015625 avg=00:00:00.039062 max=00:00:00.062500
[2010-05-27 06:44:07] read_reply
                      count=3 min=00:00:00 avg=00:00:00.005208 max=00:00:00.015625
[2010-05-27 06:44:07] read_header
                      count=3 min=00:00:00 avg=00:00:00.015625 max=00:00:00.046875
[2010-05-27 06:44:07] get
                      count=3 min=00:00:00.015625 avg=00:00:00.031250 max=00:00:00.062500
[2010-05-27 06:44:07] read_reply
                      count=4 min=00:00:00 avg=00:00:00.011718 max=00:00:00.031250
[2010-05-27 06:44:07] read_header
                      count=4 min=00:00:00 avg=00:00:00.011718 max=00:00:00.046875
[2010-05-27 06:44:07] read_body
                      count=3 min=00:00:00 avg=00:00:00 max=00:00:00
[2010-05-27 06:44:07] get
                      count=4 min=00:00:00.015625 avg=00:00:00.039062 max=00:00:00.062500
[2010-05-27 06:44:07] read_reply
                      count=5 min=00:00:00 avg=00:00:00.009375 max=00:00:00.031250
[2010-05-27 06:44:07] read_header
                      count=5 min=00:00:00 avg=00:00:00.009375 max=00:00:00.046875
[2010-05-27 06:44:08] read_body
                      count=4 min=00:00:00 avg=00:00:00.296875 max=00:00:01.187500
[2010-05-27 06:44:08] get
                      count=5 min=00:00:00.015625 avg=00:00:00.278125 max=00:00:01.234375
[2010-05-27 06:44:08] load_file
                      count=1 min=00:00:01.234375 avg=00:00:01.234375 max=00:00:01.234375
[2010-05-27 06:44:08] read_reply
                      count=6 min=00:00:00 avg=00:00:00.007812 max=00:00:00.031250
[2010-05-27 06:44:08] read_header
                      count=6 min=00:00:00 avg=00:00:00.007812 max=00:00:00.046875
[2010-05-27 06:44:10] read_body
                      count=5 min=00:00:00 avg=00:00:00.615625 max=00:00:01.890625
[2010-05-27 06:44:10] get
                      count=6 min=00:00:00.015625 avg=00:00:00.546875 max=00:00:01.890625
[2010-05-27 06:44:10] load_file
                      count=2 min=00:00:01.234375 avg=00:00:01.570312 max=00:00:01.906250
[2010-05-27 06:44:10] read_reply
                      count=7 min=00:00:00 avg=00:00:00.006696 max=00:00:00.031250
[2010-05-27 06:44:10] read_header
                      count=7 min=00:00:00 avg=00:00:00.006696 max=00:00:00.046875
[2010-05-27 06:44:10] read_body
                      count=6 min=00:00:00 avg=00:00:00.513020 max=00:00:01.890625
[2010-05-27 06:44:10] get
                      count=7 min=00:00:00.015625 avg=00:00:00.470982 max=00:00:01.890625
[2010-05-27 06:44:10] load_file
                      count=3 min=00:00:00.015625 avg=00:00:01.052083 max=00:00:01.906250
[2010-05-27 06:44:10] read_reply
                      count=8 min=00:00:00 avg=00:00:00.005859 max=00:00:00.031250
[2010-05-27 06:44:10] read_header
                      count=8 min=00:00:00 avg=00:00:00.005859 max=00:00:00.046875
[2010-05-27 06:44:12] read_body
                      count=7 min=00:00:00 avg=00:00:00.734375 max=00:00:02.062500
[2010-05-27 06:44:12] get
                      count=8 min=00:00:00.015625 avg=00:00:00.673828 max=00:00:02.093750
[2010-05-27 06:44:12] load_file
                      count=4 min=00:00:00.015625 avg=00:00:01.312500 max=00:00:02.093750
[2010-05-27 06:44:12] read_reply
                      count=9 min=00:00:00 avg=00:00:00.005208 max=00:00:00.031250
[2010-05-27 06:44:12] read_header
                      count=9 min=00:00:00 avg=00:00:00.005208 max=00:00:00.046875
[2010-05-27 06:44:14] read_body
                      count=8 min=00:00:00 avg=00:00:00.878906 max=00:00:02.062500
[2010-05-27 06:44:14] get
                      count=9 min=00:00:00.015625 avg=00:00:00.810763 max=00:00:02.093750
[2010-05-27 06:44:14] load_file
                      count=5 min=00:00:00.015625 avg=00:00:01.431250 max=00:00:02.093750
[2010-05-27 06:44:14] read_reply
                      count=10 min=00:00:00 avg=00:00:00.004687 max=00:00:00.031250
[2010-05-27 06:44:14] read_header
                      count=10 min=00:00:00 avg=00:00:00.004687 max=00:00:00.046875
[2010-05-27 06:44:14] read_body
                      count=9 min=00:00:00 avg=00:00:00.781250 max=00:00:02.062500
[2010-05-27 06:44:14] get
                      count=10 min=00:00:00.015625 avg=00:00:00.731250 max=00:00:02.093750
[2010-05-27 06:44:14] load_file
                      count=6 min=00:00:00.015625 avg=00:00:01.195312 max=00:00:02.093750
[2010-05-27 06:44:14] read_reply
                      count=11 min=00:00:00 avg=00:00:00.004261 max=00:00:00.031250
[2010-05-27 06:44:14] read_header
                      count=11 min=00:00:00 avg=00:00:00.004261 max=00:00:00.046875
[2010-05-27 06:44:16] read_body
                      count=10 min=00:00:00 avg=00:00:00.890625 max=00:00:02.062500
[2010-05-27 06:44:16] get
                      count=11 min=00:00:00.015625 avg=00:00:00.835227 max=00:00:02.093750
[2010-05-27 06:44:16] load_file
                      count=7 min=00:00:00.015625 avg=00:00:01.292410 max=00:00:02.093750
[2010-05-27 06:44:16] read_reply
                      count=12 min=00:00:00 avg=00:00:00.003906 max=00:00:00.031250
[2010-05-27 06:44:16] read_header
                      count=12 min=00:00:00 avg=00:00:00.003906 max=00:00:00.046875
[2010-05-27 06:44:18] read_body
                      count=11 min=00:00:00 avg=00:00:00.981534 max=00:00:02.062500
[2010-05-27 06:44:18] get
                      count=12 min=00:00:00.015625 avg=00:00:00.924479 max=00:00:02.093750
[2010-05-27 06:44:18] load_file
                      count=8 min=00:00:00.015625 avg=00:00:01.369140 max=00:00:02.093750
[2010-05-27 06:44:18] read_reply
                      count=13 min=00:00:00 avg=00:00:00.003605 max=00:00:00.031250
[2010-05-27 06:44:18] read_header
                      count=13 min=00:00:00 avg=00:00:00.003605 max=00:00:00.046875
[2010-05-27 06:44:18] read_body
                      count=12 min=00:00:00 avg=00:00:00.899739 max=00:00:02.062500
[2010-05-27 06:44:18] get
                      count=13 min=00:00:00.015625 avg=00:00:00.854567 max=00:00:02.093750
[2010-05-27 06:44:18] load_file
                      count=9 min=00:00:00.015625 avg=00:00:01.218750 max=00:00:02.093750
[2010-05-27 06:44:18] read_reply
                      count=14 min=00:00:00 avg=00:00:00.003348 max=00:00:00.031250
[2010-05-27 06:44:18] read_header
                      count=14 min=00:00:00 avg=00:00:00.003348 max=00:00:00.046875
[2010-05-27 06:44:18] read_body
                      count=13 min=00:00:00 avg=00:00:00.830528 max=00:00:02.062500
[2010-05-27 06:44:18] get
                      count=14 min=00:00:00.015625 avg=00:00:00.794642 max=00:00:02.093750
[2010-05-27 06:44:18] load_file
                      count=10 min=00:00:00.015625 avg=00:00:01.098437 max=00:00:02.093750
[2010-05-27 06:44:18] read_reply
                      count=15 min=00:00:00 avg=00:00:00.003125 max=00:00:00.031250
[2010-05-27 06:44:18] read_header
                      count=15 min=00:00:00 avg=00:00:00.003125 max=00:00:00.046875
[2010-05-27 06:44:20] read_body
                      count=14 min=00:00:00 avg=00:00:00.918526 max=00:00:02.062500
[2010-05-27 06:44:20] get
                      count=15 min=00:00:00.015625 avg=00:00:00.879166 max=00:00:02.093750
[2010-05-27 06:44:20] load_file
                      count=11 min=00:00:00.015625 avg=00:00:01.186079 max=00:00:02.093750
[2010-05-27 06:44:20] read_reply
                      count=16 min=00:00:00 avg=00:00:00.002929 max=00:00:00.031250
[2010-05-27 06:44:20] read_header
                      count=16 min=00:00:00 avg=00:00:00.002929 max=00:00:00.046875
[2010-05-27 06:44:22] read_body
                      count=15 min=00:00:00 avg=00:00:00.963541 max=00:00:02.062500
[2010-05-27 06:44:22] get
                      count=16 min=00:00:00.015625 avg=00:00:00.924804 max=00:00:02.093750
[2010-05-27 06:44:22] load_file
                      count=12 min=00:00:00.015625 avg=00:00:01.221354 max=00:00:02.093750
[2010-05-27 06:44:22] read_reply
                      count=17 min=00:00:00 avg=00:00:00.002757 max=00:00:00.031250
[2010-05-27 06:44:22] read_header
                      count=17 min=00:00:00 avg=00:00:00.002757 max=00:00:00.046875
[2010-05-27 06:44:23] read_body
                      count=16 min=00:00:00 avg=00:00:00.996093 max=00:00:02.062500
[2010-05-27 06:44:23] get
                      count=17 min=00:00:00.015625 avg=00:00:00.958639 max=00:00:02.093750
[2010-05-27 06:44:23] load_file
                      count=13 min=00:00:00.015625 avg=00:00:01.242788 max=00:00:02.093750
[2010-05-27 06:44:23] read_reply
                      count=18 min=00:00:00 avg=00:00:00.002604 max=00:00:00.031250
[2010-05-27 06:44:23] read_header
                      count=18 min=00:00:00 avg=00:00:00.002604 max=00:00:00.046875
[2010-05-27 06:44:23] read_body
                      count=17 min=00:00:00 avg=00:00:00.937500 max=00:00:02.062500
[2010-05-27 06:44:23] get
                      count=18 min=00:00:00.015625 avg=00:00:00.906250 max=00:00:02.093750
[2010-05-27 06:44:23] load_file
                      count=14 min=00:00:00.015625 avg=00:00:01.155133 max=00:00:02.093750
[2010-05-27 06:44:23] read_reply
                      count=19 min=00:00:00 avg=00:00:00.002467 max=00:00:00.031250
[2010-05-27 06:44:23] read_header
                      count=19 min=00:00:00 avg=00:00:00.002467 max=00:00:00.046875
[2010-05-27 06:44:25] read_body
                      count=18 min=00:00:00 avg=00:00:00.983506 max=00:00:02.062500
[2010-05-27 06:44:25] get
                      count=19 min=00:00:00.015625 avg=00:00:00.952302 max=00:00:02.093750
[2010-05-27 06:44:25] load_file
                      count=15 min=00:00:00.015625 avg=00:00:01.196875 max=00:00:02.093750
[2010-05-27 06:44:25] read_reply
                      count=20 min=00:00:00 avg=00:00:00.002343 max=00:00:00.031250
[2010-05-27 06:44:25] read_header
                      count=20 min=00:00:00 avg=00:00:00.002343 max=00:00:00.046875
[2010-05-27 06:44:27] read_body
                      count=19 min=00:00:00 avg=00:00:01.020559 max=00:00:02.062500
[2010-05-27 06:44:27] get
                      count=20 min=00:00:00.015625 avg=00:00:00.989843 max=00:00:02.093750
[2010-05-27 06:44:27] load_file
                      count=16 min=00:00:00.015625 avg=00:00:01.228515 max=00:00:02.093750
[2010-05-27 06:44:27] read_reply
                      count=21 min=00:00:00 avg=00:00:00.002232 max=00:00:00.031250
[2010-05-27 06:44:27] read_header
                      count=21 min=00:00:00 avg=00:00:00.002232 max=00:00:00.046875
[2010-05-27 06:44:27] read_body
                      count=20 min=00:00:00 avg=00:00:00.969531 max=00:00:02.062500
[2010-05-27 06:44:27] get
                      count=21 min=00:00:00.015625 avg=00:00:00.943452 max=00:00:02.093750
[2010-05-27 06:44:27] load_file
                      count=17 min=00:00:00.015625 avg=00:00:01.157169 max=00:00:02.093750
[2010-05-27 06:44:27] read_reply
                      count=22 min=00:00:00 avg=00:00:00.002130 max=00:00:00.031250
[2010-05-27 06:44:27] read_header
                      count=22 min=00:00:00 avg=00:00:00.002130 max=00:00:00.046875
[2010-05-27 06:44:29] read_body
                      count=21 min=00:00:00 avg=00:00:01.022321 max=00:00:02.078125
[2010-05-27 06:44:29] get
                      count=22 min=00:00:00.015625 avg=00:00:00.995028 max=00:00:02.093750
[2010-05-27 06:44:29] load_file
                      count=18 min=00:00:00.015625 avg=00:00:01.208333 max=00:00:02.093750
[2010-05-27 06:44:29] read_reply
                      count=23 min=00:00:00 avg=00:00:00.002038 max=00:00:00.031250
[2010-05-27 06:44:29] read_header
                      count=23 min=00:00:00 avg=00:00:00.002038 max=00:00:00.046875
[2010-05-27 06:44:31] read_body
                      count=22 min=00:00:00 avg=00:00:01.048295 max=00:00:02.078125
[2010-05-27 06:44:31] get
                      count=23 min=00:00:00.015625 avg=00:00:01.021739 max=00:00:02.093750
[2010-05-27 06:44:31] load_file
                      count=19 min=00:00:00.015625 avg=00:00:01.229440 max=00:00:02.093750
[2010-05-27 06:44:31] read_reply
                      count=24 min=00:00:00 avg=00:00:00.001953 max=00:00:00.031250
[2010-05-27 06:44:31] read_header
                      count=24 min=00:00:00 avg=00:00:00.001953 max=00:00:00.046875
[2010-05-27 06:44:32] read_body
                      count=23 min=00:00:00 avg=00:00:01.072010 max=00:00:02.078125
[2010-05-27 06:44:32] get
                      count=24 min=00:00:00.015625 avg=00:00:01.045572 max=00:00:02.093750
[2010-05-27 06:44:32] load_file
                      count=20 min=00:00:00.015625 avg=00:00:01.248437 max=00:00:02.093750
[2010-05-27 06:44:32] read_reply
                      count=25 min=00:00:00 avg=00:00:00.001875 max=00:00:00.031250
[2010-05-27 06:44:32] read_header
                      count=25 min=00:00:00 avg=00:00:00.001875 max=00:00:00.046875
[2010-05-27 06:44:34] read_body
                      count=24 min=00:00:00 avg=00:00:01.093750 max=00:00:02.078125
[2010-05-27 06:44:34] get
                      count=25 min=00:00:00.015625 avg=00:00:01.068125 max=00:00:02.093750
[2010-05-27 06:44:34] load_file
                      count=21 min=00:00:00.015625 avg=00:00:01.265625 max=00:00:02.093750
[2010-05-27 06:44:34] read_reply
                      count=26 min=00:00:00 avg=00:00:00.001802 max=00:00:00.031250
[2010-05-27 06:44:34] read_header
                      count=26 min=00:00:00 avg=00:00:00.001802 max=00:00:00.046875
[2010-05-27 06:44:34] read_body
                      count=25 min=00:00:00 avg=00:00:01.050000 max=00:00:02.078125
[2010-05-27 06:44:34] get
                      count=26 min=00:00:00.015625 avg=00:00:01.027644 max=00:00:02.093750
[2010-05-27 06:44:34] load_file
                      count=22 min=00:00:00.015625 avg=00:00:01.208806 max=00:00:02.093750
[2010-05-27 06:44:34] read_reply
                      count=27 min=00:00:00 avg=00:00:00.001736 max=00:00:00.031250
[2010-05-27 06:44:34] read_header
                      count=27 min=00:00:00 avg=00:00:00.001736 max=00:00:00.046875
[2010-05-27 06:44:36] read_body
                      count=26 min=00:00:00 avg=00:00:01.089543 max=00:00:02.078125
[2010-05-27 06:44:36] get
                      count=27 min=00:00:00.015625 avg=00:00:01.066550 max=00:00:02.093750
[2010-05-27 06:44:36] load_file
                      count=23 min=00:00:00.015625 avg=00:00:01.246603 max=00:00:02.093750
[2010-05-27 06:44:36] read_reply
                      count=28 min=00:00:00 avg=00:00:00.001674 max=00:00:00.031250
[2010-05-27 06:44:36] read_header
                      count=28 min=00:00:00 avg=00:00:00.001674 max=00:00:00.046875
[2010-05-27 06:44:38] read_body
                      count=27 min=00:00:00 avg=00:00:01.119212 max=00:00:02.078125
[2010-05-27 06:44:38] get
                      count=28 min=00:00:00.015625 avg=00:00:01.096540 max=00:00:02.093750
[2010-05-27 06:44:38] load_file
                      count=24 min=00:00:00.015625 avg=00:00:01.274088 max=00:00:02.093750
[2010-05-27 06:44:38] read_reply
                      count=29 min=00:00:00 avg=00:00:00.001616 max=00:00:00.031250
[2010-05-27 06:44:38] read_header
                      count=29 min=00:00:00 avg=00:00:00.001616 max=00:00:00.046875
[2010-05-27 06:44:39] read_body
                      count=28 min=00:00:00 avg=00:00:01.132812 max=00:00:02.078125
[2010-05-27 06:44:39] get
                      count=29 min=00:00:00.015625 avg=00:00:01.110452 max=00:00:02.093750
[2010-05-27 06:44:39] load_file
                      count=25 min=00:00:00.015625 avg=00:00:01.283125 max=00:00:02.093750
[2010-05-27 06:44:39] read_reply
                      count=30 min=00:00:00 avg=00:00:00.001562 max=00:00:00.031250
[2010-05-27 06:44:39] read_header
                      count=30 min=00:00:00 avg=00:00:00.001562 max=00:00:00.046875
[2010-05-27 06:44:39] read_body
                      count=29 min=00:00:00 avg=00:00:01.093750 max=00:00:02.078125
[2010-05-27 06:44:39] get
                      count=30 min=00:00:00.015625 avg=00:00:01.073958 max=00:00:02.093750
[2010-05-27 06:44:39] load_file
                      count=26 min=00:00:00.015625 avg=00:00:01.234375 max=00:00:02.093750
[2010-05-27 06:44:39] read_reply
                      count=31 min=00:00:00 avg=00:00:00.001512 max=00:00:00.031250
[2010-05-27 06:44:39] read_header
                      count=31 min=00:00:00 avg=00:00:00.001512 max=00:00:00.046875
[2010-05-27 06:44:41] read_body
                      count=30 min=00:00:00 avg=00:00:01.113020 max=00:00:02.078125
[2010-05-27 06:44:41] get
                      count=31 min=00:00:00.015625 avg=00:00:01.093245 max=00:00:02.093750
[2010-05-27 06:44:41] load_file
                      count=27 min=00:00:00.015625 avg=00:00:01.250578 max=00:00:02.093750
[2010-05-27 06:44:41] read_reply
                      count=32 min=00:00:00 avg=00:00:00.001464 max=00:00:00.031250
[2010-05-27 06:44:41] read_header
                      count=32 min=00:00:00 avg=00:00:00.001464 max=00:00:00.046875
[2010-05-27 06:44:43] read_body
                      count=31 min=00:00:00 avg=00:00:01.128528 max=00:00:02.078125
[2010-05-27 06:44:43] get
                      count=32 min=00:00:00.015625 avg=00:00:01.108886 max=00:00:02.093750
[2010-05-27 06:44:43] load_file
                      count=28 min=00:00:00.015625 avg=00:00:01.263392 max=00:00:02.093750
[2010-05-27 06:44:43] read_reply
                      count=33 min=00:00:00 avg=00:00:00.001420 max=00:00:00.031250
[2010-05-27 06:44:43] read_header
                      count=33 min=00:00:00 avg=00:00:00.001420 max=00:00:00.046875
[2010-05-27 06:44:43] read_body
                      count=32 min=00:00:00 avg=00:00:01.093261 max=00:00:02.078125
[2010-05-27 06:44:43] get
                      count=33 min=00:00:00.015625 avg=00:00:01.077651 max=00:00:02.093750
[2010-05-27 06:44:43] load_file
                      count=29 min=00:00:00.015625 avg=00:00:01.223060 max=00:00:02.093750
[2010-05-27 06:44:43] read_reply
                      count=34 min=00:00:00 avg=00:00:00.001378 max=00:00:00.031250
[2010-05-27 06:44:43] read_header
                      count=34 min=00:00:00 avg=00:00:00.001378 max=00:00:00.046875
[2010-05-27 06:44:44] read_body
                      count=33 min=00:00:00 avg=00:00:01.108428 max=00:00:02.078125
[2010-05-27 06:44:44] get
                      count=34 min=00:00:00.015625 avg=00:00:01.093290 max=00:00:02.093750
[2010-05-27 06:44:44] load_file
                      count=30 min=00:00:00.015625 avg=00:00:01.235937 max=00:00:02.093750
[2010-05-27 06:44:44] read_reply
                      count=35 min=00:00:00 avg=00:00:00.001339 max=00:00:00.031250
[2010-05-27 06:44:44] read_header
                      count=35 min=00:00:00 avg=00:00:00.001339 max=00:00:00.046875
[2010-05-27 06:44:46] read_body
                      count=34 min=00:00:00 avg=00:00:01.110753 max=00:00:02.078125
[2010-05-27 06:44:46] get
                      count=35 min=00:00:00.015625 avg=00:00:01.096428 max=00:00:02.093750
[2010-05-27 06:44:46] load_file
                      count=31 min=00:00:00.015625 avg=00:00:01.234879 max=00:00:02.093750
[2010-05-27 06:44:46] read_reply
                      count=36 min=00:00:00 avg=00:00:00.001302 max=00:00:00.031250
[2010-05-27 06:44:46] read_header
                      count=36 min=00:00:00 avg=00:00:00.001302 max=00:00:00.046875
[2010-05-27 06:44:46] read_body
                      count=35 min=00:00:00 avg=00:00:01.079017 max=00:00:02.078125
[2010-05-27 06:44:46] get
                      count=36 min=00:00:00 avg=00:00:01.065972 max=00:00:02.093750
[2010-05-27 06:44:46] load_file
                      count=32 min=00:00:00.015625 avg=00:00:01.196777 max=00:00:02.093750
[2010-05-27 06:44:46] read_reply
                      count=37 min=00:00:00 avg=00:00:00.001266 max=00:00:00.031250
[2010-05-27 06:44:46] read_header
                      count=37 min=00:00:00 avg=00:00:00.001266 max=00:00:00.046875
[2010-05-27 06:44:46] read_body
                      count=36 min=00:00:00 avg=00:00:01.049045 max=00:00:02.078125
[2010-05-27 06:44:46] get
                      count=37 min=00:00:00 avg=00:00:01.037584 max=00:00:02.093750
[2010-05-27 06:44:46] load_file
                      count=33 min=00:00:00.015625 avg=00:00:01.160984 max=00:00:02.093750
[2010-05-27 06:44:46] read_reply
                      count=38 min=00:00:00 avg=00:00:00.001233 max=00:00:00.031250
[2010-05-27 06:44:46] read_header
                      count=38 min=00:00:00 avg=00:00:00.001233 max=00:00:00.046875
[2010-05-27 06:44:47] read_body
                      count=37 min=00:00:00 avg=00:00:01.064611 max=00:00:02.078125
[2010-05-27 06:44:47] get
                      count=38 min=00:00:00 avg=00:00:01.053865 max=00:00:02.093750
[2010-05-27 06:44:47] load_file
                      count=34 min=00:00:00.015625 avg=00:00:01.176011 max=00:00:02.093750
[2010-05-27 06:44:47] read_reply
                      count=39 min=00:00:00 avg=00:00:00.001201 max=00:00:00.031250
[2010-05-27 06:44:47] read_header
                      count=39 min=00:00:00 avg=00:00:00.001201 max=00:00:00.046875
[2010-05-27 06:44:49] read_body
                      count=38 min=00:00:00 avg=00:00:01.078125 max=00:00:02.078125
[2010-05-27 06:44:49] get
                      count=39 min=00:00:00 avg=00:00:01.067708 max=00:00:02.093750
[2010-05-27 06:44:49] load_file
                      count=35 min=00:00:00.015625 avg=00:00:01.188392 max=00:00:02.093750
[2010-05-27 06:44:49] read_reply
                      count=40 min=00:00:00 avg=00:00:00.001171 max=00:00:00.031250
[2010-05-27 06:44:49] read_header
                      count=40 min=00:00:00 avg=00:00:00.001171 max=00:00:00.046875
[2010-05-27 06:44:49] read_body
                      count=39 min=00:00:00 avg=00:00:01.050480 max=00:00:02.078125
[2010-05-27 06:44:49] get
                      count=40 min=00:00:00 avg=00:00:01.041406 max=00:00:02.093750
[2010-05-27 06:44:49] load_file
                      count=36 min=00:00:00.015625 avg=00:00:01.155815 max=00:00:02.093750
[2010-05-27 06:44:49] read_reply
                      count=41 min=00:00:00 avg=00:00:00.001143 max=00:00:00.031250
[2010-05-27 06:44:49] read_header
                      count=41 min=00:00:00 avg=00:00:00.001143 max=00:00:00.046875
[2010-05-27 06:44:50] read_body
                      count=40 min=00:00:00 avg=00:00:01.053125 max=00:00:02.078125
[2010-05-27 06:44:50] get
                      count=41 min=00:00:00 avg=00:00:01.044969 max=00:00:02.093750
[2010-05-27 06:44:50] load_file
                      count=37 min=00:00:00.015625 avg=00:00:01.156672 max=00:00:02.093750
[2010-05-27 06:44:50] read_reply
                      count=42 min=00:00:00 avg=00:00:00.001116 max=00:00:00.031250
[2010-05-27 06:44:50] read_header
                      count=42 min=00:00:00 avg=00:00:00.001116 max=00:00:00.046875
[2010-05-27 06:44:52] read_body
                      count=41 min=00:00:00 avg=00:00:01.065929 max=00:00:02.078125
[2010-05-27 06:44:52] get
                      count=42 min=00:00:00 avg=00:00:01.058407 max=00:00:02.093750
[2010-05-27 06:44:52] load_file
                      count=38 min=00:00:00.015625 avg=00:00:01.168585 max=00:00:02.093750
[2010-05-27 06:44:52] read_reply
                      count=43 min=00:00:00 avg=00:00:00.001090 max=00:00:00.031250
[2010-05-27 06:44:52] read_header
                      count=43 min=00:00:00 avg=00:00:00.001090 max=00:00:00.046875
[2010-05-27 06:44:53] read_body
                      count=42 min=00:00:00 avg=00:00:01.078125 max=00:00:02.078125
[2010-05-27 06:44:53] get
                      count=43 min=00:00:00 avg=00:00:01.071220 max=00:00:02.093750
[2010-05-27 06:44:53] load_file
                      count=39 min=00:00:00.015625 avg=00:00:01.179887 max=00:00:02.093750
[2010-05-27 06:44:53] read_reply
                      count=44 min=00:00:00 avg=00:00:00.001065 max=00:00:00.031250
[2010-05-27 06:44:53] read_header
                      count=44 min=00:00:00 avg=00:00:00.001065 max=00:00:00.046875
[2010-05-27 06:44:55] read_body
                      count=43 min=00:00:00 avg=00:00:01.089752 max=00:00:02.078125
[2010-05-27 06:44:55] get
                      count=44 min=00:00:00 avg=00:00:01.083451 max=00:00:02.093750
[2010-05-27 06:44:55] load_file
                      count=40 min=00:00:00.015625 avg=00:00:01.190625 max=00:00:02.093750
[2010-05-27 06:44:55] read_reply
                      count=45 min=00:00:00 avg=00:00:00.001041 max=00:00:00.031250
[2010-05-27 06:44:55] read_header
                      count=45 min=00:00:00 avg=00:00:00.001041 max=00:00:00.046875
[2010-05-27 06:44:57] read_body
                      count=44 min=00:00:00 avg=00:00:01.103338 max=00:00:02.078125
[2010-05-27 06:44:57] get
                      count=45 min=00:00:00 avg=00:00:01.096875 max=00:00:02.093750
[2010-05-27 06:44:57] load_file
                      count=41 min=00:00:00.015625 avg=00:00:01.202743 max=00:00:02.093750
[2010-05-27 06:44:57] read_reply
                      count=46 min=00:00:00 avg=00:00:00.001019 max=00:00:00.031250
[2010-05-27 06:44:57] read_header
                      count=46 min=00:00:00 avg=00:00:00.001019 max=00:00:00.046875
[2010-05-27 06:44:58] read_body
                      count=45 min=00:00:00 avg=00:00:01.114236 max=00:00:02.078125
[2010-05-27 06:44:58] get
                      count=46 min=00:00:00 avg=00:00:01.107676 max=00:00:02.093750
[2010-05-27 06:44:58] load_file
                      count=42 min=00:00:00.015625 avg=00:00:01.212053 max=00:00:02.093750
[2010-05-27 06:44:58] read_reply
                      count=47 min=00:00:00 avg=00:00:00.000997 max=00:00:00.031250
[2010-05-27 06:44:58] read_header
                      count=47 min=00:00:00 avg=00:00:00.000997 max=00:00:00.046875
[2010-05-27 06:45:00] read_body
                      count=46 min=00:00:00 avg=00:00:01.124320 max=00:00:02.078125
[2010-05-27 06:45:00] get
                      count=47 min=00:00:00 avg=00:00:01.118018 max=00:00:02.093750
[2010-05-27 06:45:00] load_file
                      count=43 min=00:00:00.015625 avg=00:00:01.220930 max=00:00:02.093750
[2010-05-27 06:45:00] read_reply
                      count=48 min=00:00:00 avg=00:00:00.000976 max=00:00:00.031250
[2010-05-27 06:45:00] read_header
                      count=48 min=00:00:00 avg=00:00:00.000976 max=00:00:00.046875
[2010-05-27 06:45:02] read_body
                      count=47 min=00:00:00 avg=00:00:01.134308 max=00:00:02.078125
[2010-05-27 06:45:02] get
                      count=48 min=00:00:00 avg=00:00:01.127929 max=00:00:02.093750
[2010-05-27 06:45:02] load_file
                      count=44 min=00:00:00.015625 avg=00:00:01.229403 max=00:00:02.093750
[2010-05-27 06:45:02] read_reply
                      count=49 min=00:00:00 avg=00:00:00.000956 max=00:00:00.031250
[2010-05-27 06:45:02] read_header
                      count=49 min=00:00:00 avg=00:00:00.000956 max=00:00:00.046875
[2010-05-27 06:45:03] read_body
                      count=48 min=00:00:00 avg=00:00:01.143880 max=00:00:02.078125
[2010-05-27 06:45:03] get
                      count=49 min=00:00:00 avg=00:00:01.137436 max=00:00:02.093750
[2010-05-27 06:45:03] load_file
                      count=45 min=00:00:00.015625 avg=00:00:01.237500 max=00:00:02.093750
[2010-05-27 06:45:03] read_reply
                      count=50 min=00:00:00 avg=00:00:00.000937 max=00:00:00.031250
[2010-05-27 06:45:03] read_header
                      count=50 min=00:00:00 avg=00:00:00.000937 max=00:00:00.046875
[2010-05-27 06:45:05] read_body
                      count=49 min=00:00:00 avg=00:00:01.148596 max=00:00:02.078125
[2010-05-27 06:45:05] get
                      count=50 min=00:00:00 avg=00:00:01.142500 max=00:00:02.093750
[2010-05-27 06:45:05] load_file
                      count=46 min=00:00:00.015625 avg=00:00:01.240828 max=00:00:02.093750
[2010-05-27 06:45:05] read_reply
                      count=51 min=00:00:00 avg=00:00:00.000919 max=00:00:00.031250
[2010-05-27 06:45:05] read_header
                      count=51 min=00:00:00 avg=00:00:00.000919 max=00:00:00.046875
[2010-05-27 06:45:06] read_body
                      count=50 min=00:00:00 avg=00:00:01.157500 max=00:00:02.078125
[2010-05-27 06:45:06] get
                      count=51 min=00:00:00 avg=00:00:01.151348 max=00:00:02.093750
[2010-05-27 06:45:06] load_file
                      count=47 min=00:00:00.015625 avg=00:00:01.248337 max=00:00:02.093750
[2010-05-27 06:45:06] read_reply
                      count=52 min=00:00:00 avg=00:00:00.000901 max=00:00:00.031250
[2010-05-27 06:45:06] read_header
                      count=52 min=00:00:00 avg=00:00:00.000901 max=00:00:00.046875
[2010-05-27 06:45:08] read_body
                      count=51 min=00:00:00 avg=00:00:01.164215 max=00:00:02.078125
[2010-05-27 06:45:08] get
                      count=52 min=00:00:00 avg=00:00:01.158052 max=00:00:02.093750
[2010-05-27 06:45:08] load_file
                      count=48 min=00:00:00.015625 avg=00:00:01.253580 max=00:00:02.093750
[2010-05-27 06:45:08] read_reply
                      count=53 min=00:00:00 avg=00:00:00.000884 max=00:00:00.031250
[2010-05-27 06:45:08] read_header
                      count=53 min=00:00:00 avg=00:00:00.000884 max=00:00:00.046875
[2010-05-27 06:45:10] read_body
                      count=52 min=00:00:00 avg=00:00:01.179987 max=00:00:02.078125
[2010-05-27 06:45:10] get
                      count=53 min=00:00:00 avg=00:00:01.174233 max=00:00:02.093750
[2010-05-27 06:45:10] load_file
                      count=49 min=00:00:00.015625 avg=00:00:01.269132 max=00:00:02.093750
[2010-05-27 06:45:10] read_reply
                      count=54 min=00:00:00 avg=00:00:00.000868 max=00:00:00.031250
[2010-05-27 06:45:10] read_header
                      count=54 min=00:00:00 avg=00:00:00.000868 max=00:00:00.046875
[2010-05-27 06:45:11] read_body
                      count=53 min=00:00:00 avg=00:00:01.189563 max=00:00:02.078125
[2010-05-27 06:45:11] get
                      count=54 min=00:00:00 avg=00:00:01.184027 max=00:00:02.093750
[2010-05-27 06:45:11] load_file
                      count=50 min=00:00:00.015625 avg=00:00:01.277812 max=00:00:02.093750
[2010-05-27 06:45:11] read_reply
                      count=55 min=00:00:00 avg=00:00:00.000852 max=00:00:00.031250
[2010-05-27 06:45:11] read_header
                      count=55 min=00:00:00 avg=00:00:00.000852 max=00:00:00.046875
[2010-05-27 06:45:12] read_body
                      count=54 min=00:00:00 avg=00:00:01.185763 max=00:00:02.078125
[2010-05-27 06:45:12] get
                      count=55 min=00:00:00 avg=00:00:01.180681 max=00:00:02.093750
[2010-05-27 06:45:12] load_file
                      count=51 min=00:00:00.015625 avg=00:00:01.272671 max=00:00:02.093750
[2010-05-27 06:45:12] read_reply
                      count=56 min=00:00:00 avg=00:00:00.000837 max=00:00:00.031250
[2010-05-27 06:45:12] read_header
                      count=56 min=00:00:00 avg=00:00:00.000837 max=00:00:00.046875
[2010-05-27 06:45:15] read_body
                      count=55 min=00:00:00 avg=00:00:01.203693 max=00:00:02.171875
[2010-05-27 06:45:15] get
                      count=56 min=00:00:00 avg=00:00:01.198660 max=00:00:02.187500
[2010-05-27 06:45:15] load_file
                      count=52 min=00:00:00.015625 avg=00:00:01.290264 max=00:00:02.187500
[2010-05-27 06:45:15] read_reply
                      count=57 min=00:00:00 avg=00:00:00.000822 max=00:00:00.031250
[2010-05-27 06:45:15] read_header
                      count=57 min=00:00:00 avg=00:00:00.000822 max=00:00:00.046875
[2010-05-27 06:45:15] read_body
                      count=56 min=00:00:00 avg=00:00:01.182198 max=00:00:02.171875
[2010-05-27 06:45:15] get
                      count=57 min=00:00:00 avg=00:00:01.177905 max=00:00:02.187500
[2010-05-27 06:45:15] load_file
                      count=53 min=00:00:00.015625 avg=00:00:01.266509 max=00:00:02.187500
[2010-05-27 06:45:15] read_reply
                      count=58 min=00:00:00 avg=00:00:00.000808 max=00:00:00.031250
[2010-05-27 06:45:15] read_header
                      count=58 min=00:00:00 avg=00:00:00.000808 max=00:00:00.046875
[2010-05-27 06:45:16] read_body
                      count=57 min=00:00:00 avg=00:00:01.178179 max=00:00:02.171875
[2010-05-27 06:45:16] get
                      count=58 min=00:00:00 avg=00:00:01.174299 max=00:00:02.187500
[2010-05-27 06:45:16] load_file
                      count=54 min=00:00:00.015625 avg=00:00:01.261284 max=00:00:02.187500
[2010-05-27 06:45:16] read_reply
                      count=59 min=00:00:00 avg=00:00:00.000794 max=00:00:00.031250
[2010-05-27 06:45:16] read_header
                      count=59 min=00:00:00 avg=00:00:00.000794 max=00:00:00.046875
[2010-05-27 06:45:17] read_body
                      count=58 min=00:00:00 avg=00:00:01.174838 max=00:00:02.171875
[2010-05-27 06:45:17] get
                      count=59 min=00:00:00 avg=00:00:01.171345 max=00:00:02.187500
[2010-05-27 06:45:17] load_file
                      count=55 min=00:00:00.015625 avg=00:00:01.256534 max=00:00:02.187500
[2010-05-27 06:45:17] read_reply
                      count=60 min=00:00:00 avg=00:00:00.000781 max=00:00:00.031250
[2010-05-27 06:45:17] read_header
                      count=60 min=00:00:00 avg=00:00:00.000781 max=00:00:00.046875
[2010-05-27 06:45:18] read_body
                      count=59 min=00:00:00 avg=00:00:01.171610 max=00:00:02.171875
[2010-05-27 06:45:18] get
                      count=60 min=00:00:00 avg=00:00:01.168489 max=00:00:02.187500
[2010-05-27 06:45:18] load_file
                      count=56 min=00:00:00.015625 avg=00:00:01.251953 max=00:00:02.187500
[2010-05-27 06:45:18] read_reply
                      count=61 min=00:00:00 avg=00:00:00.000768 max=00:00:00.031250
[2010-05-27 06:45:18] read_header
                      count=61 min=00:00:00 avg=00:00:00.000768 max=00:00:00.046875
[2010-05-27 06:45:19] read_body
                      count=60 min=00:00:00 avg=00:00:01.168489 max=00:00:02.171875
[2010-05-27 06:45:19] get
                      count=61 min=00:00:00 avg=00:00:01.165471 max=00:00:02.187500
[2010-05-27 06:45:19] load_file
                      count=57 min=00:00:00.015625 avg=00:00:01.247532 max=00:00:02.187500
[2010-05-27 06:45:19] read_reply
                      count=62 min=00:00:00 avg=00:00:00.000756 max=00:00:00.031250
[2010-05-27 06:45:19] read_header
                      count=62 min=00:00:00 avg=00:00:00.000756 max=00:00:00.046875
[2010-05-27 06:45:20] read_body
                      count=61 min=00:00:00 avg=00:00:01.165215 max=00:00:02.171875
[2010-05-27 06:45:20] get
                      count=62 min=00:00:00 avg=00:00:01.162802 max=00:00:02.187500
[2010-05-27 06:45:20] load_file
                      count=58 min=00:00:00.015625 avg=00:00:01.243265 max=00:00:02.187500
[2010-05-27 06:45:20] read_reply
                      count=63 min=00:00:00 avg=00:00:00.000992 max=00:00:00.031250
[2010-05-27 06:45:20] read_header
                      count=63 min=00:00:00 avg=00:00:00.000744 max=00:00:00.046875
[2010-05-27 06:45:21] read_body
                      count=62 min=00:00:00 avg=00:00:01.162298 max=00:00:02.171875
[2010-05-27 06:45:21] get
                      count=63 min=00:00:00 avg=00:00:01.160218 max=00:00:02.187500
[2010-05-27 06:45:21] load_file
                      count=59 min=00:00:00.015625 avg=00:00:01.239406 max=00:00:02.187500
[2010-05-27 06:45:21] read_reply
                      count=64 min=00:00:00 avg=00:00:00.000976 max=00:00:00.031250
[2010-05-27 06:45:21] read_header
                      count=64 min=00:00:00 avg=00:00:00.000732 max=00:00:00.046875
[2010-05-27 06:45:22] read_body
                      count=63 min=00:00:00 avg=00:00:01.157490 max=00:00:02.171875
[2010-05-27 06:45:22] get
                      count=64 min=00:00:00 avg=00:00:01.155761 max=00:00:02.187500
[2010-05-27 06:45:22] load_file
                      count=60 min=00:00:00.015625 avg=00:00:01.233333 max=00:00:02.187500
[2010-05-27 06:45:22] read_reply
                      count=65 min=00:00:00 avg=00:00:00.000961 max=00:00:00.031250
[2010-05-27 06:45:22] read_header
                      count=65 min=00:00:00 avg=00:00:00.000721 max=00:00:00.046875
[2010-05-27 06:45:22] read_body
                      count=64 min=00:00:00 avg=00:00:01.139404 max=00:00:02.171875
[2010-05-27 06:45:22] get
                      count=65 min=00:00:00 avg=00:00:01.138221 max=00:00:02.187500
[2010-05-27 06:45:22] load_file
                      count=61 min=00:00:00.015625 avg=00:00:01.213627 max=00:00:02.187500
[2010-05-27 06:45:22] read_reply
                      count=66 min=00:00:00 avg=00:00:00.001183 max=00:00:00.031250
[2010-05-27 06:45:22] read_header
                      count=66 min=00:00:00 avg=00:00:00.000710 max=00:00:00.046875
[2010-05-27 06:45:22] read_body
                      count=65 min=00:00:00 avg=00:00:01.121875 max=00:00:02.171875
[2010-05-27 06:45:22] get
                      count=66 min=00:00:00 avg=00:00:01.121448 max=00:00:02.187500
[2010-05-27 06:45:22] load_file
                      count=62 min=00:00:00.015625 avg=00:00:01.194556 max=00:00:02.187500
[2010-05-27 06:45:22] read_reply
                      count=67 min=00:00:00 avg=00:00:00.001166 max=00:00:00.031250
[2010-05-27 06:45:22] read_header
                      count=67 min=00:00:00 avg=00:00:00.000699 max=00:00:00.046875
[2010-05-27 06:45:23] read_body
                      count=66 min=00:00:00 avg=00:00:01.118607 max=00:00:02.171875
[2010-05-27 06:45:23] get
                      count=67 min=00:00:00 avg=00:00:01.118703 max=00:00:02.187500
[2010-05-27 06:45:23] load_file
                      count=63 min=00:00:00.015625 avg=00:00:01.190476 max=00:00:02.187500
[2010-05-27 06:45:23] read_reply
                      count=68 min=00:00:00 avg=00:00:00.001148 max=00:00:00.031250
[2010-05-27 06:45:23] read_header
                      count=68 min=00:00:00 avg=00:00:00.000919 max=00:00:00.046875
[2010-05-27 06:45:24] read_body
                      count=67 min=00:00:00 avg=00:00:01.116604 max=00:00:02.171875
[2010-05-27 06:45:24] get
                      count=68 min=00:00:00 avg=00:00:01.116957 max=00:00:02.187500
[2010-05-27 06:45:24] load_file
                      count=64 min=00:00:00.015625 avg=00:00:01.187500 max=00:00:02.187500
[2010-05-27 06:45:24] read_reply
                      count=69 min=00:00:00 avg=00:00:00.001132 max=00:00:00.031250
[2010-05-27 06:45:24] read_header
                      count=69 min=00:00:00 avg=00:00:00.000905 max=00:00:00.046875
[2010-05-27 06:45:24] read_body
                      count=68 min=00:00:00 avg=00:00:01.100183 max=00:00:02.171875
[2010-05-27 06:45:24] get
                      count=69 min=00:00:00 avg=00:00:01.100769 max=00:00:02.187500
[2010-05-27 06:45:24] load_file
                      count=65 min=00:00:00.015625 avg=00:00:01.169711 max=00:00:02.187500
[2010-05-27 06:45:24] read_reply
                      count=70 min=00:00:00 avg=00:00:00.001116 max=00:00:00.031250
[2010-05-27 06:45:24] read_header
                      count=70 min=00:00:00 avg=00:00:00.000892 max=00:00:00.046875
[2010-05-27 06:45:25] read_body
                      count=69 min=00:00:00 avg=00:00:01.098052 max=00:00:02.171875
[2010-05-27 06:45:25] get
                      count=70 min=00:00:00 avg=00:00:01.098883 max=00:00:02.187500
[2010-05-27 06:45:25] load_file
                      count=66 min=00:00:00.015625 avg=00:00:01.166666 max=00:00:02.187500
[2010-05-27 06:45:25] read_reply
                      count=71 min=00:00:00 avg=00:00:00.001100 max=00:00:00.031250
[2010-05-27 06:45:25] read_header
                      count=71 min=00:00:00 avg=00:00:00.000880 max=00:00:00.046875
[2010-05-27 06:45:26] read_body
                      count=70 min=00:00:00 avg=00:00:01.096205 max=00:00:02.171875
[2010-05-27 06:45:26] get
                      count=71 min=00:00:00 avg=00:00:01.097491 max=00:00:02.187500
[2010-05-27 06:45:26] load_file
                      count=67 min=00:00:00.015625 avg=00:00:01.164179 max=00:00:02.187500
[2010-05-27 06:45:26] read_reply
                      count=72 min=00:00:00 avg=00:00:00.001085 max=00:00:00.031250
[2010-05-27 06:45:26] read_header
                      count=72 min=00:00:00 avg=00:00:00.000868 max=00:00:00.046875
[2010-05-27 06:45:27] read_body
                      count=71 min=00:00:00 avg=00:00:01.094630 max=00:00:02.171875
[2010-05-27 06:45:27] get
                      count=72 min=00:00:00 avg=00:00:01.096137 max=00:00:02.187500
[2010-05-27 06:45:27] load_file
                      count=68 min=00:00:00.015625 avg=00:00:01.161764 max=00:00:02.187500
[2010-05-27 06:45:27] read_reply
                      count=73 min=00:00:00 avg=00:00:00.001070 max=00:00:00.031250
[2010-05-27 06:45:27] read_header
                      count=73 min=00:00:00 avg=00:00:00.000856 max=00:00:00.046875
[2010-05-27 06:45:27] read_body
                      count=72 min=00:00:00 avg=00:00:01.079427 max=00:00:02.171875
[2010-05-27 06:45:27] get
                      count=73 min=00:00:00 avg=00:00:01.081335 max=00:00:02.187500
[2010-05-27 06:45:27] load_file
                      count=69 min=00:00:00.015625 avg=00:00:01.145153 max=00:00:02.187500
[2010-05-27 06:45:27] read_reply
                      count=74 min=00:00:00 avg=00:00:00.001055 max=00:00:00.031250
[2010-05-27 06:45:27] read_header
                      count=74 min=00:00:00 avg=00:00:00.000844 max=00:00:00.046875
[2010-05-27 06:45:27] read_body
                      count=73 min=00:00:00 avg=00:00:01.064640 max=00:00:02.171875
[2010-05-27 06:45:27] get
                      count=74 min=00:00:00 avg=00:00:01.066934 max=00:00:02.187500
[2010-05-27 06:45:27] load_file
                      count=70 min=00:00:00.015625 avg=00:00:01.129017 max=00:00:02.187500
[2010-05-27 06:45:27] read_reply
                      count=75 min=00:00:00 avg=00:00:00.001041 max=00:00:00.031250
[2010-05-27 06:45:27] read_header
                      count=75 min=00:00:00 avg=00:00:00.000833 max=00:00:00.046875
[2010-05-27 06:45:27] read_body
                      count=74 min=00:00:00 avg=00:00:01.050253 max=00:00:02.171875
[2010-05-27 06:45:27] get
                      count=75 min=00:00:00 avg=00:00:01.053125 max=00:00:02.187500
[2010-05-27 06:45:27] load_file
                      count=71 min=00:00:00.015625 avg=00:00:01.113556 max=00:00:02.187500
[2010-05-27 06:45:27] read_reply
                      count=76 min=00:00:00 avg=00:00:00.001027 max=00:00:00.031250
[2010-05-27 06:45:27] read_header
                      count=76 min=00:00:00 avg=00:00:00.000822 max=00:00:00.046875
[2010-05-27 06:45:28] read_body
                      count=75 min=00:00:00 avg=00:00:01.049583 max=00:00:02.171875
[2010-05-27 06:45:28] get
                      count=76 min=00:00:00 avg=00:00:01.052425 max=00:00:02.187500
[2010-05-27 06:45:28] load_file
                      count=72 min=00:00:00.015625 avg=00:00:01.111979 max=00:00:02.187500
[2010-05-27 06:45:28] read_reply
                      count=77 min=00:00:00 avg=00:00:00.001014 max=00:00:00.031250
[2010-05-27 06:45:28] read_header
                      count=77 min=00:00:00 avg=00:00:00.000811 max=00:00:00.046875
[2010-05-27 06:45:29] read_body
                      count=76 min=00:00:00 avg=00:00:01.048725 max=00:00:02.171875
[2010-05-27 06:45:29] get
                      count=77 min=00:00:00 avg=00:00:01.051745 max=00:00:02.187500
[2010-05-27 06:45:29] load_file
                      count=73 min=00:00:00.015625 avg=00:00:01.110445 max=00:00:02.187500
[2010-05-27 06:45:29] read_reply
                      count=78 min=00:00:00 avg=00:00:00.001001 max=00:00:00.031250
[2010-05-27 06:45:29] read_header
                      count=78 min=00:00:00 avg=00:00:00.000801 max=00:00:00.046875
[2010-05-27 06:45:29] read_body
                      count=77 min=00:00:00 avg=00:00:01.035105 max=00:00:02.171875
[2010-05-27 06:45:29] get
                      count=78 min=00:00:00 avg=00:00:01.038461 max=00:00:02.187500
[2010-05-27 06:45:29] load_file
                      count=74 min=00:00:00.015625 avg=00:00:01.095650 max=00:00:02.187500
[2010-05-27 06:45:29] read_reply
                      count=79 min=00:00:00 avg=00:00:00.001186 max=00:00:00.031250
[2010-05-27 06:45:29] read_header
                      count=79 min=00:00:00 avg=00:00:00.000791 max=00:00:00.046875
[2010-05-27 06:45:30] read_body
                      count=78 min=00:00:00 avg=00:00:01.034054 max=00:00:02.171875
[2010-05-27 06:45:30] get
                      count=79 min=00:00:00 avg=00:00:01.037776 max=00:00:02.187500
[2010-05-27 06:45:30] load_file
                      count=75 min=00:00:00.015625 avg=00:00:01.094166 max=00:00:02.187500
[2010-05-27 06:45:30] read_reply
                      count=80 min=00:00:00 avg=00:00:00.001171 max=00:00:00.031250
[2010-05-27 06:45:30] read_header
                      count=80 min=00:00:00 avg=00:00:00.000976 max=00:00:00.046875
[2010-05-27 06:45:31] read_body
                      count=79 min=00:00:00 avg=00:00:01.033425 max=00:00:02.171875
[2010-05-27 06:45:31] get
                      count=80 min=00:00:00 avg=00:00:01.037304 max=00:00:02.187500
[2010-05-27 06:45:31] load_file
                      count=76 min=00:00:00.015625 avg=00:00:01.092927 max=00:00:02.187500
[2010-05-27 06:45:31] read_reply
                      count=81 min=00:00:00 avg=00:00:00.001157 max=00:00:00.031250
[2010-05-27 06:45:31] read_header
                      count=81 min=00:00:00 avg=00:00:00.000964 max=00:00:00.046875
[2010-05-27 06:45:32] read_body
                      count=80 min=00:00:00 avg=00:00:01.032812 max=00:00:02.171875
[2010-05-27 06:45:32] get
                      count=81 min=00:00:00 avg=00:00:01.036651 max=00:00:02.187500
[2010-05-27 06:45:32] load_file
                      count=77 min=00:00:00.015625 avg=00:00:01.091720 max=00:00:02.187500
[2010-05-27 06:45:32] read_reply
                      count=82 min=00:00:00 avg=00:00:00.001143 max=00:00:00.031250
[2010-05-27 06:45:32] read_header
                      count=82 min=00:00:00 avg=00:00:00.000952 max=00:00:00.046875
[2010-05-27 06:45:33] read_body
                      count=81 min=00:00:00 avg=00:00:01.032214 max=00:00:02.171875
[2010-05-27 06:45:33] get
                      count=82 min=00:00:00 avg=00:00:01.036204 max=00:00:02.187500
[2010-05-27 06:45:33] load_file
                      count=78 min=00:00:00.015625 avg=00:00:01.090544 max=00:00:02.187500
[2010-05-27 06:45:33] read_reply
                      count=83 min=00:00:00 avg=00:00:00.001129 max=00:00:00.031250
[2010-05-27 06:45:33] read_header
                      count=83 min=00:00:00 avg=00:00:00.000941 max=00:00:00.046875
[2010-05-27 06:45:34] read_body
                      count=82 min=00:00:00 avg=00:00:01.032774 max=00:00:02.171875
[2010-05-27 06:45:34] get
                      count=83 min=00:00:00 avg=00:00:01.036897 max=00:00:02.187500
[2010-05-27 06:45:34] load_file
                      count=79 min=00:00:00.015625 avg=00:00:01.090783 max=00:00:02.187500
[2010-05-27 06:45:34] read_reply
                      count=84 min=00:00:00 avg=00:00:00.001116 max=00:00:00.031250
[2010-05-27 06:45:34] read_header
                      count=84 min=00:00:00 avg=00:00:00.001116 max=00:00:00.046875
[2010-05-27 06:45:35] read_body
                      count=83 min=00:00:00 avg=00:00:01.032191 max=00:00:02.171875
[2010-05-27 06:45:35] get
                      count=84 min=00:00:00 avg=00:00:01.036458 max=00:00:02.187500
[2010-05-27 06:45:35] load_file
                      count=80 min=00:00:00.015625 avg=00:00:01.089648 max=00:00:02.187500
[2010-05-27 06:45:35] read_reply
                      count=85 min=00:00:00 avg=00:00:00.001286 max=00:00:00.031250
[2010-05-27 06:45:35] read_header
                      count=85 min=00:00:00 avg=00:00:00.001102 max=00:00:00.046875
[2010-05-27 06:45:36] read_body
                      count=84 min=00:00:00 avg=00:00:01.031622 max=00:00:02.171875
[2010-05-27 06:45:36] get
                      count=85 min=00:00:00 avg=00:00:01.036029 max=00:00:02.187500
[2010-05-27 06:45:36] load_file
                      count=81 min=00:00:00.015625 avg=00:00:01.088541 max=00:00:02.187500
[2010-05-27 06:45:36] read_reply
                      count=86 min=00:00:00 avg=00:00:00.001271 max=00:00:00.031250
[2010-05-27 06:45:36] read_header
                      count=86 min=00:00:00 avg=00:00:00.001090 max=00:00:00.046875
[2010-05-27 06:45:37] read_body
                      count=85 min=00:00:00 avg=00:00:01.031066 max=00:00:02.171875
[2010-05-27 06:45:37] get
                      count=86 min=00:00:00 avg=00:00:01.035610 max=00:00:02.187500
[2010-05-27 06:45:37] load_file
                      count=82 min=00:00:00.015625 avg=00:00:01.087461 max=00:00:02.187500
[2010-05-27 06:45:37] read_reply
                      count=87 min=00:00:00 avg=00:00:00.001257 max=00:00:00.031250
[2010-05-27 06:45:37] read_header
                      count=87 min=00:00:00 avg=00:00:00.001257 max=00:00:00.046875
[2010-05-27 06:45:38] read_body
                      count=86 min=00:00:00 avg=00:00:01.030523 max=00:00:02.171875
[2010-05-27 06:45:38] get
                      count=87 min=00:00:00 avg=00:00:01.035201 max=00:00:02.187500
[2010-05-27 06:45:38] load_file
                      count=83 min=00:00:00.015625 avg=00:00:01.086408 max=00:00:02.187500
[2010-05-27 06:45:38] read_reply
                      count=88 min=00:00:00 avg=00:00:00.001242 max=00:00:00.031250
[2010-05-27 06:45:38] read_header
                      count=88 min=00:00:00 avg=00:00:00.001242 max=00:00:00.046875
[2010-05-27 06:45:39] read_body
                      count=87 min=00:00:00 avg=00:00:01.029992 max=00:00:02.171875
[2010-05-27 06:45:39] get
                      count=88 min=00:00:00 avg=00:00:01.034623 max=00:00:02.187500
[2010-05-27 06:45:39] load_file
                      count=84 min=00:00:00.015625 avg=00:00:01.085379 max=00:00:02.187500
[2010-05-27 06:45:39] read_reply
                      count=89 min=00:00:00 avg=00:00:00.001228 max=00:00:00.031250
[2010-05-27 06:45:39] read_header
                      count=89 min=00:00:00 avg=00:00:00.001228 max=00:00:00.046875
[2010-05-27 06:45:39] read_body
                      count=88 min=00:00:00 avg=00:00:01.018288 max=00:00:02.171875
[2010-05-27 06:45:39] get
                      count=89 min=00:00:00 avg=00:00:01.023174 max=00:00:02.187500
[2010-05-27 06:45:39] load_file
                      count=85 min=00:00:00.015625 avg=00:00:01.072794 max=00:00:02.187500
[2010-05-27 06:45:39] read_reply
                      count=90 min=00:00:00 avg=00:00:00.001215 max=00:00:00.031250
[2010-05-27 06:45:39] read_header
                      count=90 min=00:00:00 avg=00:00:00.001215 max=00:00:00.046875
[2010-05-27 06:45:40] read_body
                      count=89 min=00:00:00 avg=00:00:01.017556 max=00:00:02.171875
[2010-05-27 06:45:40] get
                      count=90 min=00:00:00 avg=00:00:01.022569 max=00:00:02.187500
[2010-05-27 06:45:40] load_file
                      count=86 min=00:00:00.015625 avg=00:00:01.071584 max=00:00:02.187500
[2010-05-27 06:45:40] read_reply
                      count=91 min=00:00:00 avg=00:00:00.001201 max=00:00:00.031250
[2010-05-27 06:45:40] read_header
                      count=91 min=00:00:00 avg=00:00:00.001201 max=00:00:00.046875
[2010-05-27 06:45:41] read_body
                      count=90 min=00:00:00 avg=00:00:01.017187 max=00:00:02.171875
[2010-05-27 06:45:41] get
                      count=91 min=00:00:00 avg=00:00:01.022321 max=00:00:02.187500
[2010-05-27 06:45:41] load_file
                      count=87 min=00:00:00.015625 avg=00:00:01.070761 max=00:00:02.187500
[2010-05-27 06:45:41] read_reply
                      count=92 min=00:00:00 avg=00:00:00.001188 max=00:00:00.031250
[2010-05-27 06:45:41] read_header
                      count=92 min=00:00:00 avg=00:00:00.001188 max=00:00:00.046875
[2010-05-27 06:45:42] read_body
                      count=91 min=00:00:00 avg=00:00:01.016826 max=00:00:02.171875
[2010-05-27 06:45:42] get
                      count=92 min=00:00:00 avg=00:00:01.022078 max=00:00:02.187500
[2010-05-27 06:45:42] load_file
                      count=88 min=00:00:00.015625 avg=00:00:01.069957 max=00:00:02.187500
[2010-05-27 06:45:42] read_reply
                      count=93 min=00:00:00 avg=00:00:00.001176 max=00:00:00.031250
[2010-05-27 06:45:42] read_header
                      count=93 min=00:00:00 avg=00:00:00.001176 max=00:00:00.046875
[2010-05-27 06:45:42] read_body
                      count=92 min=00:00:00 avg=00:00:01.005774 max=00:00:02.171875
[2010-05-27 06:45:42] get
                      count=93 min=00:00:00 avg=00:00:01.011256 max=00:00:02.187500
[2010-05-27 06:45:42] load_file
                      count=89 min=00:00:00.015625 avg=00:00:01.058110 max=00:00:02.187500
[2010-05-27 06:45:42] read_reply
                      count=94 min=00:00:00 avg=00:00:00.001329 max=00:00:00.031250
[2010-05-27 06:45:42] read_header
                      count=94 min=00:00:00 avg=00:00:00.001163 max=00:00:00.046875
[2010-05-27 06:45:42] read_body
                      count=93 min=00:00:00 avg=00:00:00.994959 max=00:00:02.171875
[2010-05-27 06:45:42] get
                      count=94 min=00:00:00 avg=00:00:01.000664 max=00:00:02.187500
[2010-05-27 06:45:42] load_file
                      count=90 min=00:00:00.015625 avg=00:00:01.046527 max=00:00:02.187500
[2010-05-27 06:45:42] read_reply
                      count=95 min=00:00:00 avg=00:00:00.001315 max=00:00:00.031250
[2010-05-27 06:45:42] read_header
                      count=95 min=00:00:00 avg=00:00:00.001151 max=00:00:00.046875
[2010-05-27 06:45:43] read_body
                      count=94 min=00:00:00 avg=00:00:00.994514 max=00:00:02.171875
[2010-05-27 06:45:43] get
                      count=95 min=00:00:00 avg=00:00:01.000164 max=00:00:02.187500
[2010-05-27 06:45:43] load_file
                      count=91 min=00:00:00.015625 avg=00:00:01.045501 max=00:00:02.187500
[2010-05-27 06:45:43] read_reply
                      count=96 min=00:00:00 avg=00:00:00.001302 max=00:00:00.031250
[2010-05-27 06:45:43] read_header
                      count=96 min=00:00:00 avg=00:00:00.001139 max=00:00:00.046875
[2010-05-27 06:45:44] read_body
                      count=95 min=00:00:00 avg=00:00:00.994407 max=00:00:02.171875
[2010-05-27 06:45:44] get
                      count=96 min=00:00:00 avg=00:00:01 max=00:00:02.187500
[2010-05-27 06:45:44] load_file
                      count=92 min=00:00:00.015625 avg=00:00:01.045006 max=00:00:02.187500
[2010-05-27 06:45:44] read_reply
                      count=97 min=00:00:00 avg=00:00:00.001288 max=00:00:00.031250
[2010-05-27 06:45:44] read_header
                      count=97 min=00:00:00 avg=00:00:00.001127 max=00:00:00.046875
[2010-05-27 06:45:45] read_body
                      count=96 min=00:00:00 avg=00:00:00.994303 max=00:00:02.171875
[2010-05-27 06:45:45] get
                      count=97 min=00:00:00 avg=00:00:01 max=00:00:02.187500
[2010-05-27 06:45:45] load_file
                      count=93 min=00:00:00.015625 avg=00:00:01.044522 max=00:00:02.187500
[2010-05-27 06:45:45] read_reply
                      count=98 min=00:00:00 avg=00:00:00.001275 max=00:00:00.031250
[2010-05-27 06:45:45] read_header
                      count=98 min=00:00:00 avg=00:00:00.001275 max=00:00:00.046875
[2010-05-27 06:45:46] read_body
                      count=97 min=00:00:00 avg=00:00:00.994201 max=00:00:02.171875
[2010-05-27 06:45:46] get
                      count=98 min=00:00:00 avg=00:00:01 max=00:00:02.187500
[2010-05-27 06:45:46] load_file
                      count=94 min=00:00:00.015625 avg=00:00:01.044049 max=00:00:02.187500
[2010-05-27 06:45:46] read_reply
                      count=99 min=00:00:00 avg=00:00:00.001262 max=00:00:00.031250
[2010-05-27 06:45:46] read_header
                      count=99 min=00:00:00 avg=00:00:00.001262 max=00:00:00.046875
[2010-05-27 06:45:47] read_body
                      count=98 min=00:00:00 avg=00:00:00.994100 max=00:00:02.171875
[2010-05-27 06:45:47] get
                      count=99 min=00:00:00 avg=00:00:00.999842 max=00:00:02.187500
[2010-05-27 06:45:47] load_file
                      count=95 min=00:00:00.015625 avg=00:00:01.043585 max=00:00:02.187500
[2010-05-27 06:45:47] read_reply
                      count=100 min=00:00:00 avg=00:00:00.001250 max=00:00:00.031250
[2010-05-27 06:45:47] read_header
                      count=100 min=00:00:00 avg=00:00:00.001250 max=00:00:00.046875
[2010-05-27 06:45:48] read_body
                      count=99 min=00:00:00 avg=00:00:00.994160 max=00:00:02.171875
[2010-05-27 06:45:48] get
                      count=100 min=00:00:00 avg=00:00:00.999843 max=00:00:02.187500
[2010-05-27 06:45:48] load_file
                      count=96 min=00:00:00.015625 avg=00:00:01.043131 max=00:00:02.187500
[2010-05-27 06:45:48] read_reply
                      count=101 min=00:00:00 avg=00:00:00.001237 max=00:00:00.031250
[2010-05-27 06:45:48] read_header
                      count=101 min=00:00:00 avg=00:00:00.001237 max=00:00:00.046875
[2010-05-27 06:45:49] read_body
                      count=100 min=00:00:00 avg=00:00:00.994062 max=00:00:02.171875
[2010-05-27 06:45:49] get
                      count=101 min=00:00:00 avg=00:00:00.999845 max=00:00:02.187500
[2010-05-27 06:45:49] load_file
                      count=97 min=00:00:00.015625 avg=00:00:01.042686 max=00:00:02.187500
[2010-05-27 06:45:49] read_reply
                      count=102 min=00:00:00 avg=00:00:00.001225 max=00:00:00.031250
[2010-05-27 06:45:49] read_header
                      count=102 min=00:00:00 avg=00:00:00.001225 max=00:00:00.046875
[2010-05-27 06:45:50] read_body
                      count=101 min=00:00:00 avg=00:00:00.993966 max=00:00:02.171875
[2010-05-27 06:45:50] get
                      count=102 min=00:00:00 avg=00:00:00.999846 max=00:00:02.187500
[2010-05-27 06:45:50] load_file
                      count=98 min=00:00:00.015625 avg=00:00:01.042251 max=00:00:02.187500
[2010-05-27 06:45:50] read_reply
                      count=103 min=00:00:00 avg=00:00:00.001213 max=00:00:00.031250
[2010-05-27 06:45:50] read_header
                      count=103 min=00:00:00 avg=00:00:00.001213 max=00:00:00.046875
[2010-05-27 06:45:51] read_body
                      count=102 min=00:00:00 avg=00:00:00.993872 max=00:00:02.171875
[2010-05-27 06:45:51] get
                      count=103 min=00:00:00 avg=00:00:00.999848 max=00:00:02.187500
[2010-05-27 06:45:51] load_file
                      count=99 min=00:00:00.015625 avg=00:00:01.041824 max=00:00:02.187500
[2010-05-27 06:45:51] read_reply
                      count=104 min=00:00:00 avg=00:00:00.001201 max=00:00:00.031250
[2010-05-27 06:45:51] read_header
                      count=104 min=00:00:00 avg=00:00:00.001201 max=00:00:00.046875
[2010-05-27 06:45:52] read_body
                      count=103 min=00:00:00 avg=00:00:00.993780 max=00:00:02.171875
[2010-05-27 06:45:52] get
                      count=104 min=00:00:00 avg=00:00:00.999699 max=00:00:02.187500
[2010-05-27 06:45:52] load_file
                      count=100 min=00:00:00.015625 avg=00:00:01.041406 max=00:00:02.187500
[2010-05-27 06:45:52] read_reply
                      count=105 min=00:00:00 avg=00:00:00.001190 max=00:00:00.031250
[2010-05-27 06:45:52] read_header
                      count=105 min=00:00:00 avg=00:00:00.001190 max=00:00:00.046875
[2010-05-27 06:45:52] read_body
                      count=104 min=00:00:00 avg=00:00:00.984224 max=00:00:02.171875
[2010-05-27 06:45:52] get
                      count=105 min=00:00:00 avg=00:00:00.990327 max=00:00:02.187500
[2010-05-27 06:45:52] load_file
                      count=101 min=00:00:00.015625 avg=00:00:01.031250 max=00:00:02.187500
[2010-05-27 06:45:52] read_reply
                      count=106 min=00:00:00 avg=00:00:00.001179 max=00:00:00.031250
[2010-05-27 06:45:52] read_header
                      count=106 min=00:00:00 avg=00:00:00.001179 max=00:00:00.046875
[2010-05-27 06:45:52] read_body
                      count=105 min=00:00:00 avg=00:00:00.974851 max=00:00:02.171875
[2010-05-27 06:45:52] get
                      count=106 min=00:00:00 avg=00:00:00.981132 max=00:00:02.187500
[2010-05-27 06:45:52] load_file
                      count=102 min=00:00:00.015625 avg=00:00:01.021292 max=00:00:02.187500
[2010-05-27 06:45:52] read_reply
                      count=107 min=00:00:00 avg=00:00:00.001314 max=00:00:00.031250
[2010-05-27 06:45:52] read_header
                      count=107 min=00:00:00 avg=00:00:00.001168 max=00:00:00.046875
[2010-05-27 06:45:53] read_body
                      count=106 min=00:00:00 avg=00:00:00.974498 max=00:00:02.171875
[2010-05-27 06:45:53] get
                      count=107 min=00:00:00 avg=00:00:00.981016 max=00:00:02.187500
