[2010-05-27 12:48:06]
Start
Debug: 0.5.0 alpha [build 66] 27.05.2010 08:43:18

[2010-05-27 12:48:57]
connection::run()
count=1 min=00:00:00.046875 avg=00:00:00.046875 max=00:00:00.046875

[2010-05-27 12:48:57]
connection::run()
count=2 min=00:00:00.015625 avg=00:00:00.031250 max=00:00:00.046875

[2010-05-27 12:48:57]
connection::run()
count=3 min=00:00:00.015625 avg=00:00:00.135416 max=00:00:00.343750

[2010-05-27 12:48:59]
connection::run()
count=4 min=00:00:00.015625 avg=00:00:00.109375 max=00:00:00.343750

[2010-05-27 12:48:59]
connection::run()
count=5 min=00:00:00.015625 avg=00:00:00.090625 max=00:00:00.343750

[2010-05-27 12:48:59]
connection::run()
count=6 min=00:00:00 avg=00:00:00.075520 max=00:00:00.343750

[2010-05-27 12:48:59]
connection::run()
count=7 min=00:00:00 avg=00:00:00.066964 max=00:00:00.343750

[2010-05-27 12:48:59]
connection::run()
count=8 min=00:00:00 avg=00:00:00.058593 max=00:00:00.343750

[2010-05-27 12:48:59]
connection::run()
count=9 min=00:00:00 avg=00:00:00.053819 max=00:00:00.343750

[2010-05-27 12:48:59]
connection::run()
count=10 min=00:00:00 avg=00:00:00.050000 max=00:00:00.343750

[2010-05-27 12:48:59]
connection::run()
count=11 min=00:00:00 avg=00:00:00.049715 max=00:00:00.343750

[2010-05-27 12:48:59]
connection::run()
count=12 min=00:00:00 avg=00:00:00.045572 max=00:00:00.343750

[2010-05-27 12:48:59]
connection::run()
count=13 min=00:00:00 avg=00:00:00.043269 max=00:00:00.343750

[2010-05-27 12:48:59]
connection::run()
count=14 min=00:00:00 avg=00:00:00.042410 max=00:00:00.343750

[2010-05-27 12:48:59]
connection::run()
count=15 min=00:00:00 avg=00:00:00.040625 max=00:00:00.343750

[2010-05-27 12:48:59]
connection::run()
count=16 min=00:00:00 avg=00:00:00.039062 max=00:00:00.343750

[2010-05-27 12:48:59]
connection::run()
count=17 min=00:00:00 avg=00:00:00.038602 max=00:00:00.343750

[2010-05-27 12:48:59]
connection::run()
count=18 min=00:00:00 avg=00:00:00.037326 max=00:00:00.343750

[2010-05-27 12:48:59]
connection::run()
count=19 min=00:00:00 avg=00:00:00.036184 max=00:00:00.343750

[2010-05-27 12:48:59]
connection::run()
count=20 min=00:00:00 avg=00:00:00.035156 max=00:00:00.343750

[2010-05-27 12:49:00]
connection::run()
count=21 min=00:00:00 avg=00:00:00.034226 max=00:00:00.343750

[2010-05-27 12:49:00]
connection::run()
count=22 min=00:00:00 avg=00:00:00.033380 max=00:00:00.343750

[2010-05-27 12:49:00]
connection::run()
count=23 min=00:00:00 avg=00:00:00.033288 max=00:00:00.343750

[2010-05-27 12:49:00]
connection::run()
count=24 min=00:00:00 avg=00:00:00.032552 max=00:00:00.343750

[2010-05-27 12:49:00]
connection::run()
count=25 min=00:00:00 avg=00:00:00.031875 max=00:00:00.343750

[2010-05-27 12:49:00]
connection::run()
count=26 min=00:00:00 avg=00:00:00.032451 max=00:00:00.343750

[2010-05-27 12:49:00]
connection::run()
count=27 min=00:00:00 avg=00:00:00.031828 max=00:00:00.343750

[2010-05-27 12:49:00]
connection::run()
count=28 min=00:00:00 avg=00:00:00.031808 max=00:00:00.343750

[2010-05-27 12:49:00]
connection::run()
count=29 min=00:00:00 avg=00:00:00.030711 max=00:00:00.343750

[2010-05-27 12:49:00]
connection::run()
count=30 min=00:00:00 avg=00:00:00.031250 max=00:00:00.343750

[2010-05-27 12:49:00]
connection::run()
count=31 min=00:00:00 avg=00:00:00.033770 max=00:00:00.343750

[2010-05-27 12:49:00]
connection::run()
count=32 min=00:00:00 avg=00:00:00.032714 max=00:00:00.343750

[2010-05-27 12:49:00]
connection::run()
count=33 min=00:00:00 avg=00:00:00.032196 max=00:00:00.343750

[2010-05-27 12:49:00]
connection::run()
count=34 min=00:00:00 avg=00:00:00.031709 max=00:00:00.343750

[2010-05-27 12:49:00]
connection::run()
count=35 min=00:00:00 avg=00:00:00.030803 max=00:00:00.343750

[2010-05-27 12:49:00]
connection::run()
count=36 min=00:00:00 avg=00:00:00.030815 max=00:00:00.343750

[2010-05-27 12:49:01]
connection::run()
count=37 min=00:00:00 avg=00:00:00.032094 max=00:00:00.343750

[2010-05-27 12:49:01]
connection::run()
count=38 min=00:00:00 avg=00:00:00.031661 max=00:00:00.343750

[2010-05-27 12:49:01]
connection::run()
count=39 min=00:00:00 avg=00:00:00.031250 max=00:00:00.343750

[2010-05-27 12:49:01]
connection::run()
count=40 min=00:00:00 avg=00:00:00.030859 max=00:00:00.343750

[2010-05-27 12:49:01]
connection::run()
count=41 min=00:00:00 avg=00:00:00.030868 max=00:00:00.343750

[2010-05-27 12:49:01]
connection::run()
count=42 min=00:00:00 avg=00:00:00.030877 max=00:00:00.343750

[2010-05-27 12:49:01]
connection::run()
count=43 min=00:00:00 avg=00:00:00.030886 max=00:00:00.343750

[2010-05-27 12:49:01]
connection::run()
count=44 min=00:00:00 avg=00:00:00.030184 max=00:00:00.343750

[2010-05-27 12:49:01]
connection::run()
count=45 min=00:00:00 avg=00:00:00.029513 max=00:00:00.343750

[2010-05-27 12:49:01]
connection::run()
count=46 min=00:00:00 avg=00:00:00.028872 max=00:00:00.343750

[2010-05-27 12:49:01]
connection::run()
count=47 min=00:00:00 avg=00:00:00.028590 max=00:00:00.343750

[2010-05-27 12:49:01]
connection::run()
count=48 min=00:00:00 avg=00:00:00.030273 max=00:00:00.343750

[2010-05-27 12:49:01]
connection::run()
count=49 min=00:00:00 avg=00:00:00.030293 max=00:00:00.343750

[2010-05-27 12:49:01]
connection::run()
count=50 min=00:00:00 avg=00:00:00.030937 max=00:00:00.343750

[2010-05-27 12:49:01]
connection::run()
count=51 min=00:00:00 avg=00:00:00.030637 max=00:00:00.343750

[2010-05-27 12:49:01]
connection::run()
count=52 min=00:00:00 avg=00:00:00.031250 max=00:00:00.343750

[2010-05-27 12:49:01]
connection::run()
count=53 min=00:00:00 avg=00:00:00.030955 max=00:00:00.343750

[2010-05-27 12:49:01]
connection::run()
count=54 min=00:00:00 avg=00:00:00.030381 max=00:00:00.343750

[2010-05-27 12:49:01]
connection::run()
count=55 min=00:00:00 avg=00:00:00.030113 max=00:00:00.343750

[2010-05-27 12:49:01]
connection::run()
count=56 min=00:00:00 avg=00:00:00.029854 max=00:00:00.343750

[2010-05-27 12:49:02]
connection::run()
count=57 min=00:00:00 avg=00:00:00.029605 max=00:00:00.343750

[2010-05-27 12:49:02]
connection::run()
count=58 min=00:00:00 avg=00:00:00.029633 max=00:00:00.343750

[2010-05-27 12:49:02]
connection::run()
count=59 min=00:00:00 avg=00:00:00.029396 max=00:00:00.343750

[2010-05-27 12:49:02]
connection::run()
count=60 min=00:00:00 avg=00:00:00.029427 max=00:00:00.343750

[2010-05-27 12:49:02]
connection::run()
count=61 min=00:00:00 avg=00:00:00.028944 max=00:00:00.343750

[2010-05-27 12:49:02]
connection::run()
count=62 min=00:00:00 avg=00:00:00.028729 max=00:00:00.343750

[2010-05-27 12:49:02]
connection::run()
count=63 min=00:00:00 avg=00:00:00.028273 max=00:00:00.343750

[2010-05-27 12:49:02]
connection::run()
count=64 min=00:00:00 avg=00:00:00.027832 max=00:00:00.343750

[2010-05-27 12:49:02]
connection::run()
count=65 min=00:00:00 avg=00:00:00.027644 max=00:00:00.343750

[2010-05-27 12:49:02]
connection::run()
count=66 min=00:00:00 avg=00:00:00.027698 max=00:00:00.343750

[2010-05-27 12:49:02]
connection::run()
count=67 min=00:00:00 avg=00:00:00.027518 max=00:00:00.343750

[2010-05-27 12:49:02]
connection::run()
count=68 min=00:00:00 avg=00:00:00.027113 max=00:00:00.343750

[2010-05-27 12:49:02]
connection::run()
count=69 min=00:00:00 avg=00:00:00.026947 max=00:00:00.343750

[2010-05-27 12:49:02]
connection::run()
count=70 min=00:00:00 avg=00:00:00.026562 max=00:00:00.343750

[2010-05-27 12:49:02]
connection::run()
count=71 min=00:00:00 avg=00:00:00.026408 max=00:00:00.343750

[2010-05-27 12:49:02]
connection::run()
count=72 min=00:00:00 avg=00:00:00.026041 max=00:00:00.343750

[2010-05-27 12:49:02]
connection::run()
count=73 min=00:00:00 avg=00:00:00.025684 max=00:00:00.343750

[2010-05-27 12:49:02]
connection::run()
count=74 min=00:00:00 avg=00:00:00.025548 max=00:00:00.343750

[2010-05-27 12:49:02]
connection::run()
count=75 min=00:00:00 avg=00:00:00.025416 max=00:00:00.343750

[2010-05-27 12:49:02]
connection::run()
count=76 min=00:00:00 avg=00:00:00.025082 max=00:00:00.343750

[2010-05-27 12:49:02]
connection::run()
count=77 min=00:00:00 avg=00:00:00.024959 max=00:00:00.343750

[2010-05-27 12:49:02]
connection::run()
count=78 min=00:00:00 avg=00:00:00.024839 max=00:00:00.343750

[2010-05-27 12:49:02]
connection::run()
count=79 min=00:00:00 avg=00:00:00.024723 max=00:00:00.343750

[2010-05-27 12:49:02]
connection::run()
count=80 min=00:00:00 avg=00:00:00.024804 max=00:00:00.343750

[2010-05-27 12:49:02]
connection::run()
count=81 min=00:00:00 avg=00:00:00.024691 max=00:00:00.343750

[2010-05-27 12:49:02]
connection::run()
count=82 min=00:00:00 avg=00:00:00.024771 max=00:00:00.343750

[2010-05-27 12:49:02]
connection::run()
count=83 min=00:00:00 avg=00:00:00.024661 max=00:00:00.343750

[2010-05-27 12:49:03]
connection::run()
count=84 min=00:00:00 avg=00:00:00.024553 max=00:00:00.343750

[2010-05-27 12:49:03]
connection::run()
count=85 min=00:00:00 avg=00:00:00.024264 max=00:00:00.343750

[2010-05-27 12:49:06]
connection::run()
count=86 min=00:00:00 avg=00:00:00.024164 max=00:00:00.343750

[2010-05-27 12:49:06]
connection::run()
count=87 min=00:00:00 avg=00:00:00.024066 max=00:00:00.343750

[2010-05-27 12:49:06]
connection::run()
count=88 min=00:00:00 avg=00:00:00.023970 max=00:00:00.343750

[2010-05-27 12:49:06]
connection::run()
count=89 min=00:00:00 avg=00:00:00.023876 max=00:00:00.343750

[2010-05-27 12:49:06]
connection::run()
count=90 min=00:00:00 avg=00:00:00.023958 max=00:00:00.343750

[2010-05-27 12:49:06]
connection::run()
count=91 min=00:00:00 avg=00:00:00.023866 max=00:00:00.343750

[2010-05-27 12:49:07]
connection::run()
count=92 min=00:00:00 avg=00:00:00.023777 max=00:00:00.343750

[2010-05-27 12:49:07]
connection::run()
count=93 min=00:00:00 avg=00:00:00.023689 max=00:00:00.343750

[2010-05-27 12:49:07]
connection::run()
count=94 min=00:00:00 avg=00:00:00.023603 max=00:00:00.343750

[2010-05-27 12:49:07]
connection::run()
count=95 min=00:00:00 avg=00:00:00.023519 max=00:00:00.343750

[2010-05-27 12:49:07]
connection::run()
count=96 min=00:00:00 avg=00:00:00.023274 max=00:00:00.343750

[2010-05-27 12:49:07]
connection::run()
count=97 min=00:00:00 avg=00:00:00.023034 max=00:00:00.343750

[2010-05-27 12:49:07]
connection::run()
count=98 min=00:00:00 avg=00:00:00.022959 max=00:00:00.343750

[2010-05-27 12:49:07]
connection::run()
count=99 min=00:00:00 avg=00:00:00.022885 max=00:00:00.343750

[2010-05-27 12:49:07]
connection::run()
count=100 min=00:00:00 avg=00:00:00.022812 max=00:00:00.343750

[2010-05-27 12:49:07]
connection::run()
count=101 min=00:00:00 avg=00:00:00.022586 max=00:00:00.343750

[2010-05-27 12:49:07]
connection::run()
count=102 min=00:00:00 avg=00:00:00.022977 max=00:00:00.343750

[2010-05-27 12:49:07]
connection::run()
count=103 min=00:00:00 avg=00:00:00.022754 max=00:00:00.343750

[2010-05-27 12:49:07]
connection::run()
count=104 min=00:00:00 avg=00:00:00.022536 max=00:00:00.343750

[2010-05-27 12:49:07]
connection::run()
count=105 min=00:00:00 avg=00:00:00.022470 max=00:00:00.343750

[2010-05-27 12:49:07]
connection::run()
count=106 min=00:00:00 avg=00:00:00.022700 max=00:00:00.343750

[2010-05-27 12:49:07]
connection::run()
count=107 min=00:00:00 avg=00:00:00.022634 max=00:00:00.343750

[2010-05-27 12:49:07]
connection::run()
count=108 min=00:00:00 avg=00:00:00.022569 max=00:00:00.343750

[2010-05-27 12:49:07]
connection::run()
count=109 min=00:00:00 avg=00:00:00.022505 max=00:00:00.343750

[2010-05-27 12:49:07]
connection::run()
count=110 min=00:00:00 avg=00:00:00.022301 max=00:00:00.343750

[2010-05-27 12:49:07]
connection::run()
count=111 min=00:00:00 avg=00:00:00.022381 max=00:00:00.343750

[2010-05-27 12:49:07]
connection::run()
count=112 min=00:00:00 avg=00:00:00.022321 max=00:00:00.343750

[2010-05-27 12:49:07]
connection::run()
count=113 min=00:00:00 avg=00:00:00.022123 max=00:00:00.343750

[2010-05-27 12:49:07]
connection::run()
count=114 min=00:00:00 avg=00:00:00.021929 max=00:00:00.343750

[2010-05-27 12:49:07]
connection::run()
count=115 min=00:00:00 avg=00:00:00.021875 max=00:00:00.343750

[2010-05-27 12:49:22]
connection::run()
count=116 min=00:00:00 avg=00:00:00.022090 max=00:00:00.343750

[2010-05-27 12:49:22]
connection::run()
count=117 min=00:00:00 avg=00:00:00.022035 max=00:00:00.343750

[2010-05-27 12:49:22]
connection::run()
count=118 min=00:00:00 avg=00:00:00.024629 max=00:00:00.343750

[2010-05-27 12:49:23]
connection::run()
count=119 min=00:00:00 avg=00:00:00.024553 max=00:00:00.343750

[2010-05-27 12:49:23]
connection::run()
count=120 min=00:00:00 avg=00:00:00.024479 max=00:00:00.343750

[2010-05-27 12:49:24]
connection::run()
count=121 min=00:00:00 avg=00:00:00.024405 max=00:00:00.343750

[2010-05-27 12:49:24]
connection::run()
count=122 min=00:00:00 avg=00:00:00.024334 max=00:00:00.343750

[2010-05-27 12:49:24]
connection::run()
count=123 min=00:00:00 avg=00:00:00.024390 max=00:00:00.343750

[2010-05-27 12:49:24]
connection::run()
count=124 min=00:00:00 avg=00:00:00.024319 max=00:00:00.343750

[2010-05-27 12:49:24]
connection::run()
count=125 min=00:00:00 avg=00:00:00.024125 max=00:00:00.343750

[2010-05-27 12:49:24]
connection::run()
count=126 min=00:00:00 avg=00:00:00.024057 max=00:00:00.343750

[2010-05-27 12:49:24]
connection::run()
count=127 min=00:00:00 avg=00:00:00.023868 max=00:00:00.343750

[2010-05-27 12:49:24]
connection::run()
count=128 min=00:00:00 avg=00:00:00.023803 max=00:00:00.343750

[2010-05-27 12:49:24]
connection::run()
count=129 min=00:00:00 avg=00:00:00.023740 max=00:00:00.343750

[2010-05-27 12:49:24]
connection::run()
count=130 min=00:00:00 avg=00:00:00.023677 max=00:00:00.343750

[2010-05-27 12:49:24]
connection::run()
count=131 min=00:00:00 avg=00:00:00.023616 max=00:00:00.343750

[2010-05-27 12:49:24]
connection::run()
count=132 min=00:00:00 avg=00:00:00.023555 max=00:00:00.343750

[2010-05-27 12:49:24]
connection::run()
count=133 min=00:00:00 avg=00:00:00.023496 max=00:00:00.343750

[2010-05-27 12:49:24]
connection::run()
count=134 min=00:00:00 avg=00:00:00.023437 max=00:00:00.343750

[2010-05-27 12:49:24]
connection::run()
count=135 min=00:00:00 avg=00:00:00.023263 max=00:00:00.343750

[2010-05-27 12:49:24]
connection::run()
count=136 min=00:00:00 avg=00:00:00.023207 max=00:00:00.343750

[2010-05-27 12:49:24]
connection::run()
count=137 min=00:00:00 avg=00:00:00.023038 max=00:00:00.343750

[2010-05-27 12:49:24]
connection::run()
count=138 min=00:00:00 avg=00:00:00.022984 max=00:00:00.343750

[2010-05-27 12:49:24]
connection::run()
count=139 min=00:00:00 avg=00:00:00.022931 max=00:00:00.343750

[2010-05-27 12:49:24]
connection::run()
count=140 min=00:00:00 avg=00:00:00.022879 max=00:00:00.343750

[2010-05-27 12:49:24]
connection::run()
count=141 min=00:00:00 avg=00:00:00.022828 max=00:00:00.343750

[2010-05-27 12:49:24]
connection::run()
count=142 min=00:00:00 avg=00:00:00.022777 max=00:00:00.343750

[2010-05-27 12:49:25]
connection::run()
count=143 min=00:00:00 avg=00:00:00.022727 max=00:00:00.343750

[2010-05-27 12:49:25]
connection::run()
count=144 min=00:00:00 avg=00:00:00.022569 max=00:00:00.343750

[2010-05-27 12:49:25]
connection::run()
count=145 min=00:00:00 avg=00:00:00.022521 max=00:00:00.343750

[2010-05-27 12:49:25]
connection::run()
count=146 min=00:00:00 avg=00:00:00.022367 max=00:00:00.343750

[2010-05-27 12:49:25]
connection::run()
count=147 min=00:00:00 avg=00:00:00.022321 max=00:00:00.343750

[2010-05-27 12:49:25]
connection::run()
count=148 min=00:00:00 avg=00:00:00.022276 max=00:00:00.343750

[2010-05-27 12:49:25]
connection::run()
count=149 min=00:00:00 avg=00:00:00.022231 max=00:00:00.343750

[2010-05-27 12:49:25]
connection::run()
count=150 min=00:00:00 avg=00:00:00.022187 max=00:00:00.343750

[2010-05-27 12:49:25]
connection::run()
count=151 min=00:00:00 avg=00:00:00.022144 max=00:00:00.343750

[2010-05-27 12:49:25]
connection::run()
count=152 min=00:00:00 avg=00:00:00.021998 max=00:00:00.343750

[2010-05-27 12:49:25]
connection::run()
count=153 min=00:00:00 avg=00:00:00.021956 max=00:00:00.343750

[2010-05-27 12:49:25]
connection::run()
count=154 min=00:00:00 avg=00:00:00.021814 max=00:00:00.343750

[2010-05-27 12:49:25]
connection::run()
count=155 min=00:00:00 avg=00:00:00.021673 max=00:00:00.343750

[2010-05-27 12:49:25]
connection::run()
count=156 min=00:00:00 avg=00:00:00.021534 max=00:00:00.343750

[2010-05-27 12:49:25]
connection::run()
count=157 min=00:00:00 avg=00:00:00.021496 max=00:00:00.343750

[2010-05-27 12:49:25]
connection::run()
count=158 min=00:00:00 avg=00:00:00.021459 max=00:00:00.343750

[2010-05-27 12:49:25]
connection::run()
count=159 min=00:00:00 avg=00:00:00.021422 max=00:00:00.343750

[2010-05-27 12:49:25]
connection::run()
count=160 min=00:00:00 avg=00:00:00.021386 max=00:00:00.343750

[2010-05-27 12:49:25]
connection::run()
count=161 min=00:00:00 avg=00:00:00.021253 max=00:00:00.343750

[2010-05-27 12:49:25]
connection::run()
count=162 min=00:00:00 avg=00:00:00.021122 max=00:00:00.343750

[2010-05-27 12:49:25]
connection::run()
count=163 min=00:00:00 avg=00:00:00.021088 max=00:00:00.343750

[2010-05-27 12:49:25]
connection::run()
count=164 min=00:00:00 avg=00:00:00.021055 max=00:00:00.343750

[2010-05-27 12:49:25]
connection::run()
count=165 min=00:00:00 avg=00:00:00.021022 max=00:00:00.343750

[2010-05-27 12:49:25]
connection::run()
count=166 min=00:00:00 avg=00:00:00.020990 max=00:00:00.343750

[2010-05-27 12:49:25]
connection::run()
count=167 min=00:00:00 avg=00:00:00.020864 max=00:00:00.343750

[2010-05-27 12:49:25]
connection::run()
count=168 min=00:00:00 avg=00:00:00.020833 max=00:00:00.343750

[2010-05-27 12:49:25]
connection::run()
count=169 min=00:00:00 avg=00:00:00.020710 max=00:00:00.343750

[2010-05-27 12:49:25]
connection::run()
count=170 min=00:00:00 avg=00:00:00.020680 max=00:00:00.343750

[2010-05-27 12:49:25]
connection::run()
count=171 min=00:00:00 avg=00:00:00.020559 max=00:00:00.343750

[2010-05-27 12:49:25]
connection::run()
count=172 min=00:00:00 avg=00:00:00.020439 max=00:00:00.343750

[2010-05-27 12:49:25]
connection::run()
count=173 min=00:00:00 avg=00:00:00.020411 max=00:00:00.343750

[2010-05-27 12:49:25]
connection::run()
count=174 min=00:00:00 avg=00:00:00.020384 max=00:00:00.343750

[2010-05-27 12:49:26]
connection::run()
count=175 min=00:00:00 avg=00:00:00.020267 max=00:00:00.343750

[2010-05-27 12:49:26]
connection::run()
count=176 min=00:00:00 avg=00:00:00.020152 max=00:00:00.343750

[2010-05-27 12:49:26]
connection::run()
count=177 min=00:00:00 avg=00:00:00.020127 max=00:00:00.343750

[2010-05-27 12:49:26]
connection::run()
count=178 min=00:00:00 avg=00:00:00.020014 max=00:00:00.343750

[2010-05-27 12:49:26]
connection::run()
count=179 min=00:00:00 avg=00:00:00.019989 max=00:00:00.343750

[2010-05-27 12:49:26]
connection::run()
count=180 min=00:00:00 avg=00:00:00.019965 max=00:00:00.343750

[2010-05-27 12:49:26]
connection::run()
count=181 min=00:00:00 avg=00:00:00.019941 max=00:00:00.343750

[2010-05-27 12:49:26]
connection::run()
count=182 min=00:00:00 avg=00:00:00.019917 max=00:00:00.343750

[2010-05-27 12:49:26]
connection::run()
count=183 min=00:00:00 avg=00:00:00.019894 max=00:00:00.343750

[2010-05-27 12:49:26]
connection::run()
count=184 min=00:00:00 avg=00:00:00.019870 max=00:00:00.343750

[2010-05-27 12:49:26]
connection::run()
count=185 min=00:00:00 avg=00:00:00.019847 max=00:00:00.343750

[2010-05-27 12:49:26]
connection::run()
count=186 min=00:00:00 avg=00:00:00.019825 max=00:00:00.343750

[2010-05-27 12:49:26]
connection::run()
count=187 min=00:00:00 avg=00:00:00.019719 max=00:00:00.343750

[2010-05-27 12:49:26]
connection::run()
count=188 min=00:00:00 avg=00:00:00.019614 max=00:00:00.343750

[2010-05-27 12:49:26]
connection::run()
count=189 min=00:00:00 avg=00:00:00.019593 max=00:00:00.343750

[2010-05-27 12:49:26]
connection::run()
count=190 min=00:00:00 avg=00:00:00.019572 max=00:00:00.343750

[2010-05-27 12:49:26]
connection::run()
count=191 min=00:00:00 avg=00:00:00.019469 max=00:00:00.343750

[2010-05-27 12:49:26]
connection::run()
count=192 min=00:00:00 avg=00:00:00.019449 max=00:00:00.343750

[2010-05-27 12:49:27]
connection::run()
count=193 min=00:00:00 avg=00:00:00.019430 max=00:00:00.343750

[2010-05-27 12:49:27]
connection::run()
count=194 min=00:00:00 avg=00:00:00.019329 max=00:00:00.343750

[2010-05-27 12:49:27]
connection::run()
count=195 min=00:00:00 avg=00:00:00.019230 max=00:00:00.343750

[2010-05-27 12:49:27]
connection::run()
count=196 min=00:00:00 avg=00:00:00.019212 max=00:00:00.343750

[2010-05-27 12:49:27]
connection::run()
count=197 min=00:00:00 avg=00:00:00.019194 max=00:00:00.343750

[2010-05-27 12:49:27]
connection::run()
count=198 min=00:00:00 avg=00:00:00.019176 max=00:00:00.343750

[2010-05-27 12:49:27]
connection::run()
count=199 min=00:00:00 avg=00:00:00.019158 max=00:00:00.343750

[2010-05-27 12:49:27]
connection::run()
count=200 min=00:00:00 avg=00:00:00.019140 max=00:00:00.343750

[2010-05-27 12:49:31]
connection::run()
count=201 min=00:00:00 avg=00:00:00.019123 max=00:00:00.343750

[2010-05-27 12:49:31]
connection::run()
count=202 min=00:00:00 avg=00:00:00.019105 max=00:00:00.343750

[2010-05-27 12:49:31]
connection::run()
count=203 min=00:00:00 avg=00:00:00.019165 max=00:00:00.343750

[2010-05-27 12:49:31]
connection::run()
count=204 min=00:00:00 avg=00:00:00.019071 max=00:00:00.343750

[2010-05-27 12:49:31]
connection::run()
count=205 min=00:00:00 avg=00:00:00.018978 max=00:00:00.343750

[2010-05-27 12:49:31]
connection::run()
count=206 min=00:00:00 avg=00:00:00.018886 max=00:00:00.343750

[2010-05-27 12:49:31]
connection::run()
count=207 min=00:00:00 avg=00:00:00.018870 max=00:00:00.343750

[2010-05-27 12:49:31]
connection::run()
count=208 min=00:00:00 avg=00:00:00.018780 max=00:00:00.343750

[2010-05-27 12:49:31]
connection::run()
count=209 min=00:00:00 avg=00:00:00.018690 max=00:00:00.343750

[2010-05-27 12:49:31]
connection::run()
count=210 min=00:00:00 avg=00:00:00.018601 max=00:00:00.343750

[2010-05-27 12:49:31]
connection::run()
count=211 min=00:00:00 avg=00:00:00.018587 max=00:00:00.343750

[2010-05-27 12:49:31]
connection::run()
count=212 min=00:00:00 avg=00:00:00.018573 max=00:00:00.343750

[2010-05-27 12:49:31]
connection::run()
count=213 min=00:00:00 avg=00:00:00.018559 max=00:00:00.343750

[2010-05-27 12:49:31]
connection::run()
count=214 min=00:00:00 avg=00:00:00.018545 max=00:00:00.343750

[2010-05-27 12:49:31]
connection::run()
count=215 min=00:00:00 avg=00:00:00.018459 max=00:00:00.343750

[2010-05-27 12:49:31]
connection::run()
count=216 min=00:00:00 avg=00:00:00.018446 max=00:00:00.343750

[2010-05-27 12:49:31]
connection::run()
count=217 min=00:00:00 avg=00:00:00.018361 max=00:00:00.343750

[2010-05-27 12:49:31]
connection::run()
count=218 min=00:00:00 avg=00:00:00.018348 max=00:00:00.343750

[2010-05-27 12:49:31]
connection::run()
count=219 min=00:00:00 avg=00:00:00.018264 max=00:00:00.343750

[2010-05-27 12:49:31]
connection::run()
count=220 min=00:00:00 avg=00:00:00.018252 max=00:00:00.343750

[2010-05-27 12:49:31]
connection::run()
count=221 min=00:00:00 avg=00:00:00.018240 max=00:00:00.343750

[2010-05-27 12:49:31]
connection::run()
count=222 min=00:00:00 avg=00:00:00.018229 max=00:00:00.343750

[2010-05-27 12:49:31]
connection::run()
count=223 min=00:00:00 avg=00:00:00.018217 max=00:00:00.343750

[2010-05-27 12:49:31]
connection::run()
count=224 min=00:00:00 avg=00:00:00.018205 max=00:00:00.343750

[2010-05-27 12:49:31]
connection::run()
count=225 min=00:00:00 avg=00:00:00.018125 max=00:00:00.343750

[2010-05-27 12:49:31]
connection::run()
count=226 min=00:00:00 avg=00:00:00.018044 max=00:00:00.343750

[2010-05-27 12:49:31]
connection::run()
count=227 min=00:00:00 avg=00:00:00.018034 max=00:00:00.343750

[2010-05-27 12:49:31]
connection::run()
count=228 min=00:00:00 avg=00:00:00.018023 max=00:00:00.343750

[2010-05-27 12:49:31]
connection::run()
count=229 min=00:00:00 avg=00:00:00.017944 max=00:00:00.343750

[2010-05-27 12:49:31]
connection::run()
count=230 min=00:00:00 avg=00:00:00.017934 max=00:00:00.343750

[2010-05-27 12:49:32]
connection::run()
count=231 min=00:00:00 avg=00:00:00.017924 max=00:00:00.343750

[2010-05-27 12:49:32]
connection::run()
count=232 min=00:00:00 avg=00:00:00.017914 max=00:00:00.343750

[2010-05-27 12:49:32]
connection::run()
count=233 min=00:00:00 avg=00:00:00.017905 max=00:00:00.343750

[2010-05-27 12:49:32]
connection::run()
count=234 min=00:00:00 avg=00:00:00.017895 max=00:00:00.343750

[2010-05-27 12:49:32]
connection::run()
count=235 min=00:00:00 avg=00:00:00.017885 max=00:00:00.343750

[2010-05-27 12:49:32]
connection::run()
count=236 min=00:00:00 avg=00:00:00.017876 max=00:00:00.343750

[2010-05-27 12:49:32]
connection::run()
count=237 min=00:00:00 avg=00:00:00.017866 max=00:00:00.343750

[2010-05-27 12:49:32]
connection::run()
count=238 min=00:00:00 avg=00:00:00.017791 max=00:00:00.343750

[2010-05-27 12:49:32]
connection::run()
count=239 min=00:00:00 avg=00:00:00.017717 max=00:00:00.343750

[2010-05-27 12:49:32]
connection::run()
count=240 min=00:00:00 avg=00:00:00.017708 max=00:00:00.343750

[2010-05-27 12:49:32]
connection::run()
count=241 min=00:00:00 avg=00:00:00.017699 max=00:00:00.343750

[2010-05-27 12:49:32]
connection::run()
count=242 min=00:00:00 avg=00:00:00.017691 max=00:00:00.343750

[2010-05-27 12:49:32]
connection::run()
count=243 min=00:00:00 avg=00:00:00.017682 max=00:00:00.343750

[2010-05-27 12:49:32]
connection::run()
count=244 min=00:00:00 avg=00:00:00.017674 max=00:00:00.343750

[2010-05-27 12:49:32]
connection::run()
count=245 min=00:00:00 avg=00:00:00.017665 max=00:00:00.343750

[2010-05-27 12:49:32]
connection::run()
count=246 min=00:00:00 avg=00:00:00.017657 max=00:00:00.343750

[2010-05-27 12:49:32]
connection::run()
count=247 min=00:00:00 avg=00:00:00.017649 max=00:00:00.343750

[2010-05-27 12:49:32]
connection::run()
count=248 min=00:00:00 avg=00:00:00.017641 max=00:00:00.343750

[2010-05-27 12:49:33]
connection::run()
count=249 min=00:00:00 avg=00:00:00.017633 max=00:00:00.343750

[2010-05-27 12:49:33]
connection::run()
count=250 min=00:00:00 avg=00:00:00.017625 max=00:00:00.343750

[2010-05-27 12:49:33]
connection::run()
count=251 min=00:00:00 avg=00:00:00.017617 max=00:00:00.343750

[2010-05-27 12:49:33]
connection::run()
count=252 min=00:00:00 avg=00:00:00.017609 max=00:00:00.343750

[2010-05-27 12:49:33]
connection::run()
count=253 min=00:00:00 avg=00:00:00.017601 max=00:00:00.343750

[2010-05-27 12:49:33]
connection::run()
count=254 min=00:00:00 avg=00:00:00.017593 max=00:00:00.343750

[2010-05-27 12:49:33]
connection::run()
count=255 min=00:00:00 avg=00:00:00.017585 max=00:00:00.343750

[2010-05-27 12:49:33]
connection::run()
count=256 min=00:00:00 avg=00:00:00.017578 max=00:00:00.343750

[2010-05-27 12:49:33]
connection::run()
count=257 min=00:00:00 avg=00:00:00.017570 max=00:00:00.343750

[2010-05-27 12:49:33]
connection::run()
count=258 min=00:00:00 avg=00:00:00.017562 max=00:00:00.343750

[2010-05-27 12:49:33]
connection::run()
count=259 min=00:00:00 avg=00:00:00.017495 max=00:00:00.343750

[2010-05-27 12:49:33]
connection::run()
count=260 min=00:00:00 avg=00:00:00.017487 max=00:00:00.343750

[2010-05-27 12:49:34]
connection::run()
count=261 min=00:00:00 avg=00:00:00.017480 max=00:00:00.343750

[2010-05-27 12:49:34]
connection::run()
count=262 min=00:00:00 avg=00:00:00.017533 max=00:00:00.343750

[2010-05-27 12:49:34]
connection::run()
count=263 min=00:00:00 avg=00:00:00.017526 max=00:00:00.343750

[2010-05-27 12:49:34]
connection::run()
count=264 min=00:00:00 avg=00:00:00.017578 max=00:00:00.343750

[2010-05-27 12:49:34]
connection::run()
count=265 min=00:00:00 avg=00:00:00.017570 max=00:00:00.343750

[2010-05-27 12:49:34]
connection::run()
count=266 min=00:00:00 avg=00:00:00.017563 max=00:00:00.343750

[2010-05-27 12:49:34]
connection::run()
count=267 min=00:00:00 avg=00:00:00.017614 max=00:00:00.343750

[2010-05-27 12:49:34]
connection::run()
count=268 min=00:00:00 avg=00:00:00.017665 max=00:00:00.343750

[2010-05-27 12:49:34]
connection::run()
count=269 min=00:00:00 avg=00:00:00.017716 max=00:00:00.343750

[2010-05-27 12:49:35]
connection::run()
count=270 min=00:00:00 avg=00:00:00.017766 max=00:00:00.343750

[2010-05-27 12:49:35]
connection::run()
count=271 min=00:00:00 avg=00:00:00.017815 max=00:00:00.343750

[2010-05-27 12:49:35]
connection::run()
count=272 min=00:00:00 avg=00:00:00.017807 max=00:00:00.343750

[2010-05-27 12:49:35]
connection::run()
count=273 min=00:00:00 avg=00:00:00.017799 max=00:00:00.343750

[2010-05-27 12:49:35]
connection::run()
count=274 min=00:00:00 avg=00:00:00.017791 max=00:00:00.343750

[2010-05-27 12:49:35]
connection::run()
count=275 min=00:00:00 avg=00:00:00.017784 max=00:00:00.343750

[2010-05-27 12:49:35]
connection::run()
count=276 min=00:00:00 avg=00:00:00.017832 max=00:00:00.343750

[2010-05-27 12:49:35]
connection::run()
count=277 min=00:00:00 avg=00:00:00.017824 max=00:00:00.343750

[2010-05-27 12:49:35]
connection::run()
count=278 min=00:00:00 avg=00:00:00.017816 max=00:00:00.343750

[2010-05-27 12:49:35]
connection::run()
count=279 min=00:00:00 avg=00:00:00.017809 max=00:00:00.343750

[2010-05-27 12:49:35]
connection::run()
count=280 min=00:00:00 avg=00:00:00.017801 max=00:00:00.343750

[2010-05-27 12:49:35]
connection::run()
count=281 min=00:00:00 avg=00:00:00.017793 max=00:00:00.343750

[2010-05-27 12:49:35]
connection::run()
count=282 min=00:00:00 avg=00:00:00.017841 max=00:00:00.343750

[2010-05-27 12:49:35]
connection::run()
count=283 min=00:00:00 avg=00:00:00.017888 max=00:00:00.343750

[2010-05-27 12:49:35]
connection::run()
count=284 min=00:00:00 avg=00:00:00.017935 max=00:00:00.343750

[2010-05-27 12:49:38]
connection::run()
count=285 min=00:00:00 avg=00:00:00.018037 max=00:00:00.343750

[2010-05-27 12:49:38]
connection::run()
count=286 min=00:00:00 avg=00:00:00.018083 max=00:00:00.343750

[2010-05-27 12:49:38]
connection::run()
count=287 min=00:00:00 avg=00:00:00.018238 max=00:00:00.343750

[2010-05-27 12:49:38]
connection::run()
count=288 min=00:00:00 avg=00:00:00.018283 max=00:00:00.343750

[2010-05-27 12:49:38]
connection::run()
count=289 min=00:00:00 avg=00:00:00.018274 max=00:00:00.343750

[2010-05-27 12:49:38]
connection::run()
count=290 min=00:00:00 avg=00:00:00.018318 max=00:00:00.343750

[2010-05-27 12:49:39]
connection::run()
count=291 min=00:00:00 avg=00:00:00.018309 max=00:00:00.343750

[2010-05-27 12:49:39]
connection::run()
count=292 min=00:00:00 avg=00:00:00.018300 max=00:00:00.343750

[2010-05-27 12:49:39]
connection::run()
count=293 min=00:00:00 avg=00:00:00.018291 max=00:00:00.343750

[2010-05-27 12:49:39]
connection::run()
count=294 min=00:00:00 avg=00:00:00.018335 max=00:00:00.343750

[2010-05-27 12:49:39]
connection::run()
count=295 min=00:00:00 avg=00:00:00.018326 max=00:00:00.343750

[2010-05-27 12:49:39]
connection::run()
count=296 min=00:00:00 avg=00:00:00.018317 max=00:00:00.343750

[2010-05-27 12:49:39]
connection::run()
count=297 min=00:00:00 avg=00:00:00.018308 max=00:00:00.343750

[2010-05-27 12:49:39]
connection::run()
count=298 min=00:00:00 avg=00:00:00.018351 max=00:00:00.343750

[2010-05-27 12:49:39]
connection::run()
count=299 min=00:00:00 avg=00:00:00.018394 max=00:00:00.343750

[2010-05-27 12:49:39]
connection::run()
count=300 min=00:00:00 avg=00:00:00.018489 max=00:00:00.343750

[2010-05-27 12:49:39]
connection::run()
count=301 min=00:00:00 avg=00:00:00.018531 max=00:00:00.343750

[2010-05-27 12:49:39]
connection::run()
count=302 min=00:00:00 avg=00:00:00.018574 max=00:00:00.343750

[2010-05-27 12:49:39]
connection::run()
count=303 min=00:00:00 avg=00:00:00.018615 max=00:00:00.343750

[2010-05-27 12:49:39]
connection::run()
count=304 min=00:00:00 avg=00:00:00.018606 max=00:00:00.343750

[2010-05-27 12:49:39]
connection::run()
count=305 min=00:00:00 avg=00:00:00.018647 max=00:00:00.343750

[2010-05-27 12:49:39]
connection::run()
count=306 min=00:00:00 avg=00:00:00.018637 max=00:00:00.343750

[2010-05-27 12:49:39]
connection::run()
count=307 min=00:00:00 avg=00:00:00.018678 max=00:00:00.343750

[2010-05-27 12:49:39]
connection::run()
count=308 min=00:00:00 avg=00:00:00.018719 max=00:00:00.343750

[2010-05-27 12:49:39]
connection::run()
count=309 min=00:00:00 avg=00:00:00.018760 max=00:00:00.343750

[2010-05-27 12:49:39]
connection::run()
count=310 min=00:00:00 avg=00:00:00.018800 max=00:00:00.343750

[2010-05-27 12:49:40]
connection::run()
count=311 min=00:00:00 avg=00:00:00.018840 max=00:00:00.343750

[2010-05-27 12:49:40]
connection::run()
count=312 min=00:00:00 avg=00:00:00.018830 max=00:00:00.343750

[2010-05-27 12:49:40]
connection::run()
count=313 min=00:00:00 avg=00:00:00.018819 max=00:00:00.343750

[2010-05-27 12:49:40]
connection::run()
count=314 min=00:00:00 avg=00:00:00.018809 max=00:00:00.343750

[2010-05-27 12:49:42]
connection::run()
count=315 min=00:00:00 avg=00:00:00.018898 max=00:00:00.343750

[2010-05-27 12:49:42]
connection::run()
count=316 min=00:00:00 avg=00:00:00.018937 max=00:00:00.343750

[2010-05-27 12:49:42]
connection::run()
count=317 min=00:00:00 avg=00:00:00.018927 max=00:00:00.343750

[2010-05-27 12:49:42]
connection::run()
count=318 min=00:00:00 avg=00:00:00.018966 max=00:00:00.343750

[2010-05-27 12:49:42]
connection::run()
count=319 min=00:00:00 avg=00:00:00.018955 max=00:00:00.343750

[2010-05-27 12:49:42]
connection::run()
count=320 min=00:00:00 avg=00:00:00.018945 max=00:00:00.343750

[2010-05-27 12:49:42]
connection::run()
count=321 min=00:00:00 avg=00:00:00.018934 max=00:00:00.343750

[2010-05-27 12:49:42]
connection::run()
count=322 min=00:00:00 avg=00:00:00.018973 max=00:00:00.343750

[2010-05-27 12:49:42]
connection::run()
count=323 min=00:00:00 avg=00:00:00.018962 max=00:00:00.343750

[2010-05-27 12:49:42]
connection::run()
count=324 min=00:00:00 avg=00:00:00.018952 max=00:00:00.343750

[2010-05-27 12:49:42]
connection::run()
count=325 min=00:00:00 avg=00:00:00.018942 max=00:00:00.343750

[2010-05-27 12:49:42]
connection::run()
count=326 min=00:00:00 avg=00:00:00.018980 max=00:00:00.343750

[2010-05-27 12:49:42]
connection::run()
count=327 min=00:00:00 avg=00:00:00.018969 max=00:00:00.343750

[2010-05-27 12:49:42]
connection::run()
count=328 min=00:00:00 avg=00:00:00.018959 max=00:00:00.343750

[2010-05-27 12:49:43]
connection::run()
count=329 min=00:00:00 avg=00:00:00.018949 max=00:00:00.343750

[2010-05-27 12:49:43]
connection::run()
count=330 min=00:00:00 avg=00:00:00.018986 max=00:00:00.343750

[2010-05-27 12:49:43]
connection::run()
count=331 min=00:00:00 avg=00:00:00.019023 max=00:00:00.343750

[2010-05-27 12:49:43]
connection::run()
count=332 min=00:00:00 avg=00:00:00.019013 max=00:00:00.343750

[2010-05-27 12:49:43]
connection::run()
count=333 min=00:00:00 avg=00:00:00.019050 max=00:00:00.343750

[2010-05-27 12:49:43]
connection::run()
count=334 min=00:00:00 avg=00:00:00.019040 max=00:00:00.343750

[2010-05-27 12:49:43]
connection::run()
count=335 min=00:00:00 avg=00:00:00.019076 max=00:00:00.343750

[2010-05-27 12:49:43]
connection::run()
count=336 min=00:00:00 avg=00:00:00.019066 max=00:00:00.343750

[2010-05-27 12:49:43]
connection::run()
count=337 min=00:00:00 avg=00:00:00.019056 max=00:00:00.343750

[2010-05-27 12:49:43]
connection::run()
count=338 min=00:00:00 avg=00:00:00.019045 max=00:00:00.343750

[2010-05-27 12:49:45]
connection::run()
count=339 min=00:00:00 avg=00:00:00.019127 max=00:00:00.343750

[2010-05-27 12:49:45]
connection::run()
count=340 min=00:00:00 avg=00:00:00.019163 max=00:00:00.343750

[2010-05-27 12:49:45]
connection::run()
count=341 min=00:00:00 avg=00:00:00.019244 max=00:00:00.343750

[2010-05-27 12:49:46]
connection::run()
count=342 min=00:00:00 avg=00:00:00.019279 max=00:00:00.343750

[2010-05-27 12:49:46]
connection::run()
count=343 min=00:00:00 avg=00:00:00.019314 max=00:00:00.343750

[2010-05-27 12:49:46]
connection::run()
count=344 min=00:00:00 avg=00:00:00.019304 max=00:00:00.343750

[2010-05-27 12:49:46]
connection::run()
count=345 min=00:00:00 avg=00:00:00.019338 max=00:00:00.343750

[2010-05-27 12:49:46]
connection::run()
count=346 min=00:00:00 avg=00:00:00.019328 max=00:00:00.343750

[2010-05-27 12:49:46]
connection::run()
count=347 min=00:00:00 avg=00:00:00.019317 max=00:00:00.343750

[2010-05-27 12:49:46]
connection::run()
count=348 min=00:00:00 avg=00:00:00.019306 max=00:00:00.343750

[2010-05-27 12:49:46]
connection::run()
count=349 min=00:00:00 avg=00:00:00.019340 max=00:00:00.343750

[2010-05-27 12:49:46]
connection::run()
count=350 min=00:00:00 avg=00:00:00.019330 max=00:00:00.343750

[2010-05-27 12:49:46]
connection::run()
count=351 min=00:00:00 avg=00:00:00.019408 max=00:00:00.343750

[2010-05-27 12:49:46]
connection::run()
count=352 min=00:00:00 avg=00:00:00.019398 max=00:00:00.343750

[2010-05-27 12:49:46]
connection::run()
count=353 min=00:00:00 avg=00:00:00.019431 max=00:00:00.343750

[2010-05-27 12:49:46]
connection::run()
count=354 min=00:00:00 avg=00:00:00.019420 max=00:00:00.343750

[2010-05-27 12:49:46]
connection::run()
count=355 min=00:00:00 avg=00:00:00.019454 max=00:00:00.343750

[2010-05-27 12:49:46]
connection::run()
count=356 min=00:00:00 avg=00:00:00.019487 max=00:00:00.343750

[2010-05-27 12:49:46]
connection::run()
count=357 min=00:00:00 avg=00:00:00.019520 max=00:00:00.343750

[2010-05-27 12:49:46]
connection::run()
count=358 min=00:00:00 avg=00:00:00.019553 max=00:00:00.343750

[2010-05-27 12:49:46]
connection::run()
count=359 min=00:00:00 avg=00:00:00.019629 max=00:00:00.343750

[2010-05-27 12:49:46]
connection::run()
count=360 min=00:00:00 avg=00:00:00.019661 max=00:00:00.343750

[2010-05-27 12:49:46]
connection::run()
count=361 min=00:00:00 avg=00:00:00.019650 max=00:00:00.343750

[2010-05-27 12:49:47]
connection::run()
count=362 min=00:00:00 avg=00:00:00.019682 max=00:00:00.343750

[2010-05-27 12:49:49]
connection::run()
count=363 min=00:00:00 avg=00:00:00.019757 max=00:00:00.343750

[2010-05-27 12:49:49]
connection::run()
count=364 min=00:00:00 avg=00:00:00.019831 max=00:00:00.343750

[2010-05-27 12:49:49]
connection::run()
count=365 min=00:00:00 avg=00:00:00.019863 max=00:00:00.343750

[2010-05-27 12:49:49]
connection::run()
count=366 min=00:00:00 avg=00:00:00.019894 max=00:00:00.343750

[2010-05-27 12:49:49]
connection::run()
count=367 min=00:00:00 avg=00:00:00.019882 max=00:00:00.343750

[2010-05-27 12:49:49]
connection::run()
count=368 min=00:00:00 avg=00:00:00.019913 max=00:00:00.343750

[2010-05-27 12:49:49]
connection::run()
count=369 min=00:00:00 avg=00:00:00.019944 max=00:00:00.343750

[2010-05-27 12:49:49]
connection::run()
count=370 min=00:00:00 avg=00:00:00.019974 max=00:00:00.343750

[2010-05-27 12:49:49]
connection::run()
count=371 min=00:00:00 avg=00:00:00.019962 max=00:00:00.343750

[2010-05-27 12:49:50]
connection::run()
count=372 min=00:00:00 avg=00:00:00.019993 max=00:00:00.343750

[2010-05-27 12:49:50]
connection::run()
count=373 min=00:00:00 avg=00:00:00.020023 max=00:00:00.343750

[2010-05-27 12:49:50]
connection::run()
count=374 min=00:00:00 avg=00:00:00.020011 max=00:00:00.343750

[2010-05-27 12:49:50]
connection::run()
count=375 min=00:00:00 avg=00:00:00.020000 max=00:00:00.343750

[2010-05-27 12:49:50]
connection::run()
count=376 min=00:00:00 avg=00:00:00.019988 max=00:00:00.343750

[2010-05-27 12:49:50]
connection::run()
count=377 min=00:00:00 avg=00:00:00.019976 max=00:00:00.343750

[2010-05-27 12:49:50]
connection::run()
count=378 min=00:00:00 avg=00:00:00.020006 max=00:00:00.343750

[2010-05-27 12:49:50]
connection::run()
count=379 min=00:00:00 avg=00:00:00.019995 max=00:00:00.343750

[2010-05-27 12:49:50]
connection::run()
count=380 min=00:00:00 avg=00:00:00.020065 max=00:00:00.343750

[2010-05-27 12:49:50]
connection::run()
count=381 min=00:00:00 avg=00:00:00.020054 max=00:00:00.343750

[2010-05-27 12:49:50]
connection::run()
count=382 min=00:00:00 avg=00:00:00.020042 max=00:00:00.343750

[2010-05-27 12:49:50]
connection::run()
count=383 min=00:00:00 avg=00:00:00.020031 max=00:00:00.343750

[2010-05-27 12:49:50]
connection::run()
count=384 min=00:00:00 avg=00:00:00.020019 max=00:00:00.343750

[2010-05-27 12:49:50]
connection::run()
count=385 min=00:00:00 avg=00:00:00.020008 max=00:00:00.343750

[2010-05-27 12:49:50]
connection::run()
count=386 min=00:00:00 avg=00:00:00.019996 max=00:00:00.343750

[2010-05-27 12:49:50]
connection::run()
count=387 min=00:00:00 avg=00:00:00.019985 max=00:00:00.343750

[2010-05-27 12:49:50]
connection::run()
count=388 min=00:00:00 avg=00:00:00.020014 max=00:00:00.343750

[2010-05-27 12:49:50]
connection::run()
count=389 min=00:00:00 avg=00:00:00.020003 max=00:00:00.343750

[2010-05-27 12:49:50]
connection::run()
count=390 min=00:00:00 avg=00:00:00.019991 max=00:00:00.343750

[2010-05-27 12:49:50]
connection::run()
count=391 min=00:00:00 avg=00:00:00.020020 max=00:00:00.343750

[2010-05-27 12:49:50]
connection::run()
count=392 min=00:00:00 avg=00:00:00.020049 max=00:00:00.343750

[2010-05-27 12:49:54]
connection::run()
count=393 min=00:00:00 avg=00:00:00.020117 max=00:00:00.343750

[2010-05-27 12:49:55]
connection::run()
count=394 min=00:00:00 avg=00:00:00.020106 max=00:00:00.343750

[2010-05-27 12:49:55]
connection::run()
count=395 min=00:00:00 avg=00:00:00.020094 max=00:00:00.343750

[2010-05-27 12:49:55]
connection::run()
count=396 min=00:00:00 avg=00:00:00.020083 max=00:00:00.343750

[2010-05-27 12:49:55]
connection::run()
count=397 min=00:00:00 avg=00:00:00.020072 max=00:00:00.343750

[2010-05-27 12:49:55]
connection::run()
count=398 min=00:00:00 avg=00:00:00.020061 max=00:00:00.343750

[2010-05-27 12:49:55]
connection::run()
count=399 min=00:00:00 avg=00:00:00.020089 max=00:00:00.343750

[2010-05-27 12:49:55]
connection::run()
count=400 min=00:00:00 avg=00:00:00.020078 max=00:00:00.343750

[2010-05-27 12:49:55]
connection::run()
count=401 min=00:00:00 avg=00:00:00.020067 max=00:00:00.343750

[2010-05-27 12:49:55]
connection::run()
count=402 min=00:00:00 avg=00:00:00.020055 max=00:00:00.343750

[2010-05-27 12:49:55]
connection::run()
count=403 min=00:00:00 avg=00:00:00.020044 max=00:00:00.343750

[2010-05-27 12:49:55]
connection::run()
count=404 min=00:00:00 avg=00:00:00.020072 max=00:00:00.343750

[2010-05-27 12:49:55]
connection::run()
count=405 min=00:00:00 avg=00:00:00.020061 max=00:00:00.343750

[2010-05-27 12:49:55]
connection::run()
count=406 min=00:00:00 avg=00:00:00.020050 max=00:00:00.343750

[2010-05-27 12:49:55]
connection::run()
count=407 min=00:00:00 avg=00:00:00.020039 max=00:00:00.343750

[2010-05-27 12:49:55]
connection::run()
count=408 min=00:00:00 avg=00:00:00.019990 max=00:00:00.343750

[2010-05-27 12:49:55]
connection::run()
count=409 min=00:00:00 avg=00:00:00.019980 max=00:00:00.343750

[2010-05-27 12:49:55]
connection::run()
count=410 min=00:00:00 avg=00:00:00.019969 max=00:00:00.343750

[2010-05-27 12:49:55]
connection::run()
count=411 min=00:00:00 avg=00:00:00.019958 max=00:00:00.343750

[2010-05-27 12:49:55]
connection::run()
count=412 min=00:00:00 avg=00:00:00.019948 max=00:00:00.343750

[2010-05-27 12:49:55]
connection::run()
count=413 min=00:00:00 avg=00:00:00.019937 max=00:00:00.343750

[2010-05-27 12:49:55]
connection::run()
count=414 min=00:00:00 avg=00:00:00.019927 max=00:00:00.343750

[2010-05-27 12:49:55]
connection::run()
count=415 min=00:00:00 avg=00:00:00.019917 max=00:00:00.343750

[2010-05-27 12:49:55]
connection::run()
count=416 min=00:00:00 avg=00:00:00.019944 max=00:00:00.343750

[2010-05-27 12:49:55]
connection::run()
count=417 min=00:00:00 avg=00:00:00.019934 max=00:00:00.343750

[2010-05-27 12:49:55]
connection::run()
count=418 min=00:00:00 avg=00:00:00.019961 max=00:00:00.343750

[2010-05-27 12:49:56]
connection::run()
count=419 min=00:00:00 avg=00:00:00.019988 max=00:00:00.343750

[2010-05-27 12:49:56]
connection::run()
count=420 min=00:00:00 avg=00:00:00.019977 max=00:00:00.343750

[2010-05-27 12:49:56]
connection::run()
count=421 min=00:00:00 avg=00:00:00.019967 max=00:00:00.343750

[2010-05-27 12:49:56]
connection::run()
count=422 min=00:00:00 avg=00:00:00.019957 max=00:00:00.343750

[2010-05-27 12:49:58]
connection::run()
count=423 min=00:00:00 avg=00:00:00.019946 max=00:00:00.343750

[2010-05-27 12:49:58]
connection::run()
count=424 min=00:00:00 avg=00:00:00.019936 max=00:00:00.343750

[2010-05-27 12:49:59]
connection::run()
count=425 min=00:00:00 avg=00:00:00.019889 max=00:00:00.343750

[2010-05-27 12:49:59]
connection::run()
count=426 min=00:00:00 avg=00:00:00.019916 max=00:00:00.343750

[2010-05-27 12:49:59]
connection::run()
count=427 min=00:00:00 avg=00:00:00.019906 max=00:00:00.343750

[2010-05-27 12:49:59]
connection::run()
count=428 min=00:00:00 avg=00:00:00.019859 max=00:00:00.343750

[2010-05-27 12:49:59]
connection::run()
count=429 min=00:00:00 avg=00:00:00.019849 max=00:00:00.343750

[2010-05-27 12:49:59]
connection::run()
count=430 min=00:00:00 avg=00:00:00.019840 max=00:00:00.343750

[2010-05-27 12:49:59]
connection::run()
count=431 min=00:00:00 avg=00:00:00.019830 max=00:00:00.343750

[2010-05-27 12:49:59]
connection::run()
count=432 min=00:00:00 avg=00:00:00.019820 max=00:00:00.343750

[2010-05-27 12:49:59]
connection::run()
count=433 min=00:00:00 avg=00:00:00.019774 max=00:00:00.343750

[2010-05-27 12:49:59]
connection::run()
count=434 min=00:00:00 avg=00:00:00.019801 max=00:00:00.343750

[2010-05-27 12:49:59]
connection::run()
count=435 min=00:00:00 avg=00:00:00.019791 max=00:00:00.343750

[2010-05-27 12:49:59]
connection::run()
count=436 min=00:00:00 avg=00:00:00.019782 max=00:00:00.343750

[2010-05-27 12:49:59]
connection::run()
count=437 min=00:00:00 avg=00:00:00.019772 max=00:00:00.343750

[2010-05-27 12:49:59]
connection::run()
count=438 min=00:00:00 avg=00:00:00.019763 max=00:00:00.343750

[2010-05-27 12:49:59]
connection::run()
count=439 min=00:00:00 avg=00:00:00.019789 max=00:00:00.343750

[2010-05-27 12:49:59]
connection::run()
count=440 min=00:00:00 avg=00:00:00.019779 max=00:00:00.343750

[2010-05-27 12:49:59]
connection::run()
count=441 min=00:00:00 avg=00:00:00.019770 max=00:00:00.343750

[2010-05-27 12:49:59]
connection::run()
count=442 min=00:00:00 avg=00:00:00.019796 max=00:00:00.343750

[2010-05-27 12:49:59]
connection::run()
count=443 min=00:00:00 avg=00:00:00.019786 max=00:00:00.343750

[2010-05-27 12:49:59]
connection::run()
count=444 min=00:00:00 avg=00:00:00.019777 max=00:00:00.343750

[2010-05-27 12:49:59]
connection::run()
count=445 min=00:00:00 avg=00:00:00.019768 max=00:00:00.343750

[2010-05-27 12:49:59]
connection::run()
count=446 min=00:00:00 avg=00:00:00.019794 max=00:00:00.343750

[2010-05-27 12:49:59]
connection::run()
count=447 min=00:00:00 avg=00:00:00.019819 max=00:00:00.343750

[2010-05-27 12:49:59]
connection::run()
count=448 min=00:00:00 avg=00:00:00.019845 max=00:00:00.343750

[2010-05-27 12:50:00]
connection::run()
count=449 min=00:00:00 avg=00:00:00.019835 max=00:00:00.343750

[2010-05-27 12:50:00]
connection::run()
count=450 min=00:00:00 avg=00:00:00.019826 max=00:00:00.343750

[2010-05-27 12:50:00]
connection::run()
count=451 min=00:00:00 avg=00:00:00.019817 max=00:00:00.343750

[2010-05-27 12:50:00]
connection::run()
count=452 min=00:00:00 avg=00:00:00.019807 max=00:00:00.343750

[2010-05-27 12:50:03]
connection::run()
count=453 min=00:00:00 avg=00:00:00.019833 max=00:00:00.343750

[2010-05-27 12:50:03]
connection::run()
count=454 min=00:00:00 avg=00:00:00.019823 max=00:00:00.343750

[2010-05-27 12:50:03]
connection::run()
count=455 min=00:00:00 avg=00:00:00.019814 max=00:00:00.343750

[2010-05-27 12:50:03]
connection::run()
count=456 min=00:00:00 avg=00:00:00.019908 max=00:00:00.343750

[2010-05-27 12:50:03]
connection::run()
count=457 min=00:00:00 avg=00:00:00.019932 max=00:00:00.343750

[2010-05-27 12:50:03]
connection::run()
count=458 min=00:00:00 avg=00:00:00.019923 max=00:00:00.343750

[2010-05-27 12:50:03]
connection::run()
count=459 min=00:00:00 avg=00:00:00.019948 max=00:00:00.343750

[2010-05-27 12:50:04]
connection::run()
count=460 min=00:00:00 avg=00:00:00.019938 max=00:00:00.343750

[2010-05-27 12:50:04]
connection::run()
count=461 min=00:00:00 avg=00:00:00.019963 max=00:00:00.343750

[2010-05-27 12:50:04]
connection::run()
count=462 min=00:00:00 avg=00:00:00.019954 max=00:00:00.343750

[2010-05-27 12:50:04]
connection::run()
count=463 min=00:00:00 avg=00:00:00.019944 max=00:00:00.343750

[2010-05-27 12:50:04]
connection::run()
count=464 min=00:00:00 avg=00:00:00.019935 max=00:00:00.343750

[2010-05-27 12:50:04]
connection::run()
count=465 min=00:00:00 avg=00:00:00.019993 max=00:00:00.343750

[2010-05-27 12:50:04]
connection::run()
count=466 min=00:00:00 avg=00:00:00.019983 max=00:00:00.343750

[2010-05-27 12:50:04]
connection::run()
count=467 min=00:00:00 avg=00:00:00.019974 max=00:00:00.343750

[2010-05-27 12:50:04]
connection::run()
count=468 min=00:00:00 avg=00:00:00.019965 max=00:00:00.343750

[2010-05-27 12:50:04]
connection::run()
count=469 min=00:00:00 avg=00:00:00.019989 max=00:00:00.343750

[2010-05-27 12:50:04]
connection::run()
count=470 min=00:00:00 avg=00:00:00.020013 max=00:00:00.343750

[2010-05-27 12:50:04]
connection::run()
count=471 min=00:00:00 avg=00:00:00.020003 max=00:00:00.343750

[2010-05-27 12:50:04]
connection::run()
count=472 min=00:00:00 avg=00:00:00.019994 max=00:00:00.343750

[2010-05-27 12:50:04]
connection::run()
count=473 min=00:00:00 avg=00:00:00.019985 max=00:00:00.343750

[2010-05-27 12:50:04]
connection::run()
count=474 min=00:00:00 avg=00:00:00.020009 max=00:00:00.343750

[2010-05-27 12:50:04]
connection::run()
count=475 min=00:00:00 avg=00:00:00.020032 max=00:00:00.343750

[2010-05-27 12:50:04]
connection::run()
count=476 min=00:00:00 avg=00:00:00.020023 max=00:00:00.343750

[2010-05-27 12:50:04]
connection::run()
count=477 min=00:00:00 avg=00:00:00.020014 max=00:00:00.343750

[2010-05-27 12:50:04]
connection::run()
count=478 min=00:00:00 avg=00:00:00.020005 max=00:00:00.343750

[2010-05-27 12:50:04]
connection::run()
count=479 min=00:00:00 avg=00:00:00.019996 max=00:00:00.343750

[2010-05-27 12:50:04]
connection::run()
count=480 min=00:00:00 avg=00:00:00.019986 max=00:00:00.343750

[2010-05-27 12:50:05]
connection::run()
count=481 min=00:00:00 avg=00:00:00.019977 max=00:00:00.343750

[2010-05-27 12:50:05]
connection::run()
count=482 min=00:00:00 avg=00:00:00.020001 max=00:00:00.343750

[2010-05-27 12:50:07]
connection::run()
count=483 min=00:00:00 avg=00:00:00.019992 max=00:00:00.343750

[2010-05-27 12:50:07]
my::exception in connectionПо данному запросу нет данных
request: GET /maps/gettile?map=yasat&z=17&x=57359&y=22701 HTTP/1.1\r\n

[2010-05-27 12:50:07]
connection::run()
count=484 min=00:00:00 avg=00:00:00.019983 max=00:00:00.343750

[2010-05-27 12:50:07]
my::exception in connectionПо данному запросу нет данных
request: GET /maps/gettile?map=yasat&z=17&x=57360&y=22703 HTTP/1.1\r\n

[2010-05-27 12:50:07]
connection::run()
count=485 min=00:00:00 avg=00:00:00.019942 max=00:00:00.343750

[2010-05-27 12:50:07]
my::exception in connectionПо данному запросу нет данных
request: GET /maps/gettile?map=yasat&z=17&x=57361&y=22704 HTTP/1.1\r\n

[2010-05-27 12:50:07]
connection::run()
count=486 min=00:00:00 avg=00:00:00.019965 max=00:00:00.343750

[2010-05-27 12:50:07]
my::exception in connectionПо данному запросу нет данных
request: GET /maps/gettile?map=yasat&z=17&x=57361&y=22703 HTTP/1.1\r\n

[2010-05-27 12:50:07]
connection::run()
count=487 min=00:00:00 avg=00:00:00.019924 max=00:00:00.343750

[2010-05-27 12:50:07]
my::exception in connectionПо данному запросу нет данных
request: GET /maps/gettile?map=yasat&z=17&x=57361&y=22702 HTTP/1.1\r\n

[2010-05-27 12:50:07]
connection::run()
count=488 min=00:00:00 avg=00:00:00.019883 max=00:00:00.343750

[2010-05-27 12:50:07]
my::exception in connectionПо данному запросу нет данных
request: GET /maps/gettile?map=yasat&z=17&x=57361&y=22701 HTTP/1.1\r\n

[2010-05-27 12:50:07]
connection::run()
count=489 min=00:00:00 avg=00:00:00.019842 max=00:00:00.343750

[2010-05-27 12:50:07]
my::exception in connectionПо данному запросу нет данных
request: GET /maps/gettile?map=yasat&z=17&x=57360&y=22704 HTTP/1.1\r\n

[2010-05-27 12:50:07]
connection::run()
count=490 min=00:00:00 avg=00:00:00.019802 max=00:00:00.343750

[2010-05-27 12:50:07]
my::exception in connectionПо данному запросу нет данных
request: GET /maps/gettile?map=yasat&z=17&x=57360&y=22702 HTTP/1.1\r\n

[2010-05-27 12:50:07]
connection::run()
count=491 min=00:00:00 avg=00:00:00.019761 max=00:00:00.343750

[2010-05-27 12:50:07]
my::exception in connectionПо данному запросу нет данных
request: GET /maps/gettile?map=yasat&z=17&x=57360&y=22701 HTTP/1.1\r\n

[2010-05-27 12:50:07]
connection::run()
count=492 min=00:00:00 avg=00:00:00.019721 max=00:00:00.343750

[2010-05-27 12:50:07]
connection::run()
count=493 min=00:00:00 avg=00:00:00.019745 max=00:00:00.343750

[2010-05-27 12:50:07]
connection::run()
count=494 min=00:00:00 avg=00:00:00.019800 max=00:00:00.343750

[2010-05-27 12:50:07]
connection::run()
count=495 min=00:00:00 avg=00:00:00.019823 max=00:00:00.343750

[2010-05-27 12:50:07]
connection::run()
count=496 min=00:00:00 avg=00:00:00.019846 max=00:00:00.343750

[2010-05-27 12:50:07]
connection::run()
count=497 min=00:00:00 avg=00:00:00.019869 max=00:00:00.343750

[2010-05-27 12:50:07]
connection::run()
count=498 min=00:00:00 avg=00:00:00.019860 max=00:00:00.343750

[2010-05-27 12:50:07]
connection::run()
count=499 min=00:00:00 avg=00:00:00.019852 max=00:00:00.343750

[2010-05-27 12:50:07]
connection::run()
count=500 min=00:00:00 avg=00:00:00.019875 max=00:00:00.343750

[2010-05-27 12:50:08]
connection::run()
count=501 min=00:00:00 avg=00:00:00.019866 max=00:00:00.343750

[2010-05-27 12:50:08]
connection::run()
count=502 min=00:00:00 avg=00:00:00.019858 max=00:00:00.343750

[2010-05-27 12:50:08]
connection::run()
count=503 min=00:00:00 avg=00:00:00.019880 max=00:00:00.343750

[2010-05-27 12:50:08]
connection::run()
count=504 min=00:00:00 avg=00:00:00.019903 max=00:00:00.343750

[2010-05-27 12:50:08]
connection::run()
count=505 min=00:00:00 avg=00:00:00.019894 max=00:00:00.343750

[2010-05-27 12:50:08]
connection::run()
count=506 min=00:00:00 avg=00:00:00.019886 max=00:00:00.343750

[2010-05-27 12:50:12]
connection::run()
count=507 min=00:00:00 avg=00:00:00.019970 max=00:00:00.343750

[2010-05-27 12:50:12]
connection::run()
count=508 min=00:00:00 avg=00:00:00.019961 max=00:00:00.343750

[2010-05-27 12:50:12]
connection::run()
count=509 min=00:00:00 avg=00:00:00.019984 max=00:00:00.343750

[2010-05-27 12:50:12]
connection::run()
count=510 min=00:00:00 avg=00:00:00.019975 max=00:00:00.343750

[2010-05-27 12:50:13]
connection::run()
count=511 min=00:00:00 avg=00:00:00.019966 max=00:00:00.343750

[2010-05-27 12:50:13]
connection::run()
count=512 min=00:00:00 avg=00:00:00.019958 max=00:00:00.343750

[2010-05-27 12:50:13]
connection::run()
count=513 min=00:00:00 avg=00:00:00.019950 max=00:00:00.343750

[2010-05-27 12:50:13]
connection::run()
count=514 min=00:00:00 avg=00:00:00.019941 max=00:00:00.343750

[2010-05-27 12:50:13]
my::exception in connectionПо данному запросу нет данных
request: GET /maps/gettile?map=yasat&z=15&x=14346&y=5675 HTTP/1.1\r\n

[2010-05-27 12:50:13]
connection::run()
count=515 min=00:00:00 avg=00:00:00.019933 max=00:00:00.343750

[2010-05-27 12:50:13]
my::exception in connectionПо данному запросу нет данных
request: GET /maps/gettile?map=yasat&z=15&x=14346&y=5674 HTTP/1.1\r\n

[2010-05-27 12:50:13]
connection::run()
count=516 min=00:00:00 avg=00:00:00.019924 max=00:00:00.343750

[2010-05-27 12:50:13]
my::exception in connectionПо данному запросу нет данных
request: GET /maps/gettile?map=yasat&z=15&x=14346&y=5673 HTTP/1.1\r\n

[2010-05-27 12:50:13]
connection::run()
count=517 min=00:00:00 avg=00:00:00.019916 max=00:00:00.343750

[2010-05-27 12:50:13]
my::exception in connectionПо данному запросу нет данных
request: GET /maps/gettile?map=yasat&z=15&x=14346&y=5672 HTTP/1.1\r\n

[2010-05-27 12:50:13]
connection::run()
count=518 min=00:00:00 avg=00:00:00.019908 max=00:00:00.343750

[2010-05-27 12:50:13]
connection::run()
count=519 min=00:00:00 avg=00:00:00.019900 max=00:00:00.343750

[2010-05-27 12:50:13]
my::exception in connectionПо данному запросу нет данных
request: GET /maps/gettile?map=yasat&z=15&x=14345&y=5674 HTTP/1.1\r\n

[2010-05-27 12:50:13]
connection::run()
count=520 min=00:00:00 avg=00:00:00.019861 max=00:00:00.343750

[2010-05-27 12:50:13]
connection::run()
count=521 min=00:00:00 avg=00:00:00.019853 max=00:00:00.343750

[2010-05-27 12:50:14]
connection::run()
count=522 min=00:00:00 avg=00:00:00.019875 max=00:00:00.343750

[2010-05-27 12:50:14]
connection::run()
count=523 min=00:00:00 avg=00:00:00.019867 max=00:00:00.343750

[2010-05-27 12:50:14]
connection::run()
count=524 min=00:00:00 avg=00:00:00.019829 max=00:00:00.343750

[2010-05-27 12:50:14]
connection::run()
count=525 min=00:00:00 avg=00:00:00.019821 max=00:00:00.343750

[2010-05-27 12:50:14]
connection::run()
count=526 min=00:00:00 avg=00:00:00.019813 max=00:00:00.343750

[2010-05-27 12:50:14]
connection::run()
count=527 min=00:00:00 avg=00:00:00.019835 max=00:00:00.343750

[2010-05-27 12:50:14]
connection::run()
count=528 min=00:00:00 avg=00:00:00.019856 max=00:00:00.343750

[2010-05-27 12:50:14]
connection::run()
count=529 min=00:00:00 avg=00:00:00.019848 max=00:00:00.343750

[2010-05-27 12:50:14]
connection::run()
count=530 min=00:00:00 avg=00:00:00.019870 max=00:00:00.343750

[2010-05-27 12:50:14]
connection::run()
count=531 min=00:00:00 avg=00:00:00.019862 max=00:00:00.343750

[2010-05-27 12:50:16]
connection::run()
count=532 min=00:00:00 avg=00:00:00.019883 max=00:00:00.343750

[2010-05-27 12:50:16]
connection::run()
count=533 min=00:00:00 avg=00:00:00.019875 max=00:00:00.343750

[2010-05-27 12:50:16]
connection::run()
count=534 min=00:00:00 avg=00:00:00.019897 max=00:00:00.343750

[2010-05-27 12:50:16]
connection::run()
count=535 min=00:00:00 avg=00:00:00.019859 max=00:00:00.343750

[2010-05-27 12:50:16]
my::exception in connectionПо данному запросу нет данных
request: GET /maps/gettile?map=yasat&z=16&x=28690&y=11347 HTTP/1.1\r\n

[2010-05-27 12:50:16]
connection::run()
count=536 min=00:00:00 avg=00:00:00.019851 max=00:00:00.343750

[2010-05-27 12:50:16]
connection::run()
count=537 min=00:00:00 avg=00:00:00.019844 max=00:00:00.343750

[2010-05-27 12:50:16]
connection::run()
count=538 min=00:00:00 avg=00:00:00.019836 max=00:00:00.343750

[2010-05-27 12:50:16]
connection::run()
count=539 min=00:00:00 avg=00:00:00.019828 max=00:00:00.343750

[2010-05-27 12:50:16]
connection::run()
count=540 min=00:00:00 avg=00:00:00.019820 max=00:00:00.343750

[2010-05-27 12:50:16]
connection::run()
count=541 min=00:00:00 avg=00:00:00.019841 max=00:00:00.343750

[2010-05-27 12:50:16]
connection::run()
count=542 min=00:00:00 avg=00:00:00.019862 max=00:00:00.343750

[2010-05-27 12:50:16]
connection::run()
count=543 min=00:00:00 avg=00:00:00.019854 max=00:00:00.343750

[2010-05-27 12:50:16]
connection::run()
count=544 min=00:00:00 avg=00:00:00.019847 max=00:00:00.343750

[2010-05-27 12:50:16]
connection::run()
count=545 min=00:00:00 avg=00:00:00.019839 max=00:00:00.343750

[2010-05-27 12:50:16]
connection::run()
count=546 min=00:00:00 avg=00:00:00.019831 max=00:00:00.343750

[2010-05-27 12:50:16]
connection::run()
count=547 min=00:00:00 avg=00:00:00.019824 max=00:00:00.343750

[2010-05-27 12:50:17]
connection::run()
count=548 min=00:00:00 avg=00:00:00.019816 max=00:00:00.343750

[2010-05-27 12:50:17]
connection::run()
count=549 min=00:00:00 avg=00:00:00.019780 max=00:00:00.343750

[2010-05-27 12:50:17]
connection::run()
count=550 min=00:00:00 avg=00:00:00.019772 max=00:00:00.343750

[2010-05-27 12:50:17]
connection::run()
count=551 min=00:00:00 avg=00:00:00.019765 max=00:00:00.343750

[2010-05-27 12:50:17]
connection::run()
count=552 min=00:00:00 avg=00:00:00.019757 max=00:00:00.343750

[2010-05-27 12:50:17]
connection::run()
count=553 min=00:00:00 avg=00:00:00.019750 max=00:00:00.343750

[2010-05-27 12:50:17]
connection::run()
count=554 min=00:00:00 avg=00:00:00.019742 max=00:00:00.343750

[2010-05-27 12:50:17]
connection::run()
count=555 min=00:00:00 avg=00:00:00.019735 max=00:00:00.343750

[2010-05-27 12:50:20]
my::exception in connectionПо данному запросу нет данных
request: GET /maps/gettile?map=yasat&z=17&x=57373&y=22688 HTTP/1.1\r\n

[2010-05-27 12:50:20]
connection::run()
count=556 min=00:00:00 avg=00:00:00.019727 max=00:00:00.343750

[2010-05-27 12:50:20]
my::exception in connectionПо данному запросу нет данных
request: GET /maps/gettile?map=yasat&z=17&x=57374&y=22688 HTTP/1.1\r\n

[2010-05-27 12:50:20]
connection::run()
count=557 min=00:00:00 avg=00:00:00.019720 max=00:00:00.343750

[2010-05-27 12:50:20]
my::exception in connectionПо данному запросу нет данных
request: GET /maps/gettile?map=yasat&z=17&x=57374&y=22690 HTTP/1.1\r\n

[2010-05-27 12:50:20]
connection::run()
count=558 min=00:00:00 avg=00:00:00.019713 max=00:00:00.343750

[2010-05-27 12:50:21]
my::exception in connectionПо данному запросу нет данных
request: GET /maps/gettile?map=yasat&z=17&x=57375&y=22688 HTTP/1.1\r\n

[2010-05-27 12:50:21]
connection::run()
count=559 min=00:00:00 avg=00:00:00.019705 max=00:00:00.343750

[2010-05-27 12:50:21]
my::exception in connectionПо данному запросу нет данных
request: GET /maps/gettile?map=yasat&z=17&x=57375&y=22691 HTTP/1.1\r\n

[2010-05-27 12:50:21]
connection::run()
count=560 min=00:00:00 avg=00:00:00.019698 max=00:00:00.343750

[2010-05-27 12:50:21]
my::exception in connectionПо данному запросу нет данных
request: GET /maps/gettile?map=yasat&z=17&x=57376&y=22689 HTTP/1.1\r\n

[2010-05-27 12:50:21]
connection::run()
count=561 min=00:00:00 avg=00:00:00.019691 max=00:00:00.343750

[2010-05-27 12:50:21]
my::exception in connectionПо данному запросу нет данных
request: GET /maps/gettile?map=yasat&z=17&x=57376&y=22690 HTTP/1.1\r\n

[2010-05-27 12:50:21]
connection::run()
count=562 min=00:00:00 avg=00:00:00.019684 max=00:00:00.343750

[2010-05-27 12:50:21]
my::exception in connectionПо данному запросу нет данных
request: GET /maps/gettile?map=yasat&z=17&x=57377&y=22689 HTTP/1.1\r\n

[2010-05-27 12:50:21]
connection::run()
count=563 min=00:00:00 avg=00:00:00.019676 max=00:00:00.343750

[2010-05-27 12:50:21]
my::exception in connectionПо данному запросу нет данных
request: GET /maps/gettile?map=yasat&z=17&x=57377&y=22692 HTTP/1.1\r\n

[2010-05-27 12:50:21]
connection::run()
count=564 min=00:00:00 avg=00:00:00.019669 max=00:00:00.343750

[2010-05-27 12:50:21]
my::exception in connectionПо данному запросу нет данных
request: GET /maps/gettile?map=yasat&z=17&x=57378&y=22690 HTTP/1.1\r\n

[2010-05-27 12:50:21]
connection::run()
count=565 min=00:00:00 avg=00:00:00.019662 max=00:00:00.343750

[2010-05-27 12:50:21]
my::exception in connectionПо данному запросу нет данных
request: GET /maps/gettile?map=yasat&z=17&x=57378&y=22692 HTTP/1.1\r\n

[2010-05-27 12:50:21]
connection::run()
count=566 min=00:00:00 avg=00:00:00.019655 max=00:00:00.343750

[2010-05-27 12:50:21]
my::exception in connectionПо данному запросу нет данных
request: GET /maps/gettile?map=yasat&z=17&x=57378&y=22691 HTTP/1.1\r\n

[2010-05-27 12:50:21]
connection::run()
count=567 min=00:00:00 avg=00:00:00.019648 max=00:00:00.343750

[2010-05-27 12:50:21]
my::exception in connectionПо данному запросу нет данных
request: GET /maps/gettile?map=yasat&z=17&x=57378&y=22689 HTTP/1.1\r\n

[2010-05-27 12:50:21]
connection::run()
count=568 min=00:00:00 avg=00:00:00.019613 max=00:00:00.343750

[2010-05-27 12:50:21]
my::exception in connectionПо данному запросу нет данных
request: GET /maps/gettile?map=yasat&z=17&x=57378&y=22688 HTTP/1.1\r\n

[2010-05-27 12:50:21]
connection::run()
count=569 min=00:00:00 avg=00:00:00.019579 max=00:00:00.343750

[2010-05-27 12:50:21]
my::exception in connectionПо данному запросу нет данных
request: GET /maps/gettile?map=yasat&z=17&x=57377&y=22691 HTTP/1.1\r\n

[2010-05-27 12:50:21]
connection::run()
count=570 min=00:00:00 avg=00:00:00.019544 max=00:00:00.343750

[2010-05-27 12:50:21]
my::exception in connectionПо данному запросу нет данных
request: GET /maps/gettile?map=yasat&z=17&x=57377&y=22690 HTTP/1.1\r\n

[2010-05-27 12:50:21]
connection::run()
count=571 min=00:00:00 avg=00:00:00.019510 max=00:00:00.343750

[2010-05-27 12:50:21]
my::exception in connectionПо данному запросу нет данных
request: GET /maps/gettile?map=yasat&z=17&x=57377&y=22688 HTTP/1.1\r\n

[2010-05-27 12:50:21]
connection::run()
count=572 min=00:00:00 avg=00:00:00.019476 max=00:00:00.343750

[2010-05-27 12:50:21]
my::exception in connectionПо данному запросу нет данных
request: GET /maps/gettile?map=yasat&z=17&x=57376&y=22692 HTTP/1.1\r\n

[2010-05-27 12:50:21]
connection::run()
count=573 min=00:00:00 avg=00:00:00.019442 max=00:00:00.343750

[2010-05-27 12:50:21]
my::exception in connectionПо данному запросу нет данных
request: GET /maps/gettile?map=yasat&z=17&x=57376&y=22691 HTTP/1.1\r\n

[2010-05-27 12:50:21]
connection::run()
count=574 min=00:00:00 avg=00:00:00.019408 max=00:00:00.343750

[2010-05-27 12:50:21]
my::exception in connectionПо данному запросу нет данных
request: GET /maps/gettile?map=yasat&z=17&x=57376&y=22688 HTTP/1.1\r\n

[2010-05-27 12:50:21]
connection::run()
count=575 min=00:00:00 avg=00:00:00.019375 max=00:00:00.343750

[2010-05-27 12:50:21]
my::exception in connectionПо данному запросу нет данных
request: GET /maps/gettile?map=yasat&z=17&x=57375&y=22692 HTTP/1.1\r\n

[2010-05-27 12:50:21]
connection::run()
count=576 min=00:00:00 avg=00:00:00.019341 max=00:00:00.343750

[2010-05-27 12:50:21]
my::exception in connectionПо данному запросу нет данных
request: GET /maps/gettile?map=yasat&z=17&x=57375&y=22690 HTTP/1.1\r\n

[2010-05-27 12:50:21]
connection::run()
count=577 min=00:00:00 avg=00:00:00.019307 max=00:00:00.343750

[2010-05-27 12:50:21]
my::exception in connectionПо данному запросу нет данных
request: GET /maps/gettile?map=yasat&z=17&x=57375&y=22689 HTTP/1.1\r\n

[2010-05-27 12:50:21]
connection::run()
count=578 min=00:00:00 avg=00:00:00.019274 max=00:00:00.343750

[2010-05-27 12:50:21]
my::exception in connectionПо данному запросу нет данных
request: GET /maps/gettile?map=yasat&z=17&x=57374&y=22692 HTTP/1.1\r\n

[2010-05-27 12:50:21]
connection::run()
count=579 min=00:00:00 avg=00:00:00.019241 max=00:00:00.343750

[2010-05-27 12:50:21]
my::exception in connectionПо данному запросу нет данных
request: GET /maps/gettile?map=yasat&z=17&x=57374&y=22691 HTTP/1.1\r\n

[2010-05-27 12:50:21]
connection::run()
count=580 min=00:00:00 avg=00:00:00.019207 max=00:00:00.343750

[2010-05-27 12:50:21]
my::exception in connectionПо данному запросу нет данных
request: GET /maps/gettile?map=yasat&z=17&x=57374&y=22689 HTTP/1.1\r\n

[2010-05-27 12:50:21]
connection::run()
count=581 min=00:00:00 avg=00:00:00.019201 max=00:00:00.343750

[2010-05-27 12:50:21]
my::exception in connectionПо данному запросу нет данных
request: GET /maps/gettile?map=yasat&z=17&x=57373&y=22692 HTTP/1.1\r\n

[2010-05-27 12:50:21]
connection::run()
count=582 min=00:00:00 avg=00:00:00.019195 max=00:00:00.343750

[2010-05-27 12:50:21]
my::exception in connectionПо данному запросу нет данных
request: GET /maps/gettile?map=yasat&z=17&x=57373&y=22691 HTTP/1.1\r\n

[2010-05-27 12:50:21]
connection::run()
count=583 min=00:00:00 avg=00:00:00.019162 max=00:00:00.343750

[2010-05-27 12:50:21]
my::exception in connectionПо данному запросу нет данных
request: GET /maps/gettile?map=yasat&z=17&x=57373&y=22690 HTTP/1.1\r\n

[2010-05-27 12:50:21]
connection::run()
count=584 min=00:00:00 avg=00:00:00.019129 max=00:00:00.343750

[2010-05-27 12:50:21]
my::exception in connectionПо данному запросу нет данных
request: GET /maps/gettile?map=yasat&z=17&x=57373&y=22689 HTTP/1.1\r\n

[2010-05-27 12:50:21]
connection::run()
count=585 min=00:00:00 avg=00:00:00.019097 max=00:00:00.343750

[2010-05-27 12:50:25]
connection::run()
count=586 min=00:00:00 avg=00:00:00.019117 max=00:00:00.343750

[2010-05-27 12:50:25]
connection::run()
count=587 min=00:00:00 avg=00:00:00.019138 max=00:00:00.343750

[2010-05-27 12:50:25]
connection::run()
count=588 min=00:00:00 avg=00:00:00.019132 max=00:00:00.343750

[2010-05-27 12:50:25]
connection::run()
count=589 min=00:00:00 avg=00:00:00.019126 max=00:00:00.343750

[2010-05-27 12:50:25]
connection::run()
count=590 min=00:00:00 avg=00:00:00.019120 max=00:00:00.343750

[2010-05-27 12:50:25]
connection::run()
count=591 min=00:00:00 avg=00:00:00.019141 max=00:00:00.343750

[2010-05-27 12:50:28]
connection::run()
count=592 min=00:00:00 avg=00:00:00.019161 max=00:00:00.343750

[2010-05-27 12:50:28]
connection::run()
count=593 min=00:00:00 avg=00:00:00.019155 max=00:00:00.343750

[2010-05-27 12:50:28]
connection::run()
count=594 min=00:00:00 avg=00:00:00.019176 max=00:00:00.343750

[2010-05-27 12:50:28]
connection::run()
count=595 min=00:00:00 avg=00:00:00.019196 max=00:00:00.343750

[2010-05-27 12:50:28]
connection::run()
count=596 min=00:00:00 avg=00:00:00.019242 max=00:00:00.343750

[2010-05-27 12:50:29]
connection::run()
count=597 min=00:00:00 avg=00:00:00.019289 max=00:00:00.343750

[2010-05-27 12:50:29]
connection::run()
count=598 min=00:00:00 avg=00:00:00.019283 max=00:00:00.343750

[2010-05-27 12:50:29]
connection::run()
count=599 min=00:00:00 avg=00:00:00.019276 max=00:00:00.343750

[2010-05-27 12:50:29]
connection::run()
count=600 min=00:00:00 avg=00:00:00.019296 max=00:00:00.343750

[2010-05-27 12:50:29]
connection::run()
count=601 min=00:00:00 avg=00:00:00.019290 max=00:00:00.343750

[2010-05-27 12:50:29]
connection::run()
count=602 min=00:00:00 avg=00:00:00.019336 max=00:00:00.343750

[2010-05-27 12:50:29]
connection::run()
count=603 min=00:00:00 avg=00:00:00.019356 max=00:00:00.343750

[2010-05-27 12:50:29]
connection::run()
count=604 min=00:00:00 avg=00:00:00.019376 max=00:00:00.343750

[2010-05-27 12:50:29]
connection::run()
count=605 min=00:00:00 avg=00:00:00.019395 max=00:00:00.343750

[2010-05-27 12:50:29]
connection::run()
count=606 min=00:00:00 avg=00:00:00.019415 max=00:00:00.343750

[2010-05-27 12:50:29]
connection::run()
count=607 min=00:00:00 avg=00:00:00.019434 max=00:00:00.343750

[2010-05-27 12:50:29]
connection::run()
count=608 min=00:00:00 avg=00:00:00.019454 max=00:00:00.343750

[2010-05-27 12:50:29]
connection::run()
count=609 min=00:00:00 avg=00:00:00.019473 max=00:00:00.343750

[2010-05-27 12:50:30]
connection::run()
count=610 min=00:00:00 avg=00:00:00.019492 max=00:00:00.343750

[2010-05-27 12:50:30]
connection::run()
count=611 min=00:00:00 avg=00:00:00.019486 max=00:00:00.343750

[2010-05-27 12:50:30]
connection::run()
count=612 min=00:00:00 avg=00:00:00.019505 max=00:00:00.343750

[2010-05-27 12:50:30]
connection::run()
count=613 min=00:00:00 avg=00:00:00.019499 max=00:00:00.343750

[2010-05-27 12:50:30]
connection::run()
count=614 min=00:00:00 avg=00:00:00.019493 max=00:00:00.343750

[2010-05-27 12:50:32]
connection::run()
count=615 min=00:00:00 avg=00:00:00.019461 max=00:00:00.343750

[2010-05-27 12:50:32]
connection::run()
count=616 min=00:00:00 avg=00:00:00.019455 max=00:00:00.343750

[2010-05-27 12:50:32]
connection::run()
count=617 min=00:00:00 avg=00:00:00.019448 max=00:00:00.343750

[2010-05-27 12:50:32]
connection::run()
count=618 min=00:00:00 avg=00:00:00.019468 max=00:00:00.343750

[2010-05-27 12:50:32]
my::exception in connectionПо данному запросу нет данных
request: GET /maps/gettile?map=yasat&z=15&x=14344&y=5683 HTTP/1.1\r\n

[2010-05-27 12:50:32]
connection::run()
count=619 min=00:00:00 avg=00:00:00.019461 max=00:00:00.343750

[2010-05-27 12:50:32]
connection::run()
count=620 min=00:00:00 avg=00:00:00.019455 max=00:00:00.343750

[2010-05-27 12:50:32]
connection::run()
count=621 min=00:00:00 avg=00:00:00.019424 max=00:00:00.343750

[2010-05-27 12:50:32]
connection::run()
count=622 min=00:00:00 avg=00:00:00.019443 max=00:00:00.343750

[2010-05-27 12:50:32]
my::exception in connectionПо данному запросу нет данных
request: GET /maps/gettile?map=yasat&z=15&x=14343&y=5683 HTTP/1.1\r\n

[2010-05-27 12:50:32]
connection::run()
count=623 min=00:00:00 avg=00:00:00.019437 max=00:00:00.343750

[2010-05-27 12:50:32]
connection::run()
count=624 min=00:00:00 avg=00:00:00.019431 max=00:00:00.343750

[2010-05-27 12:50:32]
connection::run()
count=625 min=00:00:00 avg=00:00:00.019425 max=00:00:00.343750

[2010-05-27 12:50:32]
connection::run()
count=626 min=00:00:00 avg=00:00:00.019418 max=00:00:00.343750

[2010-05-27 12:50:33]
connection::run()
count=627 min=00:00:00 avg=00:00:00.019412 max=00:00:00.343750

[2010-05-27 12:50:33]
connection::run()
count=628 min=00:00:00 avg=00:00:00.019431 max=00:00:00.343750

[2010-05-27 12:50:33]
connection::run()
count=629 min=00:00:00 avg=00:00:00.019425 max=00:00:00.343750

[2010-05-27 12:50:33]
connection::run()
count=630 min=00:00:00 avg=00:00:00.019419 max=00:00:00.343750

[2010-05-27 12:50:33]
connection::run()
count=631 min=00:00:00 avg=00:00:00.019413 max=00:00:00.343750

[2010-05-27 12:50:33]
connection::run()
count=632 min=00:00:00 avg=00:00:00.019432 max=00:00:00.343750

[2010-05-27 12:50:33]
connection::run()
count=633 min=00:00:00 avg=00:00:00.019426 max=00:00:00.343750

[2010-05-27 12:50:33]
connection::run()
count=634 min=00:00:00 avg=00:00:00.019420 max=00:00:00.343750

[2010-05-27 12:50:33]
connection::run()
count=635 min=00:00:00 avg=00:00:00.019414 max=00:00:00.343750

[2010-05-27 12:50:33]
connection::run()
count=636 min=00:00:00 avg=00:00:00.019432 max=00:00:00.343750

[2010-05-27 12:50:33]
connection::run()
count=637 min=00:00:00 avg=00:00:00.019427 max=00:00:00.343750

[2010-05-27 12:50:33]
connection::run()
count=638 min=00:00:00 avg=00:00:00.019421 max=00:00:00.343750

[2010-05-27 12:50:33]
connection::run()
count=639 min=00:00:00 avg=00:00:00.019439 max=00:00:00.343750

[2010-05-27 12:50:33]
connection::run()
count=640 min=00:00:00 avg=00:00:00.019458 max=00:00:00.343750

[2010-05-27 12:50:33]
connection::run()
count=641 min=00:00:00 avg=00:00:00.019476 max=00:00:00.343750

[2010-05-27 12:50:33]
connection::run()
count=642 min=00:00:00 avg=00:00:00.019470 max=00:00:00.343750

[2010-05-27 12:50:33]
connection::run()
count=643 min=00:00:00 avg=00:00:00.019464 max=00:00:00.343750

[2010-05-27 12:50:33]
connection::run()
count=644 min=00:00:00 avg=00:00:00.019458 max=00:00:00.343750

[2010-05-27 12:50:36]
connection::run()
count=645 min=00:00:00 avg=00:00:00.019476 max=00:00:00.343750

[2010-05-27 12:50:36]
connection::run()
count=646 min=00:00:00 avg=00:00:00.019543 max=00:00:00.343750

[2010-05-27 12:50:36]
connection::run()
count=647 min=00:00:00 avg=00:00:00.019537 max=00:00:00.343750

[2010-05-27 12:50:36]
connection::run()
count=648 min=00:00:00 avg=00:00:00.019531 max=00:00:00.343750

[2010-05-27 12:50:36]
connection::run()
count=649 min=00:00:00 avg=00:00:00.019525 max=00:00:00.343750

[2010-05-27 12:50:36]
connection::run()
count=650 min=00:00:00 avg=00:00:00.019519 max=00:00:00.343750

[2010-05-27 12:50:36]
connection::run()
count=651 min=00:00:00 avg=00:00:00.019513 max=00:00:00.343750

[2010-05-27 12:50:36]
connection::run()
count=652 min=00:00:00 avg=00:00:00.019531 max=00:00:00.343750

[2010-05-27 12:50:36]
connection::run()
count=653 min=00:00:00 avg=00:00:00.019549 max=00:00:00.343750

[2010-05-27 12:50:37]
connection::run()
count=654 min=00:00:00 avg=00:00:00.019543 max=00:00:00.343750

[2010-05-27 12:50:37]
connection::run()
count=655 min=00:00:00 avg=00:00:00.019561 max=00:00:00.343750

[2010-05-27 12:50:37]
connection::run()
count=656 min=00:00:00 avg=00:00:00.019578 max=00:00:00.343750

[2010-05-27 12:50:37]
connection::run()
count=657 min=00:00:00 avg=00:00:00.019572 max=00:00:00.343750

[2010-05-27 12:50:37]
connection::run()
count=658 min=00:00:00 avg=00:00:00.019590 max=00:00:00.343750

[2010-05-27 12:50:37]
connection::run()
count=659 min=00:00:00 avg=00:00:00.019584 max=00:00:00.343750

[2010-05-27 12:50:37]
connection::run()
count=660 min=00:00:00 avg=00:00:00.019602 max=00:00:00.343750

[2010-05-27 12:50:37]
connection::run()
count=661 min=00:00:00 avg=00:00:00.019619 max=00:00:00.343750

[2010-05-27 12:50:37]
connection::run()
count=662 min=00:00:00 avg=00:00:00.019637 max=00:00:00.343750

[2010-05-27 12:50:37]
connection::run()
count=663 min=00:00:00 avg=00:00:00.019654 max=00:00:00.343750

[2010-05-27 12:50:37]
connection::run()
count=664 min=00:00:00 avg=00:00:00.019672 max=00:00:00.343750

[2010-05-27 12:50:37]
connection::run()
count=665 min=00:00:00 avg=00:00:00.019666 max=00:00:00.343750

[2010-05-27 12:50:37]
connection::run()
count=666 min=00:00:00 avg=00:00:00.019683 max=00:00:00.343750

[2010-05-27 12:50:37]
connection::run()
count=667 min=00:00:00 avg=00:00:00.019677 max=00:00:00.343750

[2010-05-27 12:50:37]
connection::run()
count=668 min=00:00:00 avg=00:00:00.019694 max=00:00:00.343750

[2010-05-27 12:50:37]
connection::run()
count=669 min=00:00:00 avg=00:00:00.019712 max=00:00:00.343750

[2010-05-27 12:50:37]
connection::run()
count=670 min=00:00:00 avg=00:00:00.019729 max=00:00:00.343750

[2010-05-27 12:50:37]
connection::run()
count=671 min=00:00:00 avg=00:00:00.019746 max=00:00:00.343750

[2010-05-27 12:50:37]
connection::run()
count=672 min=00:00:00 avg=00:00:00.019763 max=00:00:00.343750

[2010-05-27 12:50:37]
connection::run()
count=673 min=00:00:00 avg=00:00:00.019757 max=00:00:00.343750

[2010-05-27 12:50:38]
connection::run()
count=674 min=00:00:00 avg=00:00:00.019774 max=00:00:00.343750

[2010-05-27 12:50:39]
my::exception in connectionПо данному запросу нет данных
request: GET /maps/gettile?map=yasat&z=17&x=57363&y=22723 HTTP/1.1\r\n

[2010-05-27 12:50:39]
connection::run()
count=675 min=00:00:00 avg=00:00:00.019814 max=00:00:00.343750

[2010-05-27 12:50:39]
my::exception in connectionПо данному запросу нет данных
request: GET /maps/gettile?map=yasat&z=17&x=57365&y=22727 HTTP/1.1\r\n

[2010-05-27 12:50:39]
connection::run()
count=676 min=00:00:00 avg=00:00:00.019808 max=00:00:00.343750

[2010-05-27 12:50:39]
my::exception in connectionПо данному запросу нет данных
request: GET /maps/gettile?map=yasat&z=17&x=57366&y=22727 HTTP/1.1\r\n

[2010-05-27 12:50:39]
connection::run()
count=677 min=00:00:00 avg=00:00:00.019802 max=00:00:00.343750

[2010-05-27 12:50:39]
my::exception in connectionПо данному запросу нет данных
request: GET /maps/gettile?map=yasat&z=17&x=57367&y=22727 HTTP/1.1\r\n

[2010-05-27 12:50:39]
connection::run()
count=678 min=00:00:00 avg=00:00:00.019796 max=00:00:00.343750

[2010-05-27 12:50:39]
my::exception in connectionПо данному запросу нет данных
request: GET /maps/gettile?map=yasat&z=17&x=57368&y=22726 HTTP/1.1\r\n

[2010-05-27 12:50:39]
connection::run()
count=679 min=00:00:00 avg=00:00:00.019790 max=00:00:00.343750

[2010-05-27 12:50:39]
my::exception in connectionПо данному запросу нет данных
request: GET /maps/gettile?map=yasat&z=17&x=57368&y=22727 HTTP/1.1\r\n

[2010-05-27 12:50:39]
connection::run()
count=680 min=00:00:00 avg=00:00:00.019761 max=00:00:00.343750

[2010-05-27 12:50:39]
my::exception in connectionПо данному запросу нет данных
request: GET /maps/gettile?map=yasat&z=17&x=57368&y=22725 HTTP/1.1\r\n

[2010-05-27 12:50:39]
connection::run()
count=681 min=00:00:00 avg=00:00:00.019754 max=00:00:00.343750

[2010-05-27 12:50:39]
my::exception in connectionПо данному запросу нет данных
request: GET /maps/gettile?map=yasat&z=17&x=57368&y=22724 HTTP/1.1\r\n

[2010-05-27 12:50:39]
connection::run()
count=682 min=00:00:00 avg=00:00:00.019725 max=00:00:00.343750

[2010-05-27 12:50:39]
my::exception in connectionПо данному запросу нет данных
request: GET /maps/gettile?map=yasat&z=17&x=57368&y=22723 HTTP/1.1\r\n

[2010-05-27 12:50:39]
connection::run()
count=683 min=00:00:00 avg=00:00:00.019697 max=00:00:00.343750

[2010-05-27 12:50:39]
my::exception in connectionПо данному запросу нет данных
request: GET /maps/gettile?map=yasat&z=17&x=57367&y=22726 HTTP/1.1\r\n

[2010-05-27 12:50:40]
connection::run()
count=684 min=00:00:00 avg=00:00:00.019668 max=00:00:00.343750

[2010-05-27 12:50:40]
my::exception in connectionПо данному запросу нет данных
request: GET /maps/gettile?map=yasat&z=17&x=57367&y=22725 HTTP/1.1\r\n

[2010-05-27 12:50:40]
connection::run()
count=685 min=00:00:00 avg=00:00:00.019662 max=00:00:00.343750

[2010-05-27 12:50:40]
my::exception in connectionПо данному запросу нет данных
request: GET /maps/gettile?map=yasat&z=17&x=57367&y=22724 HTTP/1.1\r\n

[2010-05-27 12:50:40]
connection::run()
count=686 min=00:00:00 avg=00:00:00.019656 max=00:00:00.343750

[2010-05-27 12:50:40]
my::exception in connectionПо данному запросу нет данных
request: GET /maps/gettile?map=yasat&z=17&x=57367&y=22723 HTTP/1.1\r\n

[2010-05-27 12:50:40]
connection::run()
count=687 min=00:00:00 avg=00:00:00.019627 max=00:00:00.343750

[2010-05-27 12:50:40]
my::exception in connectionПо данному запросу нет данных
request: GET /maps/gettile?map=yasat&z=17&x=57366&y=22726 HTTP/1.1\r\n

[2010-05-27 12:50:40]
connection::run()
count=688 min=00:00:00 avg=00:00:00.019599 max=00:00:00.343750

[2010-05-27 12:50:40]
my::exception in connectionПо данному запросу нет данных
request: GET /maps/gettile?map=yasat&z=17&x=57366&y=22725 HTTP/1.1\r\n

[2010-05-27 12:50:40]
connection::run()
count=689 min=00:00:00 avg=00:00:00.019570 max=00:00:00.343750

[2010-05-27 12:50:40]
my::exception in connectionПо данному запросу нет данных
request: GET /maps/gettile?map=yasat&z=17&x=57366&y=22724 HTTP/1.1\r\n

[2010-05-27 12:50:40]
connection::run()
count=690 min=00:00:00 avg=00:00:00.019565 max=00:00:00.343750

[2010-05-27 12:50:40]
my::exception in connectionПо данному запросу нет данных
request: GET /maps/gettile?map=yasat&z=17&x=57366&y=22723 HTTP/1.1\r\n

[2010-05-27 12:50:40]
connection::run()
count=691 min=00:00:00 avg=00:00:00.019559 max=00:00:00.343750

[2010-05-27 12:50:40]
my::exception in connectionПо данному запросу нет данных
request: GET /maps/gettile?map=yasat&z=17&x=57365&y=22726 HTTP/1.1\r\n

[2010-05-27 12:50:40]
connection::run()
count=692 min=00:00:00 avg=00:00:00.019531 max=00:00:00.343750

[2010-05-27 12:50:40]
my::exception in connectionПо данному запросу нет данных
request: GET /maps/gettile?map=yasat&z=17&x=57365&y=22725 HTTP/1.1\r\n

[2010-05-27 12:50:40]
connection::run()
count=693 min=00:00:00 avg=00:00:00.019503 max=00:00:00.343750

[2010-05-27 12:50:40]
my::exception in connectionПо данному запросу нет данных
request: GET /maps/gettile?map=yasat&z=17&x=57365&y=22724 HTTP/1.1\r\n

[2010-05-27 12:50:40]
connection::run()
count=694 min=00:00:00 avg=00:00:00.019474 max=00:00:00.343750

[2010-05-27 12:50:40]
my::exception in connectionПо данному запросу нет данных
request: GET /maps/gettile?map=yasat&z=17&x=57365&y=22723 HTTP/1.1\r\n

[2010-05-27 12:50:40]
connection::run()
count=695 min=00:00:00 avg=00:00:00.019469 max=00:00:00.343750

[2010-05-27 12:50:40]
my::exception in connectionПо данному запросу нет данных
request: GET /maps/gettile?map=yasat&z=17&x=57364&y=22727 HTTP/1.1\r\n

[2010-05-27 12:50:40]
connection::run()
count=696 min=00:00:00 avg=00:00:00.019508 max=00:00:00.343750

[2010-05-27 12:50:40]
my::exception in connectionПо данному запросу нет данных
request: GET /maps/gettile?map=yasat&z=17&x=57364&y=22726 HTTP/1.1\r\n

[2010-05-27 12:50:40]
connection::run()
count=697 min=00:00:00 avg=00:00:00.019480 max=00:00:00.343750

[2010-05-27 12:50:40]
my::exception in connectionПо данному запросу нет данных
request: GET /maps/gettile?map=yasat&z=17&x=57364&y=22725 HTTP/1.1\r\n

[2010-05-27 12:50:40]
connection::run()
count=698 min=00:00:00 avg=00:00:00.019475 max=00:00:00.343750

[2010-05-27 12:50:40]
my::exception in connectionПо данному запросу нет данных
request: GET /maps/gettile?map=yasat&z=17&x=57364&y=22724 HTTP/1.1\r\n

[2010-05-27 12:50:40]
connection::run()
count=699 min=00:00:00 avg=00:00:00.019447 max=00:00:00.343750

[2010-05-27 12:50:40]
my::exception in connectionПо данному запросу нет данных
request: GET /maps/gettile?map=yasat&z=17&x=57364&y=22723 HTTP/1.1\r\n

[2010-05-27 12:50:40]
connection::run()
count=700 min=00:00:00 avg=00:00:00.019419 max=00:00:00.343750

[2010-05-27 12:50:40]
my::exception in connectionПо данному запросу нет данных
request: GET /maps/gettile?map=yasat&z=17&x=57363&y=22727 HTTP/1.1\r\n

[2010-05-27 12:50:40]
connection::run()
count=701 min=00:00:00 avg=00:00:00.019391 max=00:00:00.343750

[2010-05-27 12:50:40]
my::exception in connectionПо данному запросу нет данных
request: GET /maps/gettile?map=yasat&z=17&x=57363&y=22726 HTTP/1.1\r\n

[2010-05-27 12:50:40]
connection::run()
count=702 min=00:00:00 avg=00:00:00.019386 max=00:00:00.343750

[2010-05-27 12:50:40]
my::exception in connectionПо данному запросу нет данных
request: GET /maps/gettile?map=yasat&z=17&x=57363&y=22725 HTTP/1.1\r\n

[2010-05-27 12:50:40]
connection::run()
count=703 min=00:00:00 avg=00:00:00.019358 max=00:00:00.343750

[2010-05-27 12:50:40]
my::exception in connectionПо данному запросу нет данных
request: GET /maps/gettile?map=yasat&z=17&x=57363&y=22724 HTTP/1.1\r\n

[2010-05-27 12:50:40]
connection::run()
count=704 min=00:00:00 avg=00:00:00.019353 max=00:00:00.343750

[2010-05-27 12:55:02]
Break

