[2010-05-28 00:07:47]
Start
Debug: 0.5.0 alpha [build 66] 27.05.2010 08:43:18

[2010-05-28 00:08:28]
connection::run() time=00:00:00.031252

[2010-05-28 00:08:28]
connection::run() count=2 total=00:00:00.046878 avg=00:00:00.023439 min=00:00:00.015626 max=00:00:00.031252

[2010-05-28 00:08:29]
connection::run() count=3 total=00:00:00.265641 avg=00:00:00.088547 min=00:00:00.015626 max=00:00:00.218763

[2010-05-28 00:08:29]
connection::run() count=4 total=00:00:00.281267 avg=00:00:00.070316 min=00:00:00.015626 max=00:00:00.218763

[2010-05-28 00:08:31]
connection::run() count=5 total=00:00:00.281267 avg=00:00:00.056253 min=00:00:00 max=00:00:00.218763

[2010-05-28 00:08:32]
connection::run() count=6 total=00:00:00.296893 avg=00:00:00.049482 min=00:00:00 max=00:00:00.218763

[2010-05-28 00:08:32]
connection::run() count=7 total=00:00:00.312519 avg=00:00:00.044645 min=00:00:00 max=00:00:00.218763

[2010-05-28 00:08:34]
connection::run() count=8 total=00:00:00.312519 avg=00:00:00.039064 min=00:00:00 max=00:00:00.218763

[2010-05-28 00:08:36]
connection::run() count=9 total=00:00:00.312519 avg=00:00:00.034724 min=00:00:00 max=00:00:00.218763

[2010-05-28 00:08:37]
connection::run() count=10 total=00:00:00.312519 avg=00:00:00.031251 min=00:00:00 max=00:00:00.218763

[2010-05-28 00:08:38]
connection::run() count=11 total=00:00:00.312519 avg=00:00:00.028410 min=00:00:00 max=00:00:00.218763

[2010-05-28 00:08:40]
connection::run() count=12 total=00:00:00.312519 avg=00:00:00.026043 min=00:00:00 max=00:00:00.218763

[2010-05-28 00:08:40]
connection::run() count=13 total=00:00:00.312519 avg=00:00:00.024039 min=00:00:00 max=00:00:00.218763

[2010-05-28 00:08:40]
connection::run() count=14 total=00:00:00.312519 avg=00:00:00.022322 min=00:00:00 max=00:00:00.218763

[2010-05-28 00:08:42]
connection::run() count=15 total=00:00:00.328145 avg=00:00:00.021876 min=00:00:00 max=00:00:00.218763

[2010-05-28 00:08:44]
connection::run() count=16 total=00:00:00.343770 avg=00:00:00.021485 min=00:00:00 max=00:00:00.218763

[2010-05-28 00:08:44]
connection::run() count=17 total=00:00:00.359396 avg=00:00:00.021140 min=00:00:00 max=00:00:00.218763

[2010-05-28 00:08:45]
connection::run() count=18 total=00:00:00.375022 avg=00:00:00.020834 min=00:00:00 max=00:00:00.218763

[2010-05-28 00:08:47]
connection::run() count=19 total=00:00:00.375022 avg=00:00:00.019738 min=00:00:00 max=00:00:00.218763

[2010-05-28 00:08:47]
connection::run() count=20 total=00:00:00.390647 avg=00:00:00.019532 min=00:00:00 max=00:00:00.218763

[2010-05-28 00:08:49]
connection::run() count=21 total=00:00:00.406273 avg=00:00:00.019346 min=00:00:00 max=00:00:00.218763

[2010-05-28 00:08:50]
connection::run() count=22 total=00:00:00.406273 avg=00:00:00.018466 min=00:00:00 max=00:00:00.218763

[2010-05-28 00:08:50]
connection::run() count=23 total=00:00:00.406273 avg=00:00:00.017664 min=00:00:00 max=00:00:00.218763

[2010-05-28 00:08:52]
connection::run() count=24 total=00:00:00.406273 avg=00:00:00.016928 min=00:00:00 max=00:00:00.218763

[2010-05-28 00:08:54]
connection::run() count=25 total=00:00:00.406273 avg=00:00:00.016250 min=00:00:00 max=00:00:00.218763

[2010-05-28 00:08:56]
connection::run() count=26 total=00:00:00.406273 avg=00:00:00.015625 min=00:00:00 max=00:00:00.218763

[2010-05-28 00:08:57]
connection::run() count=27 total=00:00:00.406273 avg=00:00:00.015047 min=00:00:00 max=00:00:00.218763

[2010-05-28 00:08:57]
connection::run() count=28 total=00:00:00.406273 avg=00:00:00.014509 min=00:00:00 max=00:00:00.218763

[2010-05-28 00:08:59]
connection::run() count=29 total=00:00:00.406273 avg=00:00:00.014009 min=00:00:00 max=00:00:00.218763

[2010-05-28 00:09:01]
connection::run() count=30 total=00:00:00.406273 avg=00:00:00.013542 min=00:00:00 max=00:00:00.218763

[2010-05-28 00:09:03]
connection::run() count=31 total=00:00:00.406273 avg=00:00:00.013105 min=00:00:00 max=00:00:00.218763

[2010-05-28 00:09:03]
connection::run() count=32 total=00:00:00.406273 avg=00:00:00.012696 min=00:00:00 max=00:00:00.218763

[2010-05-28 00:09:04]
connection::run() count=33 total=00:00:00.406273 avg=00:00:00.012311 min=00:00:00 max=00:00:00.218763

[2010-05-28 00:09:06]
connection::run() count=34 total=00:00:00.421898 avg=00:00:00.012408 min=00:00:00 max=00:00:00.218763

[2010-05-28 00:09:06]
connection::run() count=35 total=00:00:00.421898 avg=00:00:00.012054 min=00:00:00 max=00:00:00.218763

[2010-05-28 00:09:08]
connection::run() count=36 total=00:00:00.437524 avg=00:00:00.012153 min=00:00:00 max=00:00:00.218763

[2010-05-28 00:09:09]
connection::run() count=37 total=00:00:00.453149 avg=00:00:00.012247 min=00:00:00 max=00:00:00.218763

[2010-05-28 00:09:09]
connection::run() count=38 total=00:00:00.453149 avg=00:00:00.011924 min=00:00:00 max=00:00:00.218763

[2010-05-28 00:09:09]
connection::run() count=39 total=00:00:00.453149 avg=00:00:00.011619 min=00:00:00 max=00:00:00.218763

[2010-05-28 00:09:11]
connection::run() count=40 total=00:00:00.453149 avg=00:00:00.011328 min=00:00:00 max=00:00:00.218763

[2010-05-28 00:09:12]
connection::run() count=41 total=00:00:00.453149 avg=00:00:00.011052 min=00:00:00 max=00:00:00.218763

[2010-05-28 00:09:12]
connection::run() count=42 total=00:00:00.453149 avg=00:00:00.010789 min=00:00:00 max=00:00:00.218763

[2010-05-28 00:09:14]
connection::run() count=43 total=00:00:00.453149 avg=00:00:00.010538 min=00:00:00 max=00:00:00.218763

[2010-05-28 00:09:15]
connection::run() count=44 total=00:00:00.453149 avg=00:00:00.010298 min=00:00:00 max=00:00:00.218763

[2010-05-28 00:09:17]
connection::run() count=45 total=00:00:00.453149 avg=00:00:00.010069 min=00:00:00 max=00:00:00.218763

[2010-05-28 00:09:19]
connection::run() count=46 total=00:00:00.453149 avg=00:00:00.009851 min=00:00:00 max=00:00:00.218763

[2010-05-28 00:09:20]
connection::run() count=47 total=00:00:00.453149 avg=00:00:00.009641 min=00:00:00 max=00:00:00.218763

[2010-05-28 00:09:22]
connection::run() count=48 total=00:00:00.453149 avg=00:00:00.009440 min=00:00:00 max=00:00:00.218763

[2010-05-28 00:10:34]
Break

