[2010-05-28 00:49:31]
Start
Debug: 0.5.0 alpha [build 66] 27.05.2010 08:43:18

[2010-05-28 00:51:20]
connection::run() time=00:00:00.031250

[2010-05-28 00:51:20]
connection::run() count=2 total=00:00:00.046875 avg=00:00:00.023437 min=00:00:00.015625 max=00:00:00.031250

[2010-05-28 00:51:20]
connection::run() count=3 total=00:00:00.046875 avg=00:00:00.015625 min=00:00:00 max=00:00:00.031250

[2010-05-28 00:51:20]
connection::run() count=4 total=00:00:00.046875 avg=00:00:00.011718 min=00:00:00 max=00:00:00.031250

[2010-05-28 00:51:20]
connection::run() count=5 total=00:00:00.062500 avg=00:00:00.012500 min=00:00:00 max=00:00:00.031250

[2010-05-28 00:51:20]
connection::run() count=6 total=00:00:00.062500 avg=00:00:00.010416 min=00:00:00 max=00:00:00.031250

[2010-05-28 00:51:20]
connection::run() count=7 total=00:00:00.078125 avg=00:00:00.011160 min=00:00:00 max=00:00:00.031250

[2010-05-28 00:51:20]
connection::run() count=8 total=00:00:00.078125 avg=00:00:00.009765 min=00:00:00 max=00:00:00.031250

[2010-05-28 00:51:21]
connection::run() count=9 total=00:00:00.343750 avg=00:00:00.038194 min=00:00:00 max=00:00:00.265625

[2010-05-28 00:51:21]
connection::run() count=10 total=00:00:00.390625 avg=00:00:00.039062 min=00:00:00 max=00:00:00.265625

[2010-05-28 00:51:23]
connection::run() count=11 total=00:00:00.390625 avg=00:00:00.035511 min=00:00:00 max=00:00:00.265625

[2010-05-28 00:51:25]
connection::run() count=12 total=00:00:00.406250 avg=00:00:00.033854 min=00:00:00 max=00:00:00.265625

[2010-05-28 00:51:25]
connection::run() count=13 total=00:00:00.406250 avg=00:00:00.031250 min=00:00:00 max=00:00:00.265625

[2010-05-28 00:51:27]
connection::run() count=14 total=00:00:00.421875 avg=00:00:00.030133 min=00:00:00 max=00:00:00.265625

[2010-05-28 00:51:29]
connection::run() count=15 total=00:00:00.421875 avg=00:00:00.028125 min=00:00:00 max=00:00:00.265625

[2010-05-28 00:51:29]
connection::run() count=16 total=00:00:00.421875 avg=00:00:00.026367 min=00:00:00 max=00:00:00.265625

[2010-05-28 00:51:30]
connection::run() count=17 total=00:00:00.453125 avg=00:00:00.026654 min=00:00:00 max=00:00:00.265625

[2010-05-28 00:51:31]
connection::run() count=18 total=00:00:00.484375 avg=00:00:00.026909 min=00:00:00 max=00:00:00.265625

[2010-05-28 00:51:33]
connection::run() count=19 total=00:00:00.531250 avg=00:00:00.027960 min=00:00:00 max=00:00:00.265625

[2010-05-28 00:51:34]
connection::run() count=20 total=00:00:00.531250 avg=00:00:00.026562 min=00:00:00 max=00:00:00.265625

[2010-05-28 00:51:36]
connection::run() count=21 total=00:00:00.546875 avg=00:00:00.026041 min=00:00:00 max=00:00:00.265625

[2010-05-28 00:51:37]
connection::run() count=22 total=00:00:00.578125 avg=00:00:00.026278 min=00:00:00 max=00:00:00.265625

[2010-05-28 00:51:39]
connection::run() count=23 total=00:00:00.593750 avg=00:00:00.025815 min=00:00:00 max=00:00:00.265625

[2010-05-28 00:51:39]
connection::run() count=24 total=00:00:00.593750 avg=00:00:00.024739 min=00:00:00 max=00:00:00.265625

[2010-05-28 00:51:41]
connection::run() count=25 total=00:00:00.609375 avg=00:00:00.024375 min=00:00:00 max=00:00:00.265625

[2010-05-28 00:51:42]
connection::run() count=26 total=00:00:00.609375 avg=00:00:00.023437 min=00:00:00 max=00:00:00.265625

[2010-05-28 00:51:44]
connection::run() count=27 total=00:00:00.625000 avg=00:00:00.023148 min=00:00:00 max=00:00:00.265625

[2010-05-28 00:51:45]
connection::run() count=28 total=00:00:00.625000 avg=00:00:00.022321 min=00:00:00 max=00:00:00.265625

[2010-05-28 00:51:47]
connection::run() count=29 total=00:00:00.640625 avg=00:00:00.022090 min=00:00:00 max=00:00:00.265625

[2010-05-28 00:51:48]
connection::run() count=30 total=00:00:00.656250 avg=00:00:00.021875 min=00:00:00 max=00:00:00.265625

[2010-05-28 00:51:50]
connection::run() count=31 total=00:00:00.671875 avg=00:00:00.021673 min=00:00:00 max=00:00:00.265625

[2010-05-28 00:51:51]
connection::run() count=32 total=00:00:00.671875 avg=00:00:00.020996 min=00:00:00 max=00:00:00.265625

[2010-05-28 00:51:51]
connection::run() count=33 total=00:00:00.671875 avg=00:00:00.020359 min=00:00:00 max=00:00:00.265625

[2010-05-28 00:51:53]
connection::run() count=34 total=00:00:00.671875 avg=00:00:00.019761 min=00:00:00 max=00:00:00.265625

[2010-05-28 00:51:53]
connection::run() count=35 total=00:00:00.687500 avg=00:00:00.019642 min=00:00:00 max=00:00:00.265625

[2010-05-28 00:51:55]
connection::run() count=36 total=00:00:00.703125 avg=00:00:00.019531 min=00:00:00 max=00:00:00.265625

[2010-05-28 00:51:56]
connection::run() count=37 total=00:00:00.703125 avg=00:00:00.019003 min=00:00:00 max=00:00:00.265625

[2010-05-28 00:51:58]
connection::run() count=38 total=00:00:00.703125 avg=00:00:00.018503 min=00:00:00 max=00:00:00.265625

[2010-05-28 00:51:59]
connection::run() count=39 total=00:00:00.703125 avg=00:00:00.018028 min=00:00:00 max=00:00:00.265625

[2010-05-28 00:52:00]
connection::run() count=40 total=00:00:00.718750 avg=00:00:00.017968 min=00:00:00 max=00:00:00.265625

[2010-05-28 00:52:02]
connection::run() count=41 total=00:00:00.734375 avg=00:00:00.017911 min=00:00:00 max=00:00:00.265625

[2010-05-28 00:52:03]
connection::run() count=42 total=00:00:00.734375 avg=00:00:00.017485 min=00:00:00 max=00:00:00.265625

[2010-05-28 00:52:05]
connection::run() count=43 total=00:00:00.750000 avg=00:00:00.017441 min=00:00:00 max=00:00:00.265625

[2010-05-28 00:52:06]
connection::run() count=44 total=00:00:00.765625 avg=00:00:00.017400 min=00:00:00 max=00:00:00.265625

[2010-05-28 00:52:08]
connection::run() count=45 total=00:00:00.765625 avg=00:00:00.017013 min=00:00:00 max=00:00:00.265625

[2010-05-28 00:52:10]
connection::run() count=46 total=00:00:00.781250 avg=00:00:00.016983 min=00:00:00 max=00:00:00.265625

[2010-05-28 00:52:10]
connection::run() count=47 total=00:00:00.781250 avg=00:00:00.016622 min=00:00:00 max=00:00:00.265625

[2010-05-28 00:52:12]
connection::run() count=48 total=00:00:00.796875 avg=00:00:00.016601 min=00:00:00 max=00:00:00.265625

[2010-05-28 00:52:14]
connection::run() count=49 total=00:00:00.796875 avg=00:00:00.016262 min=00:00:00 max=00:00:00.265625

[2010-05-28 00:52:16]
connection::run() count=50 total=00:00:00.796875 avg=00:00:00.015937 min=00:00:00 max=00:00:00.265625

[2010-05-28 00:52:16]
connection::run() count=51 total=00:00:00.812500 avg=00:00:00.015931 min=00:00:00 max=00:00:00.265625

[2010-05-28 00:52:17]
connection::run() count=52 total=00:00:00.828125 avg=00:00:00.015925 min=00:00:00 max=00:00:00.265625

[2010-05-28 00:52:19]
connection::run() count=53 total=00:00:00.828125 avg=00:00:00.015625 min=00:00:00 max=00:00:00.265625

[2010-05-28 00:52:19]
connection::run() count=54 total=00:00:00.828125 avg=00:00:00.015335 min=00:00:00 max=00:00:00.265625

[2010-05-28 00:52:21]
connection::run() count=55 total=00:00:00.843750 avg=00:00:00.015340 min=00:00:00 max=00:00:00.265625

[2010-05-28 00:52:22]
connection::run() count=56 total=00:00:00.859375 avg=00:00:00.015345 min=00:00:00 max=00:00:00.265625

[2010-05-28 00:52:24]
connection::run() count=57 total=00:00:00.859375 avg=00:00:00.015076 min=00:00:00 max=00:00:00.265625

[2010-05-28 00:52:25]
connection::run() count=58 total=00:00:00.875000 avg=00:00:00.015086 min=00:00:00 max=00:00:00.265625

[2010-05-28 00:52:27]
connection::run() count=59 total=00:00:00.875000 avg=00:00:00.014830 min=00:00:00 max=00:00:00.265625

[2010-05-28 00:52:27]
connection::run() count=60 total=00:00:00.875000 avg=00:00:00.014583 min=00:00:00 max=00:00:00.265625

[2010-05-28 00:52:28]
connection::run() count=61 total=00:00:00.890625 avg=00:00:00.014600 min=00:00:00 max=00:00:00.265625

[2010-05-28 00:52:30]
connection::run() count=62 total=00:00:00.906250 avg=00:00:00.014616 min=00:00:00 max=00:00:00.265625

[2010-05-28 00:52:31]
connection::run() count=63 total=00:00:00.906250 avg=00:00:00.014384 min=00:00:00 max=00:00:00.265625

[2010-05-28 00:52:33]
connection::run() count=64 total=00:00:00.921875 avg=00:00:00.014404 min=00:00:00 max=00:00:00.265625

[2010-05-28 00:52:34]
connection::run() count=65 total=00:00:00.921875 avg=00:00:00.014182 min=00:00:00 max=00:00:00.265625

[2010-05-28 00:52:36]
connection::run() count=66 total=00:00:00.921875 avg=00:00:00.013967 min=00:00:00 max=00:00:00.265625

[2010-05-28 00:52:36]
connection::run() count=67 total=00:00:00.921875 avg=00:00:00.013759 min=00:00:00 max=00:00:00.265625

[2010-05-28 00:52:38]
connection::run() count=68 total=00:00:00.921875 avg=00:00:00.013556 min=00:00:00 max=00:00:00.265625

[2010-05-28 00:52:39]
connection::run() count=69 total=00:00:00.921875 avg=00:00:00.013360 min=00:00:00 max=00:00:00.265625

[2010-05-28 00:52:41]
connection::run() count=70 total=00:00:00.937500 avg=00:00:00.013392 min=00:00:00 max=00:00:00.265625

[2010-05-28 00:52:42]
connection::run() count=71 total=00:00:00.937500 avg=00:00:00.013204 min=00:00:00 max=00:00:00.265625

[2010-05-28 00:52:44]
connection::run() count=72 total=00:00:00.953125 avg=00:00:00.013237 min=00:00:00 max=00:00:00.265625

[2010-05-28 00:52:45]
connection::run() count=73 total=00:00:01 avg=00:00:00.013698 min=00:00:00 max=00:00:00.265625

[2010-05-28 00:52:45]
connection::run() count=74 total=00:00:01.046875 avg=00:00:00.014146 min=00:00:00 max=00:00:00.265625

[2010-05-28 00:52:47]
connection::run() count=75 total=00:00:01.062500 avg=00:00:00.014166 min=00:00:00 max=00:00:00.265625

[2010-05-28 00:52:48]
connection::run() count=76 total=00:00:01.109375 avg=00:00:00.014597 min=00:00:00 max=00:00:00.265625

[2010-05-28 00:52:50]
connection::run() count=77 total=00:00:01.140625 avg=00:00:00.014813 min=00:00:00 max=00:00:00.265625

[2010-05-28 00:52:52]
connection::run() count=78 total=00:00:01.156250 avg=00:00:00.014823 min=00:00:00 max=00:00:00.265625

[2010-05-28 00:52:52]
connection::run() count=79 total=00:00:01.156250 avg=00:00:00.014636 min=00:00:00 max=00:00:00.265625

[2010-05-28 00:52:53]
connection::run() count=80 total=00:00:01.171875 avg=00:00:00.014648 min=00:00:00 max=00:00:00.265625

[2010-05-28 00:52:55]
connection::run() count=81 total=00:00:01.187500 avg=00:00:00.014660 min=00:00:00 max=00:00:00.265625

[2010-05-28 00:53:46]
connection::run() count=82 total=00:00:01.234375 avg=00:00:00.015053 min=00:00:00 max=00:00:00.265625

[2010-05-28 00:53:48]
connection::run() count=83 total=00:00:01.234375 avg=00:00:00.014871 min=00:00:00 max=00:00:00.265625

[2010-05-28 00:53:50]
connection::run() count=84 total=00:00:01.250000 avg=00:00:00.014880 min=00:00:00 max=00:00:00.265625

[2010-05-28 00:53:51]
connection::run() count=85 total=00:00:01.265625 avg=00:00:00.014889 min=00:00:00 max=00:00:00.265625

[2010-05-28 00:53:52]
connection::run() count=86 total=00:00:01.281250 avg=00:00:00.014898 min=00:00:00 max=00:00:00.265625

[2010-05-28 00:53:53]
connection::run() count=87 total=00:00:01.296875 avg=00:00:00.014906 min=00:00:00 max=00:00:00.265625

[2010-05-28 00:53:54]
connection::run() count=88 total=00:00:01.312500 avg=00:00:00.014914 min=00:00:00 max=00:00:00.265625

[2010-05-28 00:53:54]
connection::run() count=89 total=00:00:01.328125 avg=00:00:00.014922 min=00:00:00 max=00:00:00.265625

[2010-05-28 00:53:55]
connection::run() count=90 total=00:00:01.328125 avg=00:00:00.014756 min=00:00:00 max=00:00:00.265625

[2010-05-28 00:53:56]
connection::run() count=91 total=00:00:01.343750 avg=00:00:00.014766 min=00:00:00 max=00:00:00.265625

[2010-05-28 00:53:57]
connection::run() count=92 total=00:00:01.359375 avg=00:00:00.014775 min=00:00:00 max=00:00:00.265625

[2010-05-28 00:53:58]
connection::run() count=93 total=00:00:01.375000 avg=00:00:00.014784 min=00:00:00 max=00:00:00.265625

[2010-05-28 00:53:59]
connection::run() count=94 total=00:00:01.390625 avg=00:00:00.014793 min=00:00:00 max=00:00:00.265625

[2010-05-28 00:53:59]
connection::run() count=95 total=00:00:01.406250 avg=00:00:00.014802 min=00:00:00 max=00:00:00.265625

[2010-05-28 00:54:00]
connection::run() count=96 total=00:00:01.421875 avg=00:00:00.014811 min=00:00:00 max=00:00:00.265625

[2010-05-28 00:54:01]
connection::run() count=97 total=00:00:01.437500 avg=00:00:00.014819 min=00:00:00 max=00:00:00.265625

[2010-05-28 00:54:02]
connection::run() count=98 total=00:00:01.453125 avg=00:00:00.014827 min=00:00:00 max=00:00:00.265625

[2010-05-28 00:54:03]
connection::run() count=99 total=00:00:01.468750 avg=00:00:00.014835 min=00:00:00 max=00:00:00.265625

[2010-05-28 00:54:03]
connection::run() count=100 total=00:00:01.484375 avg=00:00:00.014843 min=00:00:00 max=00:00:00.265625

[2010-05-28 00:54:04]
connection::run() count=101 total=00:00:01.484375 avg=00:00:00.014696 min=00:00:00 max=00:00:00.265625

[2010-05-28 00:54:04]
connection::run() count=102 total=00:00:01.500000 avg=00:00:00.014705 min=00:00:00 max=00:00:00.265625

[2010-05-28 00:54:04]
connection::run() count=103 total=00:00:01.515625 avg=00:00:00.014714 min=00:00:00 max=00:00:00.265625

[2010-05-28 00:54:05]
connection::run() count=104 total=00:00:01.531250 avg=00:00:00.014723 min=00:00:00 max=00:00:00.265625

[2010-05-28 00:54:05]
connection::run() count=105 total=00:00:01.546875 avg=00:00:00.014732 min=00:00:00 max=00:00:00.265625

[2010-05-28 00:54:06]
connection::run() count=106 total=00:00:01.562500 avg=00:00:00.014740 min=00:00:00 max=00:00:00.265625

[2010-05-28 00:54:07]
connection::run() count=107 total=00:00:01.562500 avg=00:00:00.014602 min=00:00:00 max=00:00:00.265625

[2010-05-28 00:54:07]
connection::run() count=108 total=00:00:01.609375 avg=00:00:00.014901 min=00:00:00 max=00:00:00.265625

[2010-05-28 00:54:07]
connection::run() count=109 total=00:00:01.625000 avg=00:00:00.014908 min=00:00:00 max=00:00:00.265625

[2010-05-28 00:54:08]
connection::run() count=110 total=00:00:01.687500 avg=00:00:00.015340 min=00:00:00 max=00:00:00.265625

[2010-05-28 00:54:09]
connection::run() count=111 total=00:00:01.687500 avg=00:00:00.015202 min=00:00:00 max=00:00:00.265625

[2010-05-28 00:54:09]
connection::run() count=112 total=00:00:01.703125 avg=00:00:00.015206 min=00:00:00 max=00:00:00.265625

[2010-05-28 00:54:10]
connection::run() count=113 total=00:00:01.718750 avg=00:00:00.015210 min=00:00:00 max=00:00:00.265625

[2010-05-28 00:54:11]
connection::run() count=114 total=00:00:01.718750 avg=00:00:00.015076 min=00:00:00 max=00:00:00.265625

[2010-05-28 00:54:12]
connection::run() count=115 total=00:00:01.734375 avg=00:00:00.015081 min=00:00:00 max=00:00:00.265625

[2010-05-28 00:54:13]
connection::run() count=116 total=00:00:01.765625 avg=00:00:00.015220 min=00:00:00 max=00:00:00.265625

[2010-05-28 00:54:13]
connection::run() count=117 total=00:00:01.781250 avg=00:00:00.015224 min=00:00:00 max=00:00:00.265625

[2010-05-28 00:54:13]
connection::run() count=118 total=00:00:01.796875 avg=00:00:00.015227 min=00:00:00 max=00:00:00.265625

[2010-05-28 00:54:14]
connection::run() count=119 total=00:00:01.812500 avg=00:00:00.015231 min=00:00:00 max=00:00:00.265625

[2010-05-28 00:54:15]
connection::run() count=120 total=00:00:01.828125 avg=00:00:00.015234 min=00:00:00 max=00:00:00.265625

[2010-05-28 00:54:16]
connection::run() count=121 total=00:00:01.843750 avg=00:00:00.015237 min=00:00:00 max=00:00:00.265625

[2010-05-28 00:54:17]
connection::run() count=122 total=00:00:01.859375 avg=00:00:00.015240 min=00:00:00 max=00:00:00.265625

[2010-05-28 00:54:18]
connection::run() count=123 total=00:00:01.875000 avg=00:00:00.015243 min=00:00:00 max=00:00:00.265625

[2010-05-28 00:54:19]
connection::run() count=124 total=00:00:01.890625 avg=00:00:00.015246 min=00:00:00 max=00:00:00.265625

[2010-05-28 00:54:20]
connection::run() count=125 total=00:00:01.906250 avg=00:00:00.015250 min=00:00:00 max=00:00:00.265625

[2010-05-28 00:54:21]
connection::run() count=126 total=00:00:01.921875 avg=00:00:00.015252 min=00:00:00 max=00:00:00.265625

[2010-05-28 00:54:22]
connection::run() count=127 total=00:00:01.937500 avg=00:00:00.015255 min=00:00:00 max=00:00:00.265625

[2010-05-28 00:54:23]
connection::run() count=128 total=00:00:01.968750 avg=00:00:00.015380 min=00:00:00 max=00:00:00.265625

[2010-05-28 00:54:23]
connection::run() count=129 total=00:00:02 avg=00:00:00.015503 min=00:00:00 max=00:00:00.265625

[2010-05-28 00:54:24]
connection::run() count=130 total=00:00:02.015625 avg=00:00:00.015504 min=00:00:00 max=00:00:00.265625

[2010-05-28 00:54:25]
connection::run() count=131 total=00:00:02.031250 avg=00:00:00.015505 min=00:00:00 max=00:00:00.265625

[2010-05-28 00:54:26]
connection::run() count=132 total=00:00:02.046875 avg=00:00:00.015506 min=00:00:00 max=00:00:00.265625

[2010-05-28 00:54:27]
connection::run() count=133 total=00:00:02.062500 avg=00:00:00.015507 min=00:00:00 max=00:00:00.265625

[2010-05-28 00:54:28]
connection::run() count=134 total=00:00:02.078125 avg=00:00:00.015508 min=00:00:00 max=00:00:00.265625

[2010-05-28 00:54:29]
connection::run() count=135 total=00:00:02.093750 avg=00:00:00.015509 min=00:00:00 max=00:00:00.265625

[2010-05-28 00:54:30]
connection::run() count=136 total=00:00:02.109375 avg=00:00:00.015510 min=00:00:00 max=00:00:00.265625

[2010-05-28 00:54:31]
connection::run() count=137 total=00:00:02.109375 avg=00:00:00.015396 min=00:00:00 max=00:00:00.265625

[2010-05-28 00:54:32]
connection::run() count=138 total=00:00:02.125000 avg=00:00:00.015398 min=00:00:00 max=00:00:00.265625

[2010-05-28 00:54:33]
connection::run() count=139 total=00:00:02.140625 avg=00:00:00.015400 min=00:00:00 max=00:00:00.265625

[2010-05-28 00:54:34]
connection::run() count=140 total=00:00:02.156250 avg=00:00:00.015401 min=00:00:00 max=00:00:00.265625

[2010-05-28 00:54:35]
connection::run() count=141 total=00:00:02.171875 avg=00:00:00.015403 min=00:00:00 max=00:00:00.265625

[2010-05-28 00:54:36]
connection::run() count=142 total=00:00:02.187500 avg=00:00:00.015404 min=00:00:00 max=00:00:00.265625

[2010-05-28 00:54:37]
connection::run() count=143 total=00:00:02.203125 avg=00:00:00.015406 min=00:00:00 max=00:00:00.265625

[2010-05-28 00:54:37]
connection::run() count=144 total=00:00:02.218750 avg=00:00:00.015407 min=00:00:00 max=00:00:00.265625

[2010-05-28 00:54:38]
connection::run() count=145 total=00:00:02.234375 avg=00:00:00.015409 min=00:00:00 max=00:00:00.265625

[2010-05-28 00:54:39]
connection::run() count=146 total=00:00:02.250000 avg=00:00:00.015410 min=00:00:00 max=00:00:00.265625

[2010-05-28 00:54:39]
connection::run() count=147 total=00:00:02.265625 avg=00:00:00.015412 min=00:00:00 max=00:00:00.265625

[2010-05-28 00:54:40]
connection::run() count=148 total=00:00:02.281250 avg=00:00:00.015413 min=00:00:00 max=00:00:00.265625

[2010-05-28 00:54:41]
connection::run() count=149 total=00:00:02.296875 avg=00:00:00.015415 min=00:00:00 max=00:00:00.265625

[2010-05-28 00:54:42]
connection::run() count=150 total=00:00:02.312500 avg=00:00:00.015416 min=00:00:00 max=00:00:00.265625

[2010-05-28 00:54:42]
connection::run() count=151 total=00:00:02.328125 avg=00:00:00.015418 min=00:00:00 max=00:00:00.265625

[2010-05-28 00:54:42]
connection::run() count=152 total=00:00:02.343750 avg=00:00:00.015419 min=00:00:00 max=00:00:00.265625

[2010-05-28 00:54:43]
connection::run() count=153 total=00:00:02.343750 avg=00:00:00.015318 min=00:00:00 max=00:00:00.265625

[2010-05-28 00:54:44]
connection::run() count=154 total=00:00:02.359375 avg=00:00:00.015320 min=00:00:00 max=00:00:00.265625

[2010-05-28 00:54:44]
connection::run() count=155 total=00:00:02.375000 avg=00:00:00.015322 min=00:00:00 max=00:00:00.265625

[2010-05-28 00:54:44]
connection::run() count=156 total=00:00:02.390625 avg=00:00:00.015324 min=00:00:00 max=00:00:00.265625

[2010-05-28 00:54:44]
connection::run() count=157 total=00:00:02.406250 avg=00:00:00.015326 min=00:00:00 max=00:00:00.265625

[2010-05-28 00:54:45]
connection::run() count=158 total=00:00:02.421875 avg=00:00:00.015328 min=00:00:00 max=00:00:00.265625

[2010-05-28 00:54:46]
connection::run() count=159 total=00:00:02.437500 avg=00:00:00.015330 min=00:00:00 max=00:00:00.265625

[2010-05-28 00:54:47]
connection::run() count=160 total=00:00:02.453125 avg=00:00:00.015332 min=00:00:00 max=00:00:00.265625

[2010-05-28 00:54:48]
connection::run() count=161 total=00:00:02.468750 avg=00:00:00.015333 min=00:00:00 max=00:00:00.265625

[2010-05-28 00:54:49]
connection::run() count=162 total=00:00:02.468750 avg=00:00:00.015239 min=00:00:00 max=00:00:00.265625

[2010-05-28 00:54:49]
connection::run() count=163 total=00:00:02.515625 avg=00:00:00.015433 min=00:00:00 max=00:00:00.265625

[2010-05-28 00:54:49]
connection::run() count=164 total=00:00:02.531250 avg=00:00:00.015434 min=00:00:00 max=00:00:00.265625

[2010-05-28 00:54:50]
connection::run() count=165 total=00:00:02.562500 avg=00:00:00.015530 min=00:00:00 max=00:00:00.265625

[2010-05-28 00:54:50]
connection::run() count=166 total=00:00:02.593750 avg=00:00:00.015625 min=00:00:00 max=00:00:00.265625

[2010-05-28 00:54:51]
connection::run() count=167 total=00:00:02.640625 avg=00:00:00.015812 min=00:00:00 max=00:00:00.265625

[2010-05-28 00:54:53]
connection::run() count=168 total=00:00:02.671875 avg=00:00:00.015904 min=00:00:00 max=00:00:00.265625

[2010-05-28 00:54:55]
connection::run() count=169 total=00:00:02.687500 avg=00:00:00.015902 min=00:00:00 max=00:00:00.265625

[2010-05-28 00:54:57]
connection::run() count=170 total=00:00:02.703125 avg=00:00:00.015900 min=00:00:00 max=00:00:00.265625

[2010-05-28 00:54:57]
connection::run() count=171 total=00:00:02.703125 avg=00:00:00.015807 min=00:00:00 max=00:00:00.265625

[2010-05-28 00:54:59]
connection::run() count=172 total=00:00:02.703125 avg=00:00:00.015715 min=00:00:00 max=00:00:00.265625

[2010-05-28 00:56:25]
Break

